<?xml version="1.0" encoding="UTF-8"?>
<testsuite name="org.springframework.security.samples.config.SecurityConfigTests" tests="5" skipped="0" failures="0" errors="0" timestamp="2017-10-31T13:24:27" hostname="DESKTOP-AB1JH69" time="1.029">
  <properties/>
  <testcase name="requestProtectedResourceRequiresAuthentication" classname="org.springframework.security.samples.config.SecurityConfigTests" time="0.132"/>
  <testcase name="logoutSuccess" classname="org.springframework.security.samples.config.SecurityConfigTests" time="0.024"/>
  <testcase name="loginFailure" classname="org.springframework.security.samples.config.SecurityConfigTests" time="0.012"/>
  <testcase name="requestProtectedResourceWithUser" classname="org.springframework.security.samples.config.SecurityConfigTests" time="0.845"/>
  <testcase name="loginSuccess" classname="org.springframework.security.samples.config.SecurityConfigTests" time="0.008"/>
  <system-out><![CDATA[21:24:23.524 [Test worker] DEBUG o.s.t.c.j.SpringJUnit4ClassRunner - SpringJUnit4ClassRunner constructor called with [class org.springframework.security.samples.config.SecurityConfigTests]
21:24:23.532 [Test worker] DEBUG o.s.test.context.BootstrapUtils - Instantiating CacheAwareContextLoaderDelegate from class [org.springframework.test.context.cache.DefaultCacheAwareContextLoaderDelegate]
21:24:23.540 [Test worker] DEBUG o.s.test.context.BootstrapUtils - Instantiating BootstrapContext using constructor [public org.springframework.test.context.support.DefaultBootstrapContext(java.lang.Class,org.springframework.test.context.CacheAwareContextLoaderDelegate)]
21:24:23.556 [Test worker] DEBUG o.s.test.context.BootstrapUtils - Instantiating TestContextBootstrapper for test class [org.springframework.security.samples.config.SecurityConfigTests] from class [org.springframework.test.context.web.WebTestContextBootstrapper]
21:24:23.584 [Test worker] DEBUG o.s.t.c.s.AbstractDelegatingSmartContextLoader - Delegating to AnnotationConfigWebContextLoader to process context configuration [ContextConfigurationAttributes@170ed8ca declaringClass = 'org.springframework.security.samples.config.SecurityConfigTests', classes = '{class org.springframework.security.samples.config.RootConfiguration, class org.springframework.security.samples.mvc.config.WebMvcConfiguration}', locations = '{}', inheritLocations = true, initializers = '{}', inheritInitializers = true, name = [null], contextLoaderClass = 'org.springframework.test.context.ContextLoader'].
21:24:23.604 [Test worker] DEBUG o.s.t.c.support.ActiveProfilesUtils - Could not find an 'annotation declaring class' for annotation type [org.springframework.test.context.ActiveProfiles] and class [org.springframework.security.samples.config.SecurityConfigTests]
21:24:23.604 [Test worker] DEBUG o.s.t.c.w.WebTestContextBootstrapper - @TestExecutionListeners is not present for class [org.springframework.security.samples.config.SecurityConfigTests]: using defaults.
21:24:23.608 [Test worker] INFO  o.s.t.c.w.WebTestContextBootstrapper - Loaded default TestExecutionListener class names from location [META-INF/spring.factories]: [org.springframework.test.context.web.ServletTestExecutionListener, org.springframework.test.context.support.DirtiesContextBeforeModesTestExecutionListener, org.springframework.test.context.support.DependencyInjectionTestExecutionListener, org.springframework.test.context.support.DirtiesContextTestExecutionListener, org.springframework.test.context.transaction.TransactionalTestExecutionListener, org.springframework.test.context.jdbc.SqlScriptsTestExecutionListener, org.springframework.security.test.context.support.WithSecurityContextTestExecutionListener]
21:24:23.624 [Test worker] INFO  o.s.t.c.w.WebTestContextBootstrapper - Using TestExecutionListeners: [org.springframework.test.context.web.ServletTestExecutionListener@3e59c54e, org.springframework.test.context.support.DirtiesContextBeforeModesTestExecutionListener@1218fa0, org.springframework.test.context.support.DependencyInjectionTestExecutionListener@39b2aca4, org.springframework.test.context.support.DirtiesContextTestExecutionListener@2e3a7e98, org.springframework.test.context.transaction.TransactionalTestExecutionListener@5e39ada4, org.springframework.test.context.jdbc.SqlScriptsTestExecutionListener@53e8654c, org.springframework.security.test.context.support.WithSecurityContextTestExecutionListener@7f933419]
21:24:23.628 [Test worker] DEBUG o.s.t.annotation.ProfileValueUtils - Retrieved @ProfileValueSourceConfiguration [null] for test class [org.springframework.security.samples.config.SecurityConfigTests]
21:24:23.628 [Test worker] DEBUG o.s.t.annotation.ProfileValueUtils - Retrieved ProfileValueSource type [class org.springframework.test.annotation.SystemProfileValueSource] for class [org.springframework.security.samples.config.SecurityConfigTests]
21:24:23.632 [Test worker] DEBUG o.s.t.annotation.ProfileValueUtils - Retrieved @ProfileValueSourceConfiguration [null] for test class [org.springframework.security.samples.config.SecurityConfigTests]
21:24:23.632 [Test worker] DEBUG o.s.t.annotation.ProfileValueUtils - Retrieved ProfileValueSource type [class org.springframework.test.annotation.SystemProfileValueSource] for class [org.springframework.security.samples.config.SecurityConfigTests]
21:24:23.636 [Test worker] DEBUG o.s.t.c.s.AbstractDirtiesContextTestExecutionListener - Before test class: context [DefaultTestContext@61233546 testClass = SecurityConfigTests, testInstance = [null], testMethod = [null], testException = [null], mergedContextConfiguration = [WebMergedContextConfiguration@65a4aa49 testClass = SecurityConfigTests, locations = '{}', classes = '{class org.springframework.security.samples.config.RootConfiguration, class org.springframework.security.samples.mvc.config.WebMvcConfiguration}', contextInitializerClasses = '[]', activeProfiles = '{}', propertySourceLocations = '{}', propertySourceProperties = '{}', contextCustomizers = set[[empty]], resourceBasePath = 'src/main/webapp', contextLoader = 'org.springframework.test.context.web.WebDelegatingSmartContextLoader', parent = [null]]], class annotated with @DirtiesContext [false] with mode [null].
21:24:23.640 [Test worker] DEBUG o.s.t.annotation.ProfileValueUtils - Retrieved @ProfileValueSourceConfiguration [null] for test class [org.springframework.security.samples.config.SecurityConfigTests]
21:24:23.640 [Test worker] DEBUG o.s.t.annotation.ProfileValueUtils - Retrieved ProfileValueSource type [class org.springframework.test.annotation.SystemProfileValueSource] for class [org.springframework.security.samples.config.SecurityConfigTests]
21:24:23.640 [Test worker] DEBUG o.s.t.c.s.AbstractDelegatingSmartContextLoader - Delegating to AnnotationConfigWebContextLoader to load context from [WebMergedContextConfiguration@65a4aa49 testClass = SecurityConfigTests, locations = '{}', classes = '{class org.springframework.security.samples.config.RootConfiguration, class org.springframework.security.samples.mvc.config.WebMvcConfiguration}', contextInitializerClasses = '[]', activeProfiles = '{}', propertySourceLocations = '{}', propertySourceProperties = '{}', contextCustomizers = set[[empty]], resourceBasePath = 'src/main/webapp', contextLoader = 'org.springframework.test.context.web.WebDelegatingSmartContextLoader', parent = [null]].
21:24:23.644 [Test worker] DEBUG o.s.t.c.w.AbstractGenericWebContextLoader - Loading WebApplicationContext for merged context configuration [WebMergedContextConfiguration@65a4aa49 testClass = SecurityConfigTests, locations = '{}', classes = '{class org.springframework.security.samples.config.RootConfiguration, class org.springframework.security.samples.mvc.config.WebMvcConfiguration}', contextInitializerClasses = '[]', activeProfiles = '{}', propertySourceLocations = '{}', propertySourceProperties = '{}', contextCustomizers = set[[empty]], resourceBasePath = 'src/main/webapp', contextLoader = 'org.springframework.test.context.web.WebDelegatingSmartContextLoader', parent = [null]].
21:24:23.704 [Test worker] DEBUG o.s.w.c.s.StandardServletEnvironment - Adding [servletConfigInitParams] PropertySource with lowest search precedence
21:24:23.704 [Test worker] DEBUG o.s.w.c.s.StandardServletEnvironment - Adding [servletContextInitParams] PropertySource with lowest search precedence
21:24:23.708 [Test worker] DEBUG o.s.w.c.s.StandardServletEnvironment - Adding [systemProperties] PropertySource with lowest search precedence
21:24:23.708 [Test worker] DEBUG o.s.w.c.s.StandardServletEnvironment - Adding [systemEnvironment] PropertySource with lowest search precedence
21:24:23.708 [Test worker] DEBUG o.s.w.c.s.StandardServletEnvironment - Initialized StandardServletEnvironment with PropertySources [servletConfigInitParams,servletContextInitParams,systemProperties,systemEnvironment]
21:24:23.708 [Test worker] DEBUG o.s.t.c.w.AnnotationConfigWebContextLoader - Registering annotated classes: {class org.springframework.security.samples.config.RootConfiguration, class org.springframework.security.samples.mvc.config.WebMvcConfiguration}
21:24:23.764 [Test worker] INFO  o.s.w.c.s.GenericWebApplicationContext - Refreshing org.springframework.web.context.support.GenericWebApplicationContext@b5edc2f: startup date [Tue Oct 31 21:24:23 CST 2017]; root of context hierarchy
21:24:23.768 [Test worker] DEBUG o.s.w.c.s.StandardServletEnvironment - Replacing [servletContextInitParams] PropertySource with [servletContextInitParams]
21:24:23.768 [Test worker] DEBUG o.s.w.c.s.GenericWebApplicationContext - Bean factory for org.springframework.web.context.support.GenericWebApplicationContext@b5edc2f: org.springframework.beans.factory.support.DefaultListableBeanFactory@456df243: defining beans [org.springframework.context.annotation.internalConfigurationAnnotationProcessor,org.springframework.context.annotation.internalAutowiredAnnotationProcessor,org.springframework.context.annotation.internalRequiredAnnotationProcessor,org.springframework.context.annotation.internalCommonAnnotationProcessor,org.springframework.context.annotation.internalPersistenceAnnotationProcessor,org.springframework.context.event.internalEventListenerProcessor,org.springframework.context.event.internalEventListenerFactory,rootConfiguration,webMvcConfiguration]; root of factory hierarchy
21:24:23.780 [Test worker] DEBUG o.s.b.f.s.DefaultListableBeanFactory - Registering scope 'request' with implementation [org.springframework.web.context.request.RequestScope@1d776fe2]
21:24:23.780 [Test worker] DEBUG o.s.b.f.s.DefaultListableBeanFactory - Registering scope 'session' with implementation [org.springframework.web.context.request.SessionScope@64e7261d]
21:24:23.780 [Test worker] DEBUG o.s.b.f.s.DefaultListableBeanFactory - Registering scope 'globalSession' with implementation [org.springframework.web.context.request.SessionScope@42c95d1c]
21:24:23.784 [Test worker] DEBUG o.s.b.f.s.DefaultListableBeanFactory - Registering scope 'application' with implementation [org.springframework.web.context.support.ServletContextScope@4721eaa6]
21:24:23.792 [Test worker] DEBUG o.s.b.f.s.DefaultListableBeanFactory - Creating shared instance of singleton bean 'org.springframework.context.annotation.internalConfigurationAnnotationProcessor'
21:24:23.792 [Test worker] DEBUG o.s.b.f.s.DefaultListableBeanFactory - Creating instance of bean 'org.springframework.context.annotation.internalConfigurationAnnotationProcessor'
21:24:23.812 [Test worker] DEBUG o.s.b.f.s.DefaultListableBeanFactory - Eagerly caching bean 'org.springframework.context.annotation.internalConfigurationAnnotationProcessor' to allow for resolving potential circular references
21:24:23.816 [Test worker] DEBUG o.s.b.f.s.DefaultListableBeanFactory - Finished creating instance of bean 'org.springframework.context.annotation.internalConfigurationAnnotationProcessor'
21:24:23.840 [Test worker] DEBUG o.s.core.env.StandardEnvironment - Adding [systemProperties] PropertySource with lowest search precedence
21:24:23.840 [Test worker] DEBUG o.s.core.env.StandardEnvironment - Adding [systemEnvironment] PropertySource with lowest search precedence
21:24:23.840 [Test worker] DEBUG o.s.core.env.StandardEnvironment - Initialized StandardEnvironment with PropertySources [systemProperties,systemEnvironment]
21:24:23.844 [Test worker] DEBUG o.s.c.i.s.PathMatchingResourcePatternResolver - Resolved classpath location [org/springframework/security/samples/config/] to resources [URL [file:/D:/spring-security-4.2.2.RELEASE/samples/javaconfig/inmemory/build/classes/test/org/springframework/security/samples/config/], URL [file:/D:/spring-security-4.2.2.RELEASE/samples/javaconfig/inmemory/build/classes/main/org/springframework/security/samples/config/], URL [jar:file:/D:/spring-security-4.2.2.RELEASE/samples/javaconfig/messages/build/libs/spring-security-samples-javaconfig-messages-4.2.2.RELEASE.jar!/org/springframework/security/samples/config/]]
21:24:23.844 [Test worker] DEBUG o.s.c.i.s.PathMatchingResourcePatternResolver - Looking for matching resources in directory tree [D:\spring-security-4.2.2.RELEASE\samples\javaconfig\inmemory\build\classes\test\org\springframework\security\samples\config]
21:24:23.844 [Test worker] DEBUG o.s.c.i.s.PathMatchingResourcePatternResolver - Searching directory [D:\spring-security-4.2.2.RELEASE\samples\javaconfig\inmemory\build\classes\test\org\springframework\security\samples\config] for files matching pattern [D:/spring-security-4.2.2.RELEASE/samples/javaconfig/inmemory/build/classes/test/org/springframework/security/samples/config/**/*.class]
21:24:23.848 [Test worker] DEBUG o.s.c.i.s.PathMatchingResourcePatternResolver - Looking for matching resources in directory tree [D:\spring-security-4.2.2.RELEASE\samples\javaconfig\inmemory\build\classes\main\org\springframework\security\samples\config]
21:24:23.848 [Test worker] DEBUG o.s.c.i.s.PathMatchingResourcePatternResolver - Searching directory [D:\spring-security-4.2.2.RELEASE\samples\javaconfig\inmemory\build\classes\main\org\springframework\security\samples\config] for files matching pattern [D:/spring-security-4.2.2.RELEASE/samples/javaconfig/inmemory/build/classes/main/org/springframework/security/samples/config/**/*.class]
21:24:23.852 [Test worker] DEBUG o.s.c.i.s.PathMatchingResourcePatternResolver - Looking for matching resources in jar file [file:/D:/spring-security-4.2.2.RELEASE/samples/javaconfig/messages/build/libs/spring-security-samples-javaconfig-messages-4.2.2.RELEASE.jar]
21:24:23.852 [Test worker] DEBUG o.s.c.i.s.PathMatchingResourcePatternResolver - Resolved location pattern [classpath*:org/springframework/security/samples/config/**/*.class] to resources [file [D:\spring-security-4.2.2.RELEASE\samples\javaconfig\inmemory\build\classes\test\org\springframework\security\samples\config\SecurityConfigTests.class], file [D:\spring-security-4.2.2.RELEASE\samples\javaconfig\inmemory\build\classes\main\org\springframework\security\samples\config\MessageSecurityWebApplicationInitializer.class], file [D:\spring-security-4.2.2.RELEASE\samples\javaconfig\inmemory\build\classes\main\org\springframework\security\samples\config\SecurityConfig.class], URL [jar:file:/D:/spring-security-4.2.2.RELEASE/samples/javaconfig/messages/build/libs/spring-security-samples-javaconfig-messages-4.2.2.RELEASE.jar!/org/springframework/security/samples/config/DataConfiguration.class], URL [jar:file:/D:/spring-security-4.2.2.RELEASE/samples/javaconfig/messages/build/libs/spring-security-samples-javaconfig-messages-4.2.2.RELEASE.jar!/org/springframework/security/samples/config/MessageWebApplicationInitializer.class], URL [jar:file:/D:/spring-security-4.2.2.RELEASE/samples/javaconfig/messages/build/libs/spring-security-samples-javaconfig-messages-4.2.2.RELEASE.jar!/org/springframework/security/samples/config/RootConfiguration.class]]
21:24:23.880 [Test worker] DEBUG o.s.c.a.ClassPathBeanDefinitionScanner - Identified candidate component class: file [D:\spring-security-4.2.2.RELEASE\samples\javaconfig\inmemory\build\classes\main\org\springframework\security\samples\config\SecurityConfig.class]
21:24:23.892 [Test worker] DEBUG o.s.c.a.ClassPathBeanDefinitionScanner - Identified candidate component class: URL [jar:file:/D:/spring-security-4.2.2.RELEASE/samples/javaconfig/messages/build/libs/spring-security-samples-javaconfig-messages-4.2.2.RELEASE.jar!/org/springframework/security/samples/config/DataConfiguration.class]
21:24:23.972 [Test worker] DEBUG o.s.core.env.StandardEnvironment - Adding [systemProperties] PropertySource with lowest search precedence
21:24:23.972 [Test worker] DEBUG o.s.core.env.StandardEnvironment - Adding [systemEnvironment] PropertySource with lowest search precedence
21:24:23.976 [Test worker] DEBUG o.s.core.env.StandardEnvironment - Initialized StandardEnvironment with PropertySources [systemProperties,systemEnvironment]
21:24:23.976 [Test worker] DEBUG o.s.c.i.s.PathMatchingResourcePatternResolver - Resolved classpath location [org/springframework/security/samples/mvc/] to resources [URL [jar:file:/D:/spring-security-4.2.2.RELEASE/samples/javaconfig/messages/build/libs/spring-security-samples-javaconfig-messages-4.2.2.RELEASE.jar!/org/springframework/security/samples/mvc/]]
21:24:23.976 [Test worker] DEBUG o.s.c.i.s.PathMatchingResourcePatternResolver - Looking for matching resources in jar file [file:/D:/spring-security-4.2.2.RELEASE/samples/javaconfig/messages/build/libs/spring-security-samples-javaconfig-messages-4.2.2.RELEASE.jar]
21:24:23.976 [Test worker] DEBUG o.s.c.i.s.PathMatchingResourcePatternResolver - Resolved location pattern [classpath*:org/springframework/security/samples/mvc/**/*.class] to resources [URL [jar:file:/D:/spring-security-4.2.2.RELEASE/samples/javaconfig/messages/build/libs/spring-security-samples-javaconfig-messages-4.2.2.RELEASE.jar!/org/springframework/security/samples/mvc/config/WebMvcConfiguration.class], URL [jar:file:/D:/spring-security-4.2.2.RELEASE/samples/javaconfig/messages/build/libs/spring-security-samples-javaconfig-messages-4.2.2.RELEASE.jar!/org/springframework/security/samples/mvc/DefaultController.class], URL [jar:file:/D:/spring-security-4.2.2.RELEASE/samples/javaconfig/messages/build/libs/spring-security-samples-javaconfig-messages-4.2.2.RELEASE.jar!/org/springframework/security/samples/mvc/MessageController.class]]
21:24:23.984 [Test worker] DEBUG o.s.c.a.ClassPathBeanDefinitionScanner - Identified candidate component class: URL [jar:file:/D:/spring-security-4.2.2.RELEASE/samples/javaconfig/messages/build/libs/spring-security-samples-javaconfig-messages-4.2.2.RELEASE.jar!/org/springframework/security/samples/mvc/DefaultController.class]
21:24:23.988 [Test worker] DEBUG o.s.c.a.ClassPathBeanDefinitionScanner - Identified candidate component class: URL [jar:file:/D:/spring-security-4.2.2.RELEASE/samples/javaconfig/messages/build/libs/spring-security-samples-javaconfig-messages-4.2.2.RELEASE.jar!/org/springframework/security/samples/mvc/MessageController.class]
21:24:24.057 [Test worker] DEBUG o.s.c.a.ConfigurationClassBeanDefinitionReader - Registered bean definition for imported class 'org.springframework.security.config.annotation.configuration.ObjectPostProcessorConfiguration'
21:24:24.057 [Test worker] DEBUG o.s.c.a.ConfigurationClassBeanDefinitionReader - Registering bean definition for @Bean method org.springframework.security.config.annotation.configuration.ObjectPostProcessorConfiguration.objectPostProcessor()
21:24:24.057 [Test worker] DEBUG o.s.c.a.ConfigurationClassBeanDefinitionReader - Registered bean definition for imported class 'org.springframework.security.config.annotation.authentication.configuration.AuthenticationConfiguration'
21:24:24.061 [Test worker] DEBUG o.s.c.a.ConfigurationClassBeanDefinitionReader - Registering bean definition for @Bean method org.springframework.security.config.annotation.authentication.configuration.AuthenticationConfiguration.authenticationManagerBuilder()
21:24:24.061 [Test worker] DEBUG o.s.c.a.ConfigurationClassBeanDefinitionReader - Registering bean definition for @Bean method org.springframework.security.config.annotation.authentication.configuration.AuthenticationConfiguration.enableGlobalAuthenticationAutowiredConfigurer()
21:24:24.061 [Test worker] DEBUG o.s.c.a.ConfigurationClassBeanDefinitionReader - Registering bean definition for @Bean method org.springframework.security.config.annotation.authentication.configuration.AuthenticationConfiguration.initializeUserDetailsBeanManagerConfigurer()
21:24:24.061 [Test worker] DEBUG o.s.c.a.ConfigurationClassBeanDefinitionReader - Registering bean definition for @Bean method org.springframework.security.config.annotation.authentication.configuration.AuthenticationConfiguration.initializeAuthenticationProviderBeanManagerConfigurer()
21:24:24.061 [Test worker] DEBUG o.s.c.a.ConfigurationClassBeanDefinitionReader - Registered bean definition for imported class 'org.springframework.security.config.annotation.web.configuration.WebSecurityConfiguration'
21:24:24.061 [Test worker] DEBUG o.s.c.a.ConfigurationClassBeanDefinitionReader - Registering bean definition for @Bean method org.springframework.security.config.annotation.web.configuration.WebSecurityConfiguration.delegatingApplicationListener()
21:24:24.061 [Test worker] DEBUG o.s.c.a.ConfigurationClassBeanDefinitionReader - Registering bean definition for @Bean method org.springframework.security.config.annotation.web.configuration.WebSecurityConfiguration.webSecurityExpressionHandler()
21:24:24.061 [Test worker] DEBUG o.s.c.a.ConfigurationClassBeanDefinitionReader - Registering bean definition for @Bean method org.springframework.security.config.annotation.web.configuration.WebSecurityConfiguration.springSecurityFilterChain()
21:24:24.061 [Test worker] DEBUG o.s.c.a.ConfigurationClassBeanDefinitionReader - Registering bean definition for @Bean method org.springframework.security.config.annotation.web.configuration.WebSecurityConfiguration.privilegeEvaluator()
21:24:24.061 [Test worker] DEBUG o.s.c.a.ConfigurationClassBeanDefinitionReader - Registering bean definition for @Bean method org.springframework.security.config.annotation.web.configuration.WebSecurityConfiguration.autowiredWebSecurityConfigurersIgnoreParents()
21:24:24.061 [Test worker] DEBUG o.s.c.a.ConfigurationClassBeanDefinitionReader - Registered bean definition for imported class 'org.springframework.security.config.annotation.web.configuration.WebMvcSecurityConfiguration'
21:24:24.061 [Test worker] DEBUG o.s.c.a.ConfigurationClassBeanDefinitionReader - Registering bean definition for @Bean method org.springframework.security.config.annotation.web.configuration.WebMvcSecurityConfiguration.requestDataValueProcessor()
21:24:24.061 [Test worker] DEBUG o.s.c.a.ConfigurationClassBeanDefinitionReader - Registering bean definition for @Bean method org.springframework.security.samples.config.DataConfiguration.dataSource()
21:24:24.065 [Test worker] DEBUG o.s.c.a.ConfigurationClassBeanDefinitionReader - Registering bean definition for @Bean method org.springframework.security.samples.config.DataConfiguration.entityManagerFactory()
21:24:24.065 [Test worker] DEBUG o.s.c.a.ConfigurationClassBeanDefinitionReader - Registering bean definition for @Bean method org.springframework.security.samples.config.DataConfiguration.initDatabase()
21:24:24.065 [Test worker] DEBUG o.s.c.a.ConfigurationClassBeanDefinitionReader - Registering bean definition for @Bean method org.springframework.security.samples.config.DataConfiguration.transactionManager()
21:24:24.073 [Test worker] DEBUG o.s.core.env.StandardEnvironment - Adding [systemProperties] PropertySource with lowest search precedence
21:24:24.073 [Test worker] DEBUG o.s.core.env.StandardEnvironment - Adding [systemEnvironment] PropertySource with lowest search precedence
21:24:24.073 [Test worker] DEBUG o.s.core.env.StandardEnvironment - Initialized StandardEnvironment with PropertySources [systemProperties,systemEnvironment]
21:24:24.077 [Test worker] DEBUG o.s.c.i.s.PathMatchingResourcePatternResolver - Resolved classpath location [org/springframework/data/] to resources [URL [jar:file:/D:/soft/gradle-2.9/.gradle/caches/modules-2/files-2.1/org.springframework.data/spring-data-jpa/1.10.2.RELEASE/5da5131a02365790d38469cd3bae778e4891daff/spring-data-jpa-1.10.2.RELEASE.jar!/org/springframework/data/], URL [jar:file:/D:/soft/gradle-2.9/.gradle/caches/modules-2/files-2.1/org.springframework.data/spring-data-commons/1.12.2.RELEASE/a827ed936b8685c19eecda0abb86fb86193ddffc/spring-data-commons-1.12.2.RELEASE.jar!/org/springframework/data/]]
21:24:24.077 [Test worker] DEBUG o.s.c.i.s.PathMatchingResourcePatternResolver - Looking for matching resources in jar file [file:/D:/soft/gradle-2.9/.gradle/caches/modules-2/files-2.1/org.springframework.data/spring-data-jpa/1.10.2.RELEASE/5da5131a02365790d38469cd3bae778e4891daff/spring-data-jpa-1.10.2.RELEASE.jar]
21:24:24.085 [Test worker] DEBUG o.s.c.i.s.PathMatchingResourcePatternResolver - Looking for matching resources in jar file [file:/D:/soft/gradle-2.9/.gradle/caches/modules-2/files-2.1/org.springframework.data/spring-data-commons/1.12.2.RELEASE/a827ed936b8685c19eecda0abb86fb86193ddffc/spring-data-commons-1.12.2.RELEASE.jar]
21:24:24.097 [Test worker] DEBUG o.s.c.i.s.PathMatchingResourcePatternResolver - Resolved location pattern [classpath*:org/springframework/data/**/repository/support/**/*.class] to resources [URL [jar:file:/D:/soft/gradle-2.9/.gradle/caches/modules-2/files-2.1/org.springframework.data/spring-data-jpa/1.10.2.RELEASE/5da5131a02365790d38469cd3bae778e4891daff/spring-data-jpa-1.10.2.RELEASE.jar!/org/springframework/data/jpa/repository/support/CrudMethodMetadata.class], URL [jar:file:/D:/soft/gradle-2.9/.gradle/caches/modules-2/files-2.1/org.springframework.data/spring-data-jpa/1.10.2.RELEASE/5da5131a02365790d38469cd3bae778e4891daff/spring-data-jpa-1.10.2.RELEASE.jar!/org/springframework/data/jpa/repository/support/CrudMethodMetadataPostProcessor$1.class], URL [jar:file:/D:/soft/gradle-2.9/.gradle/caches/modules-2/files-2.1/org.springframework.data/spring-data-jpa/1.10.2.RELEASE/5da5131a02365790d38469cd3bae778e4891daff/spring-data-jpa-1.10.2.RELEASE.jar!/org/springframework/data/jpa/repository/support/CrudMethodMetadataPostProcessor$CrudMethodMetadataPopulatingMethodInterceptor.class], URL [jar:file:/D:/soft/gradle-2.9/.gradle/caches/modules-2/files-2.1/org.springframework.data/spring-data-jpa/1.10.2.RELEASE/5da5131a02365790d38469cd3bae778e4891daff/spring-data-jpa-1.10.2.RELEASE.jar!/org/springframework/data/jpa/repository/support/CrudMethodMetadataPostProcessor$DefaultCrudMethodMetadata.class], URL [jar:file:/D:/soft/gradle-2.9/.gradle/caches/modules-2/files-2.1/org.springframework.data/spring-data-jpa/1.10.2.RELEASE/5da5131a02365790d38469cd3bae778e4891daff/spring-data-jpa-1.10.2.RELEASE.jar!/org/springframework/data/jpa/repository/support/CrudMethodMetadataPostProcessor$ThreadBoundTargetSource.class], URL [jar:file:/D:/soft/gradle-2.9/.gradle/caches/modules-2/files-2.1/org.springframework.data/spring-data-jpa/1.10.2.RELEASE/5da5131a02365790d38469cd3bae778e4891daff/spring-data-jpa-1.10.2.RELEASE.jar!/org/springframework/data/jpa/repository/support/CrudMethodMetadataPostProcessor.class], URL [jar:file:/D:/soft/gradle-2.9/.gradle/caches/modules-2/files-2.1/org.springframework.data/spring-data-jpa/1.10.2.RELEASE/5da5131a02365790d38469cd3bae778e4891daff/spring-data-jpa-1.10.2.RELEASE.jar!/org/springframework/data/jpa/repository/support/DefaultJpaContext.class], URL [jar:file:/D:/soft/gradle-2.9/.gradle/caches/modules-2/files-2.1/org.springframework.data/spring-data-jpa/1.10.2.RELEASE/5da5131a02365790d38469cd3bae778e4891daff/spring-data-jpa-1.10.2.RELEASE.jar!/org/springframework/data/jpa/repository/support/EntityManagerBeanDefinitionRegistrarPostProcessor.class], URL [jar:file:/D:/soft/gradle-2.9/.gradle/caches/modules-2/files-2.1/org.springframework.data/spring-data-jpa/1.10.2.RELEASE/5da5131a02365790d38469cd3bae778e4891daff/spring-data-jpa-1.10.2.RELEASE.jar!/org/springframework/data/jpa/repository/support/JpaEntityInformation.class], URL [jar:file:/D:/soft/gradle-2.9/.gradle/caches/modules-2/files-2.1/org.springframework.data/spring-data-jpa/1.10.2.RELEASE/5da5131a02365790d38469cd3bae778e4891daff/spring-data-jpa-1.10.2.RELEASE.jar!/org/springframework/data/jpa/repository/support/JpaEntityInformationSupport.class], URL [jar:file:/D:/soft/gradle-2.9/.gradle/caches/modules-2/files-2.1/org.springframework.data/spring-data-jpa/1.10.2.RELEASE/5da5131a02365790d38469cd3bae778e4891daff/spring-data-jpa-1.10.2.RELEASE.jar!/org/springframework/data/jpa/repository/support/JpaMetamodelEntityInformation$IdentifierDerivingDirectFieldAccessFallbackBeanWrapper.class], URL [jar:file:/D:/soft/gradle-2.9/.gradle/caches/modules-2/files-2.1/org.springframework.data/spring-data-jpa/1.10.2.RELEASE/5da5131a02365790d38469cd3bae778e4891daff/spring-data-jpa-1.10.2.RELEASE.jar!/org/springframework/data/jpa/repository/support/JpaMetamodelEntityInformation$IdMetadata.class], URL [jar:file:/D:/soft/gradle-2.9/.gradle/caches/modules-2/files-2.1/org.springframework.data/spring-data-jpa/1.10.2.RELEASE/5da5131a02365790d38469cd3bae778e4891daff/spring-data-jpa-1.10.2.RELEASE.jar!/org/springframework/data/jpa/repository/support/JpaMetamodelEntityInformation.class], URL [jar:file:/D:/soft/gradle-2.9/.gradle/caches/modules-2/files-2.1/org.springframework.data/spring-data-jpa/1.10.2.RELEASE/5da5131a02365790d38469cd3bae778e4891daff/spring-data-jpa-1.10.2.RELEASE.jar!/org/springframework/data/jpa/repository/support/JpaPersistableEntityInformation.class], URL [jar:file:/D:/soft/gradle-2.9/.gradle/caches/modules-2/files-2.1/org.springframework.data/spring-data-jpa/1.10.2.RELEASE/5da5131a02365790d38469cd3bae778e4891daff/spring-data-jpa-1.10.2.RELEASE.jar!/org/springframework/data/jpa/repository/support/JpaRepositoryFactory.class], URL [jar:file:/D:/soft/gradle-2.9/.gradle/caches/modules-2/files-2.1/org.springframework.data/spring-data-jpa/1.10.2.RELEASE/5da5131a02365790d38469cd3bae778e4891daff/spring-data-jpa-1.10.2.RELEASE.jar!/org/springframework/data/jpa/repository/support/JpaRepositoryFactoryBean.class], URL [jar:file:/D:/soft/gradle-2.9/.gradle/caches/modules-2/files-2.1/org.springframework.data/spring-data-jpa/1.10.2.RELEASE/5da5131a02365790d38469cd3bae778e4891daff/spring-data-jpa-1.10.2.RELEASE.jar!/org/springframework/data/jpa/repository/support/Querydsl$1.class], URL [jar:file:/D:/soft/gradle-2.9/.gradle/caches/modules-2/files-2.1/org.springframework.data/spring-data-jpa/1.10.2.RELEASE/5da5131a02365790d38469cd3bae778e4891daff/spring-data-jpa-1.10.2.RELEASE.jar!/org/springframework/data/jpa/repository/support/Querydsl.class], URL [jar:file:/D:/soft/gradle-2.9/.gradle/caches/modules-2/files-2.1/org.springframework.data/spring-data-jpa/1.10.2.RELEASE/5da5131a02365790d38469cd3bae778e4891daff/spring-data-jpa-1.10.2.RELEASE.jar!/org/springframework/data/jpa/repository/support/QueryDslJpaRepository.class], URL [jar:file:/D:/soft/gradle-2.9/.gradle/caches/modules-2/files-2.1/org.springframework.data/spring-data-jpa/1.10.2.RELEASE/5da5131a02365790d38469cd3bae778e4891daff/spring-data-jpa-1.10.2.RELEASE.jar!/org/springframework/data/jpa/repository/support/QueryDslRepositorySupport.class], URL [jar:file:/D:/soft/gradle-2.9/.gradle/caches/modules-2/files-2.1/org.springframework.data/spring-data-jpa/1.10.2.RELEASE/5da5131a02365790d38469cd3bae778e4891daff/spring-data-jpa-1.10.2.RELEASE.jar!/org/springframework/data/jpa/repository/support/SimpleJpaRepository$ByIdsSpecification.class], URL [jar:file:/D:/soft/gradle-2.9/.gradle/caches/modules-2/files-2.1/org.springframework.data/spring-data-jpa/1.10.2.RELEASE/5da5131a02365790d38469cd3bae778e4891daff/spring-data-jpa-1.10.2.RELEASE.jar!/org/springframework/data/jpa/repository/support/SimpleJpaRepository$ExampleSpecification.class], URL [jar:file:/D:/soft/gradle-2.9/.gradle/caches/modules-2/files-2.1/org.springframework.data/spring-data-jpa/1.10.2.RELEASE/5da5131a02365790d38469cd3bae778e4891daff/spring-data-jpa-1.10.2.RELEASE.jar!/org/springframework/data/jpa/repository/support/SimpleJpaRepository.class], URL [jar:file:/D:/soft/gradle-2.9/.gradle/caches/modules-2/files-2.1/org.springframework.data/spring-data-commons/1.12.2.RELEASE/a827ed936b8685c19eecda0abb86fb86193ddffc/spring-data-commons-1.12.2.RELEASE.jar!/org/springframework/data/repository/support/AnnotationAttribute.class], URL [jar:file:/D:/soft/gradle-2.9/.gradle/caches/modules-2/files-2.1/org.springframework.data/spring-data-commons/1.12.2.RELEASE/a827ed936b8685c19eecda0abb86fb86193ddffc/spring-data-commons-1.12.2.RELEASE.jar!/org/springframework/data/repository/support/CrudRepositoryInvoker.class], URL [jar:file:/D:/soft/gradle-2.9/.gradle/caches/modules-2/files-2.1/org.springframework.data/spring-data-commons/1.12.2.RELEASE/a827ed936b8685c19eecda0abb86fb86193ddffc/spring-data-commons-1.12.2.RELEASE.jar!/org/springframework/data/repository/support/DefaultRepositoryInvokerFactory.class], URL [jar:file:/D:/soft/gradle-2.9/.gradle/caches/modules-2/files-2.1/org.springframework.data/spring-data-commons/1.12.2.RELEASE/a827ed936b8685c19eecda0abb86fb86193ddffc/spring-data-commons-1.12.2.RELEASE.jar!/org/springframework/data/repository/support/DomainClassConverter$ToEntityConverter.class], URL [jar:file:/D:/soft/gradle-2.9/.gradle/caches/modules-2/files-2.1/org.springframework.data/spring-data-commons/1.12.2.RELEASE/a827ed936b8685c19eecda0abb86fb86193ddffc/spring-data-commons-1.12.2.RELEASE.jar!/org/springframework/data/repository/support/DomainClassConverter$ToIdConverter.class], URL [jar:file:/D:/soft/gradle-2.9/.gradle/caches/modules-2/files-2.1/org.springframework.data/spring-data-commons/1.12.2.RELEASE/a827ed936b8685c19eecda0abb86fb86193ddffc/spring-data-commons-1.12.2.RELEASE.jar!/org/springframework/data/repository/support/DomainClassConverter.class], URL [jar:file:/D:/soft/gradle-2.9/.gradle/caches/modules-2/files-2.1/org.springframework.data/spring-data-commons/1.12.2.RELEASE/a827ed936b8685c19eecda0abb86fb86193ddffc/spring-data-commons-1.12.2.RELEASE.jar!/org/springframework/data/repository/support/DomainClassPropertyEditor.class], URL [jar:file:/D:/soft/gradle-2.9/.gradle/caches/modules-2/files-2.1/org.springframework.data/spring-data-commons/1.12.2.RELEASE/a827ed936b8685c19eecda0abb86fb86193ddffc/spring-data-commons-1.12.2.RELEASE.jar!/org/springframework/data/repository/support/DomainClassPropertyEditorRegistrar.class], URL [jar:file:/D:/soft/gradle-2.9/.gradle/caches/modules-2/files-2.1/org.springframework.data/spring-data-commons/1.12.2.RELEASE/a827ed936b8685c19eecda0abb86fb86193ddffc/spring-data-commons-1.12.2.RELEASE.jar!/org/springframework/data/repository/support/MethodParameters$AnnotationNamingMethodParameter.class], URL [jar:file:/D:/soft/gradle-2.9/.gradle/caches/modules-2/files-2.1/org.springframework.data/spring-data-commons/1.12.2.RELEASE/a827ed936b8685c19eecda0abb86fb86193ddffc/spring-data-commons-1.12.2.RELEASE.jar!/org/springframework/data/repository/support/MethodParameters.class], URL [jar:file:/D:/soft/gradle-2.9/.gradle/caches/modules-2/files-2.1/org.springframework.data/spring-data-commons/1.12.2.RELEASE/a827ed936b8685c19eecda0abb86fb86193ddffc/spring-data-commons-1.12.2.RELEASE.jar!/org/springframework/data/repository/support/PagingAndSortingRepositoryInvoker.class], URL [jar:file:/D:/soft/gradle-2.9/.gradle/caches/modules-2/files-2.1/org.springframework.data/spring-data-commons/1.12.2.RELEASE/a827ed936b8685c19eecda0abb86fb86193ddffc/spring-data-commons-1.12.2.RELEASE.jar!/org/springframework/data/repository/support/QueryMethodParameterConversionException.class], URL [jar:file:/D:/soft/gradle-2.9/.gradle/caches/modules-2/files-2.1/org.springframework.data/spring-data-commons/1.12.2.RELEASE/a827ed936b8685c19eecda0abb86fb86193ddffc/spring-data-commons-1.12.2.RELEASE.jar!/org/springframework/data/repository/support/ReflectionRepositoryInvoker.class], URL [jar:file:/D:/soft/gradle-2.9/.gradle/caches/modules-2/files-2.1/org.springframework.data/spring-data-commons/1.12.2.RELEASE/a827ed936b8685c19eecda0abb86fb86193ddffc/spring-data-commons-1.12.2.RELEASE.jar!/org/springframework/data/repository/support/Repositories$EmptyRepositoryFactoryInformation.class], URL [jar:file:/D:/soft/gradle-2.9/.gradle/caches/modules-2/files-2.1/org.springframework.data/spring-data-commons/1.12.2.RELEASE/a827ed936b8685c19eecda0abb86fb86193ddffc/spring-data-commons-1.12.2.RELEASE.jar!/org/springframework/data/repository/support/Repositories.class], URL [jar:file:/D:/soft/gradle-2.9/.gradle/caches/modules-2/files-2.1/org.springframework.data/spring-data-commons/1.12.2.RELEASE/a827ed936b8685c19eecda0abb86fb86193ddffc/spring-data-commons-1.12.2.RELEASE.jar!/org/springframework/data/repository/support/RepositoryInvocationInformation.class], URL [jar:file:/D:/soft/gradle-2.9/.gradle/caches/modules-2/files-2.1/org.springframework.data/spring-data-commons/1.12.2.RELEASE/a827ed936b8685c19eecda0abb86fb86193ddffc/spring-data-commons-1.12.2.RELEASE.jar!/org/springframework/data/repository/support/RepositoryInvoker.class], URL [jar:file:/D:/soft/gradle-2.9/.gradle/caches/modules-2/files-2.1/org.springframework.data/spring-data-commons/1.12.2.RELEASE/a827ed936b8685c19eecda0abb86fb86193ddffc/spring-data-commons-1.12.2.RELEASE.jar!/org/springframework/data/repository/support/RepositoryInvokerFactory.class]]
21:24:24.133 [Test worker] DEBUG o.s.c.a.ClassPathScanningCandidateComponentProvider - Identified candidate component class: URL [jar:file:/D:/soft/gradle-2.9/.gradle/caches/modules-2/files-2.1/org.springframework.data/spring-data-jpa/1.10.2.RELEASE/5da5131a02365790d38469cd3bae778e4891daff/spring-data-jpa-1.10.2.RELEASE.jar!/org/springframework/data/jpa/repository/support/JpaRepositoryFactory.class]
21:24:24.189 [Test worker] DEBUG o.s.core.env.StandardEnvironment - Adding [systemProperties] PropertySource with lowest search precedence
21:24:24.189 [Test worker] DEBUG o.s.core.env.StandardEnvironment - Adding [systemEnvironment] PropertySource with lowest search precedence
21:24:24.189 [Test worker] DEBUG o.s.core.env.StandardEnvironment - Initialized StandardEnvironment with PropertySources [systemProperties,systemEnvironment]
21:24:24.193 [Test worker] DEBUG o.s.c.i.s.PathMatchingResourcePatternResolver - Resolved classpath location [org/springframework/security/samples/data/] to resources [URL [jar:file:/D:/spring-security-4.2.2.RELEASE/samples/javaconfig/messages/build/libs/spring-security-samples-javaconfig-messages-4.2.2.RELEASE.jar!/org/springframework/security/samples/data/]]
21:24:24.193 [Test worker] DEBUG o.s.c.i.s.PathMatchingResourcePatternResolver - Looking for matching resources in jar file [file:/D:/spring-security-4.2.2.RELEASE/samples/javaconfig/messages/build/libs/spring-security-samples-javaconfig-messages-4.2.2.RELEASE.jar]
21:24:24.193 [Test worker] DEBUG o.s.c.i.s.PathMatchingResourcePatternResolver - Resolved location pattern [classpath*:org/springframework/security/samples/data/**/*.class] to resources [URL [jar:file:/D:/spring-security-4.2.2.RELEASE/samples/javaconfig/messages/build/libs/spring-security-samples-javaconfig-messages-4.2.2.RELEASE.jar!/org/springframework/security/samples/data/Message.class], URL [jar:file:/D:/spring-security-4.2.2.RELEASE/samples/javaconfig/messages/build/libs/spring-security-samples-javaconfig-messages-4.2.2.RELEASE.jar!/org/springframework/security/samples/data/MessageRepository.class]]
21:24:24.197 [Test worker] DEBUG o.s.d.r.c.RepositoryComponentProvider - Identified candidate component class: URL [jar:file:/D:/spring-security-4.2.2.RELEASE/samples/javaconfig/messages/build/libs/spring-security-samples-javaconfig-messages-4.2.2.RELEASE.jar!/org/springframework/security/samples/data/MessageRepository.class]
21:24:24.201 [Test worker] DEBUG o.s.core.env.StandardEnvironment - Adding [systemProperties] PropertySource with lowest search precedence
21:24:24.201 [Test worker] DEBUG o.s.core.env.StandardEnvironment - Adding [systemEnvironment] PropertySource with lowest search precedence
21:24:24.201 [Test worker] DEBUG o.s.core.env.StandardEnvironment - Initialized StandardEnvironment with PropertySources [systemProperties,systemEnvironment]
21:24:24.205 [Test worker] DEBUG o.s.c.i.s.PathMatchingResourcePatternResolver - Resolved classpath location [org/springframework/security/samples/data/] to resources [URL [jar:file:/D:/spring-security-4.2.2.RELEASE/samples/javaconfig/messages/build/libs/spring-security-samples-javaconfig-messages-4.2.2.RELEASE.jar!/org/springframework/security/samples/data/]]
21:24:24.205 [Test worker] DEBUG o.s.c.i.s.PathMatchingResourcePatternResolver - Looking for matching resources in jar file [file:/D:/spring-security-4.2.2.RELEASE/samples/javaconfig/messages/build/libs/spring-security-samples-javaconfig-messages-4.2.2.RELEASE.jar]
21:24:24.205 [Test worker] DEBUG o.s.c.i.s.PathMatchingResourcePatternResolver - Resolved location pattern [classpath*:org/springframework/security/samples/data/**/*MessageRepositoryImpl.class] to resources []
21:24:24.209 [Test worker] DEBUG o.s.d.r.c.RepositoryConfigurationDelegate - Spring Data JPA - Registering repository: messageRepository - Interface: org.springframework.security.samples.data.MessageRepository - Factory: org.springframework.data.jpa.repository.support.JpaRepositoryFactoryBean
21:24:24.213 [Test worker] DEBUG o.s.c.a.ConfigurationClassBeanDefinitionReader - Registered bean definition for imported class 'org.springframework.web.servlet.config.annotation.DelegatingWebMvcConfiguration'
21:24:24.213 [Test worker] DEBUG o.s.c.a.ConfigurationClassBeanDefinitionReader - Registering bean definition for @Bean method org.springframework.web.servlet.config.annotation.DelegatingWebMvcConfiguration.mvcConversionService()
21:24:24.213 [Test worker] DEBUG o.s.c.a.ConfigurationClassBeanDefinitionReader - Registering bean definition for @Bean method org.springframework.web.servlet.config.annotation.DelegatingWebMvcConfiguration.beanNameHandlerMapping()
21:24:24.217 [Test worker] DEBUG o.s.c.a.ConfigurationClassBeanDefinitionReader - Registering bean definition for @Bean method org.springframework.web.servlet.config.annotation.DelegatingWebMvcConfiguration.resourceHandlerMapping()
21:24:24.217 [Test worker] DEBUG o.s.c.a.ConfigurationClassBeanDefinitionReader - Registering bean definition for @Bean method org.springframework.web.servlet.config.annotation.DelegatingWebMvcConfiguration.requestMappingHandlerMapping()
21:24:24.217 [Test worker] DEBUG o.s.c.a.ConfigurationClassBeanDefinitionReader - Registering bean definition for @Bean method org.springframework.web.servlet.config.annotation.DelegatingWebMvcConfiguration.mvcContentNegotiationManager()
21:24:24.217 [Test worker] DEBUG o.s.c.a.ConfigurationClassBeanDefinitionReader - Registering bean definition for @Bean method org.springframework.web.servlet.config.annotation.DelegatingWebMvcConfiguration.viewControllerHandlerMapping()
21:24:24.217 [Test worker] DEBUG o.s.c.a.ConfigurationClassBeanDefinitionReader - Registering bean definition for @Bean method org.springframework.web.servlet.config.annotation.DelegatingWebMvcConfiguration.httpRequestHandlerAdapter()
21:24:24.217 [Test worker] DEBUG o.s.c.a.ConfigurationClassBeanDefinitionReader - Registering bean definition for @Bean method org.springframework.web.servlet.config.annotation.DelegatingWebMvcConfiguration.simpleControllerHandlerAdapter()
21:24:24.221 [Test worker] DEBUG o.s.c.a.ConfigurationClassBeanDefinitionReader - Registering bean definition for @Bean method org.springframework.web.servlet.config.annotation.DelegatingWebMvcConfiguration.mvcUriComponentsContributor()
21:24:24.221 [Test worker] DEBUG o.s.c.a.ConfigurationClassBeanDefinitionReader - Registering bean definition for @Bean method org.springframework.web.servlet.config.annotation.DelegatingWebMvcConfiguration.defaultServletHandlerMapping()
21:24:24.221 [Test worker] DEBUG o.s.c.a.ConfigurationClassBeanDefinitionReader - Registering bean definition for @Bean method org.springframework.web.servlet.config.annotation.DelegatingWebMvcConfiguration.requestMappingHandlerAdapter()
21:24:24.221 [Test worker] DEBUG o.s.c.a.ConfigurationClassBeanDefinitionReader - Registering bean definition for @Bean method org.springframework.web.servlet.config.annotation.DelegatingWebMvcConfiguration.mvcResourceUrlProvider()
21:24:24.221 [Test worker] DEBUG o.s.c.a.ConfigurationClassBeanDefinitionReader - Registering bean definition for @Bean method org.springframework.web.servlet.config.annotation.DelegatingWebMvcConfiguration.handlerExceptionResolver()
21:24:24.225 [Test worker] DEBUG o.s.c.a.ConfigurationClassBeanDefinitionReader - Registering bean definition for @Bean method org.springframework.web.servlet.config.annotation.DelegatingWebMvcConfiguration.mvcUrlPathHelper()
21:24:24.225 [Test worker] DEBUG o.s.c.a.ConfigurationClassBeanDefinitionReader - Registering bean definition for @Bean method org.springframework.web.servlet.config.annotation.DelegatingWebMvcConfiguration.mvcValidator()
21:24:24.225 [Test worker] DEBUG o.s.c.a.ConfigurationClassBeanDefinitionReader - Registering bean definition for @Bean method org.springframework.web.servlet.config.annotation.DelegatingWebMvcConfiguration.mvcViewResolver()
21:24:24.229 [Test worker] DEBUG o.s.c.a.ConfigurationClassBeanDefinitionReader - Registering bean definition for @Bean method org.springframework.web.servlet.config.annotation.DelegatingWebMvcConfiguration.mvcPathMatcher()
21:24:24.229 [Test worker] DEBUG o.s.c.a.ConfigurationClassBeanDefinitionReader - Registering bean definition for @Bean method org.springframework.security.samples.mvc.config.WebMvcConfiguration.domainClassConverter()
21:24:24.229 [Test worker] DEBUG o.s.c.a.ConfigurationClassBeanDefinitionReader - Registering bean definition for @Bean method org.springframework.security.samples.mvc.config.WebMvcConfiguration.viewResolver()
21:24:24.229 [Test worker] DEBUG o.s.c.a.ConfigurationClassBeanDefinitionReader - Registering bean definition for @Bean method org.springframework.security.samples.mvc.config.WebMvcConfiguration.templateEngine()
21:24:24.361 [Test worker] DEBUG o.s.c.a.ConfigurationClassEnhancer - Successfully enhanced org.springframework.security.samples.config.RootConfiguration; enhanced class name is: org.springframework.security.samples.config.RootConfiguration$$EnhancerBySpringCGLIB$$7094c457
21:24:24.361 [Test worker] DEBUG o.s.c.a.ConfigurationClassPostProcessor - Replacing bean definition 'rootConfiguration' existing class 'org.springframework.security.samples.config.RootConfiguration' with enhanced class 'org.springframework.security.samples.config.RootConfiguration$$EnhancerBySpringCGLIB$$7094c457'
21:24:24.365 [Test worker] DEBUG o.s.c.a.ConfigurationClassEnhancer - Successfully enhanced org.springframework.security.samples.config.SecurityConfig; enhanced class name is: org.springframework.security.samples.config.SecurityConfig$$EnhancerBySpringCGLIB$$65b20405
21:24:24.365 [Test worker] DEBUG o.s.c.a.ConfigurationClassPostProcessor - Replacing bean definition 'securityConfig' existing class 'org.springframework.security.samples.config.SecurityConfig' with enhanced class 'org.springframework.security.samples.config.SecurityConfig$$EnhancerBySpringCGLIB$$65b20405'
21:24:24.369 [Test worker] DEBUG o.s.c.a.ConfigurationClassEnhancer - Successfully enhanced org.springframework.security.samples.config.DataConfiguration; enhanced class name is: org.springframework.security.samples.config.DataConfiguration$$EnhancerBySpringCGLIB$$b4d4098f
21:24:24.369 [Test worker] DEBUG o.s.c.a.ConfigurationClassPostProcessor - Replacing bean definition 'dataConfiguration' existing class 'org.springframework.security.samples.config.DataConfiguration' with enhanced class 'org.springframework.security.samples.config.DataConfiguration$$EnhancerBySpringCGLIB$$b4d4098f'
21:24:24.373 [Test worker] DEBUG o.s.c.a.ConfigurationClassEnhancer - Successfully enhanced org.springframework.security.config.annotation.configuration.ObjectPostProcessorConfiguration; enhanced class name is: org.springframework.security.config.annotation.configuration.ObjectPostProcessorConfiguration$$EnhancerBySpringCGLIB$$85e765b8
21:24:24.373 [Test worker] DEBUG o.s.c.a.ConfigurationClassPostProcessor - Replacing bean definition 'org.springframework.security.config.annotation.configuration.ObjectPostProcessorConfiguration' existing class 'org.springframework.security.config.annotation.configuration.ObjectPostProcessorConfiguration' with enhanced class 'org.springframework.security.config.annotation.configuration.ObjectPostProcessorConfiguration$$EnhancerBySpringCGLIB$$85e765b8'
21:24:24.377 [Test worker] DEBUG o.s.c.a.ConfigurationClassEnhancer - Successfully enhanced org.springframework.security.config.annotation.authentication.configuration.AuthenticationConfiguration; enhanced class name is: org.springframework.security.config.annotation.authentication.configuration.AuthenticationConfiguration$$EnhancerBySpringCGLIB$$d1b0702d
21:24:24.377 [Test worker] DEBUG o.s.c.a.ConfigurationClassPostProcessor - Replacing bean definition 'org.springframework.security.config.annotation.authentication.configuration.AuthenticationConfiguration' existing class 'org.springframework.security.config.annotation.authentication.configuration.AuthenticationConfiguration' with enhanced class 'org.springframework.security.config.annotation.authentication.configuration.AuthenticationConfiguration$$EnhancerBySpringCGLIB$$d1b0702d'
21:24:24.377 [Test worker] DEBUG o.s.c.a.ConfigurationClassEnhancer - Successfully enhanced org.springframework.security.config.annotation.authentication.configuration.AuthenticationConfiguration; enhanced class name is: org.springframework.security.config.annotation.authentication.configuration.AuthenticationConfiguration$$EnhancerBySpringCGLIB$$d1b0702d
21:24:24.377 [Test worker] DEBUG o.s.c.a.ConfigurationClassPostProcessor - Replacing bean definition 'enableGlobalAuthenticationAutowiredConfigurer' existing class 'org.springframework.security.config.annotation.authentication.configuration.AuthenticationConfiguration' with enhanced class 'org.springframework.security.config.annotation.authentication.configuration.AuthenticationConfiguration$$EnhancerBySpringCGLIB$$d1b0702d'
21:24:24.377 [Test worker] DEBUG o.s.c.a.ConfigurationClassEnhancer - Successfully enhanced org.springframework.security.config.annotation.authentication.configuration.AuthenticationConfiguration; enhanced class name is: org.springframework.security.config.annotation.authentication.configuration.AuthenticationConfiguration$$EnhancerBySpringCGLIB$$d1b0702d
21:24:24.377 [Test worker] DEBUG o.s.c.a.ConfigurationClassPostProcessor - Replacing bean definition 'initializeUserDetailsBeanManagerConfigurer' existing class 'org.springframework.security.config.annotation.authentication.configuration.AuthenticationConfiguration' with enhanced class 'org.springframework.security.config.annotation.authentication.configuration.AuthenticationConfiguration$$EnhancerBySpringCGLIB$$d1b0702d'
21:24:24.377 [Test worker] DEBUG o.s.c.a.ConfigurationClassEnhancer - Successfully enhanced org.springframework.security.config.annotation.authentication.configuration.AuthenticationConfiguration; enhanced class name is: org.springframework.security.config.annotation.authentication.configuration.AuthenticationConfiguration$$EnhancerBySpringCGLIB$$d1b0702d
21:24:24.377 [Test worker] DEBUG o.s.c.a.ConfigurationClassPostProcessor - Replacing bean definition 'initializeAuthenticationProviderBeanManagerConfigurer' existing class 'org.springframework.security.config.annotation.authentication.configuration.AuthenticationConfiguration' with enhanced class 'org.springframework.security.config.annotation.authentication.configuration.AuthenticationConfiguration$$EnhancerBySpringCGLIB$$d1b0702d'
21:24:24.381 [Test worker] DEBUG o.s.c.a.ConfigurationClassEnhancer - Successfully enhanced org.springframework.security.config.annotation.web.configuration.WebSecurityConfiguration; enhanced class name is: org.springframework.security.config.annotation.web.configuration.WebSecurityConfiguration$$EnhancerBySpringCGLIB$$946aca71
21:24:24.385 [Test worker] DEBUG o.s.c.a.ConfigurationClassPostProcessor - Replacing bean definition 'org.springframework.security.config.annotation.web.configuration.WebSecurityConfiguration' existing class 'org.springframework.security.config.annotation.web.configuration.WebSecurityConfiguration' with enhanced class 'org.springframework.security.config.annotation.web.configuration.WebSecurityConfiguration$$EnhancerBySpringCGLIB$$946aca71'
21:24:24.385 [Test worker] DEBUG o.s.c.a.ConfigurationClassEnhancer - Successfully enhanced org.springframework.security.config.annotation.web.configuration.WebSecurityConfiguration; enhanced class name is: org.springframework.security.config.annotation.web.configuration.WebSecurityConfiguration$$EnhancerBySpringCGLIB$$946aca71
21:24:24.385 [Test worker] DEBUG o.s.c.a.ConfigurationClassPostProcessor - Replacing bean definition 'delegatingApplicationListener' existing class 'org.springframework.security.config.annotation.web.configuration.WebSecurityConfiguration' with enhanced class 'org.springframework.security.config.annotation.web.configuration.WebSecurityConfiguration$$EnhancerBySpringCGLIB$$946aca71'
21:24:24.397 [Test worker] DEBUG o.s.c.a.ConfigurationClassEnhancer - Successfully enhanced org.springframework.web.servlet.config.annotation.DelegatingWebMvcConfiguration; enhanced class name is: org.springframework.web.servlet.config.annotation.DelegatingWebMvcConfiguration$$EnhancerBySpringCGLIB$$b1fa82b4
21:24:24.397 [Test worker] DEBUG o.s.c.a.ConfigurationClassPostProcessor - Replacing bean definition 'org.springframework.web.servlet.config.annotation.DelegatingWebMvcConfiguration' existing class 'org.springframework.web.servlet.config.annotation.DelegatingWebMvcConfiguration' with enhanced class 'org.springframework.web.servlet.config.annotation.DelegatingWebMvcConfiguration$$EnhancerBySpringCGLIB$$b1fa82b4'
21:24:24.401 [Test worker] DEBUG o.s.b.f.s.DefaultListableBeanFactory - Creating shared instance of singleton bean 'emBeanDefinitionRegistrarPostProcessor'
21:24:24.401 [Test worker] DEBUG o.s.b.f.s.DefaultListableBeanFactory - Creating instance of bean 'emBeanDefinitionRegistrarPostProcessor'
21:24:24.401 [Test worker] DEBUG o.s.b.f.s.DefaultListableBeanFactory - Eagerly caching bean 'emBeanDefinitionRegistrarPostProcessor' to allow for resolving potential circular references
21:24:24.417 [Test worker] DEBUG o.s.b.f.s.DefaultListableBeanFactory - Finished creating instance of bean 'emBeanDefinitionRegistrarPostProcessor'
21:24:24.429 [Test worker] DEBUG o.s.b.f.s.DefaultListableBeanFactory - Creating shared instance of singleton bean 'org.springframework.context.annotation.internalAutowiredAnnotationProcessor'
21:24:24.429 [Test worker] DEBUG o.s.b.f.s.DefaultListableBeanFactory - Creating instance of bean 'org.springframework.context.annotation.internalAutowiredAnnotationProcessor'
21:24:24.429 [Test worker] DEBUG o.s.b.f.s.DefaultListableBeanFactory - Eagerly caching bean 'org.springframework.context.annotation.internalAutowiredAnnotationProcessor' to allow for resolving potential circular references
21:24:24.437 [Test worker] DEBUG o.s.b.f.s.DefaultListableBeanFactory - Finished creating instance of bean 'org.springframework.context.annotation.internalAutowiredAnnotationProcessor'
21:24:24.437 [Test worker] DEBUG o.s.b.f.s.DefaultListableBeanFactory - Creating shared instance of singleton bean 'org.springframework.context.annotation.internalRequiredAnnotationProcessor'
21:24:24.437 [Test worker] DEBUG o.s.b.f.s.DefaultListableBeanFactory - Creating instance of bean 'org.springframework.context.annotation.internalRequiredAnnotationProcessor'
21:24:24.437 [Test worker] DEBUG o.s.b.f.s.DefaultListableBeanFactory - Eagerly caching bean 'org.springframework.context.annotation.internalRequiredAnnotationProcessor' to allow for resolving potential circular references
21:24:24.441 [Test worker] DEBUG o.s.b.f.s.DefaultListableBeanFactory - Finished creating instance of bean 'org.springframework.context.annotation.internalRequiredAnnotationProcessor'
21:24:24.441 [Test worker] DEBUG o.s.b.f.s.DefaultListableBeanFactory - Creating shared instance of singleton bean 'org.springframework.context.annotation.internalCommonAnnotationProcessor'
21:24:24.441 [Test worker] DEBUG o.s.b.f.s.DefaultListableBeanFactory - Creating instance of bean 'org.springframework.context.annotation.internalCommonAnnotationProcessor'
21:24:24.445 [Test worker] DEBUG o.s.b.f.s.DefaultListableBeanFactory - Eagerly caching bean 'org.springframework.context.annotation.internalCommonAnnotationProcessor' to allow for resolving potential circular references
21:24:24.453 [Test worker] DEBUG o.s.b.f.s.DefaultListableBeanFactory - Finished creating instance of bean 'org.springframework.context.annotation.internalCommonAnnotationProcessor'
21:24:24.453 [Test worker] DEBUG o.s.b.f.s.DefaultListableBeanFactory - Creating shared instance of singleton bean 'org.springframework.context.annotation.internalPersistenceAnnotationProcessor'
21:24:24.453 [Test worker] DEBUG o.s.b.f.s.DefaultListableBeanFactory - Creating instance of bean 'org.springframework.context.annotation.internalPersistenceAnnotationProcessor'
21:24:24.453 [Test worker] DEBUG o.s.b.f.s.DefaultListableBeanFactory - Eagerly caching bean 'org.springframework.context.annotation.internalPersistenceAnnotationProcessor' to allow for resolving potential circular references
21:24:24.461 [Test worker] DEBUG o.s.b.f.s.DefaultListableBeanFactory - Finished creating instance of bean 'org.springframework.context.annotation.internalPersistenceAnnotationProcessor'
21:24:24.461 [Test worker] DEBUG o.s.b.f.s.DefaultListableBeanFactory - Creating shared instance of singleton bean 'org.springframework.data.repository.core.support.RepositoryFactoryBeanSupport_Predictor'
21:24:24.461 [Test worker] DEBUG o.s.b.f.s.DefaultListableBeanFactory - Creating instance of bean 'org.springframework.data.repository.core.support.RepositoryFactoryBeanSupport_Predictor'
21:24:24.485 [Test worker] DEBUG o.s.b.f.s.DefaultListableBeanFactory - Eagerly caching bean 'org.springframework.data.repository.core.support.RepositoryFactoryBeanSupport_Predictor' to allow for resolving potential circular references
21:24:24.485 [Test worker] DEBUG o.s.b.f.s.DefaultListableBeanFactory - Finished creating instance of bean 'org.springframework.data.repository.core.support.RepositoryFactoryBeanSupport_Predictor'
21:24:24.489 [Test worker] DEBUG o.s.w.c.s.GenericWebApplicationContext - Unable to locate MessageSource with name 'messageSource': using default [org.springframework.context.support.DelegatingMessageSource@3f0d56a]
21:24:24.493 [Test worker] DEBUG o.s.w.c.s.GenericWebApplicationContext - Unable to locate ApplicationEventMulticaster with name 'applicationEventMulticaster': using default [org.springframework.context.event.SimpleApplicationEventMulticaster@3dd3ebb0]
21:24:24.493 [Test worker] DEBUG o.s.u.c.s.UiApplicationContextUtils - Unable to locate ThemeSource with name 'themeSource': using default [org.springframework.ui.context.support.ResourceBundleThemeSource@4a24b08c]
21:24:24.497 [Test worker] DEBUG o.s.b.f.s.DefaultListableBeanFactory - Creating shared instance of singleton bean 'entityManagerFactory'
21:24:24.497 [Test worker] DEBUG o.s.b.f.s.DefaultListableBeanFactory - Creating instance of bean 'entityManagerFactory'
21:24:24.497 [Test worker] DEBUG o.s.b.f.s.DefaultListableBeanFactory - Creating shared instance of singleton bean 'dataConfiguration'
21:24:24.497 [Test worker] DEBUG o.s.b.f.s.DefaultListableBeanFactory - Creating instance of bean 'dataConfiguration'
21:24:24.505 [Test worker] DEBUG o.s.b.f.s.DefaultListableBeanFactory - Eagerly caching bean 'dataConfiguration' to allow for resolving potential circular references
21:24:24.509 [Test worker] DEBUG o.s.b.f.s.DefaultListableBeanFactory - Finished creating instance of bean 'dataConfiguration'
21:24:24.573 [Test worker] DEBUG org.jboss.logging - Logging Provider: org.jboss.logging.Slf4jLoggerProvider
21:24:24.581 [Test worker] DEBUG o.s.b.f.s.DefaultListableBeanFactory - Creating shared instance of singleton bean 'dataSource'
21:24:24.581 [Test worker] DEBUG o.s.b.f.s.DefaultListableBeanFactory - Creating instance of bean 'dataSource'
21:24:24.581 [Test worker] DEBUG o.s.b.f.s.DefaultListableBeanFactory - Returning cached instance of singleton bean 'dataConfiguration'
21:24:24.589 [Test worker] INFO  o.s.j.d.e.EmbeddedDatabaseFactory - Starting embedded database: url='jdbc:hsqldb:mem:testdb', username='sa'
21:24:24.597 [Test worker] DEBUG o.s.jdbc.datasource.DataSourceUtils - Fetching JDBC Connection from DataSource
21:24:24.597 [Test worker] DEBUG o.s.j.d.SimpleDriverDataSource - Creating new JDBC Driver Connection to [jdbc:hsqldb:mem:testdb]
21:24:24.942 [Test worker] DEBUG o.s.jdbc.datasource.DataSourceUtils - Returning JDBC Connection to DataSource
21:24:24.942 [Test worker] DEBUG o.s.b.f.s.DefaultListableBeanFactory - Eagerly caching bean 'dataSource' to allow for resolving potential circular references
21:24:24.946 [Test worker] DEBUG o.s.b.f.s.DefaultListableBeanFactory - Finished creating instance of bean 'dataSource'
21:24:24.950 [Test worker] DEBUG o.s.b.f.s.DefaultListableBeanFactory - Eagerly caching bean 'entityManagerFactory' to allow for resolving potential circular references
21:24:24.966 [Test worker] DEBUG o.s.b.f.s.DefaultListableBeanFactory - Invoking afterPropertiesSet() on bean with name 'entityManagerFactory'
21:24:24.978 [Test worker] DEBUG o.s.c.i.s.PathMatchingResourcePatternResolver - Resolved classpath location [META-INF/persistence.xml] to resources []
21:24:24.978 [Test worker] DEBUG o.s.c.i.s.PathMatchingResourcePatternResolver - Resolved classpath location [org/springframework/security/samples/data/] to resources [URL [jar:file:/D:/spring-security-4.2.2.RELEASE/samples/javaconfig/messages/build/libs/spring-security-samples-javaconfig-messages-4.2.2.RELEASE.jar!/org/springframework/security/samples/data/]]
21:24:24.978 [Test worker] DEBUG o.s.c.i.s.PathMatchingResourcePatternResolver - Looking for matching resources in jar file [file:/D:/spring-security-4.2.2.RELEASE/samples/javaconfig/messages/build/libs/spring-security-samples-javaconfig-messages-4.2.2.RELEASE.jar]
21:24:24.978 [Test worker] DEBUG o.s.c.i.s.PathMatchingResourcePatternResolver - Resolved location pattern [classpath*:org/springframework/security/samples/data/**/*.class] to resources [URL [jar:file:/D:/spring-security-4.2.2.RELEASE/samples/javaconfig/messages/build/libs/spring-security-samples-javaconfig-messages-4.2.2.RELEASE.jar!/org/springframework/security/samples/data/Message.class], URL [jar:file:/D:/spring-security-4.2.2.RELEASE/samples/javaconfig/messages/build/libs/spring-security-samples-javaconfig-messages-4.2.2.RELEASE.jar!/org/springframework/security/samples/data/MessageRepository.class]]
21:24:24.978 [Test worker] INFO  o.s.o.j.LocalContainerEntityManagerFactoryBean - Building JPA container EntityManagerFactory for persistence unit 'default'
21:24:25.006 [Test worker] DEBUG o.h.jpa.internal.util.LogHelper - PersistenceUnitInfo [
	name: default
	persistence provider classname: null
	classloader: sun.misc.Launcher$AppClassLoader@73d16e93
	excludeUnlistedClasses: true
	JTA datasource: null
	Non JTA datasource: org.springframework.jdbc.datasource.embedded.EmbeddedDatabaseFactory$EmbeddedDataSourceProxy@1d1c5b47
	Transaction type: RESOURCE_LOCAL
	PU root URL: file:/D:/spring-security-4.2.2.RELEASE/samples/javaconfig/messages/build/libs/spring-security-samples-javaconfig-messages-4.2.2.RELEASE.jar
	Shared Cache Mode: UNSPECIFIED
	Validation Mode: AUTO
	Jar files URLs []
	Managed classes names [
		org.springframework.security.samples.data.Message]
	Mapping files names []
	Properties []
21:24:25.030 [Test worker] DEBUG o.h.i.internal.IntegratorServiceImpl - Adding Integrator [org.hibernate.cfg.beanvalidation.BeanValidationIntegrator].
21:24:25.034 [Test worker] DEBUG o.h.i.internal.IntegratorServiceImpl - Adding Integrator [org.hibernate.secure.spi.JaccIntegrator].
21:24:25.038 [Test worker] DEBUG o.h.i.internal.IntegratorServiceImpl - Adding Integrator [org.hibernate.cache.internal.CollectionCacheInvalidator].
21:24:25.038 [Test worker] DEBUG o.h.i.internal.IntegratorServiceImpl - Adding Integrator [org.hibernate.jpa.event.spi.JpaIntegrator].
21:24:25.166 [Test worker] INFO  org.hibernate.Version - HHH000412: Hibernate Core {5.0.11.Final}
21:24:25.166 [Test worker] INFO  org.hibernate.cfg.Environment - HHH000206: hibernate.properties not found
21:24:25.170 [Test worker] INFO  org.hibernate.cfg.Environment - HHH000021: Bytecode provider name : javassist
21:24:25.186 [Test worker] DEBUG o.h.service.spi.ServiceBinding - Overriding existing service binding [org.hibernate.secure.spi.JaccService]
21:24:25.218 [Test worker] DEBUG o.h.c.i.RegionFactoryInitiator - Cache region factory : org.hibernate.cache.internal.NoCachingRegionFactory
21:24:25.226 [Test worker] INFO  o.h.annotations.common.Version - HCANN000001: Hibernate Commons Annotations {5.0.1.Final}
21:24:25.310 [Test worker] DEBUG org.hibernate.type.BasicTypeRegistry - Adding type registration boolean -> org.hibernate.type.BooleanType@37136b99
21:24:25.310 [Test worker] DEBUG org.hibernate.type.BasicTypeRegistry - Adding type registration boolean -> org.hibernate.type.BooleanType@37136b99
21:24:25.310 [Test worker] DEBUG org.hibernate.type.BasicTypeRegistry - Adding type registration java.lang.Boolean -> org.hibernate.type.BooleanType@37136b99
21:24:25.310 [Test worker] DEBUG org.hibernate.type.BasicTypeRegistry - Adding type registration numeric_boolean -> org.hibernate.type.NumericBooleanType@169f68ba
21:24:25.310 [Test worker] DEBUG org.hibernate.type.BasicTypeRegistry - Adding type registration true_false -> org.hibernate.type.TrueFalseType@173e1124
21:24:25.314 [Test worker] DEBUG org.hibernate.type.BasicTypeRegistry - Adding type registration yes_no -> org.hibernate.type.YesNoType@7f9b2328
21:24:25.314 [Test worker] DEBUG org.hibernate.type.BasicTypeRegistry - Adding type registration byte -> org.hibernate.type.ByteType@2005a584
21:24:25.314 [Test worker] DEBUG org.hibernate.type.BasicTypeRegistry - Adding type registration byte -> org.hibernate.type.ByteType@2005a584
21:24:25.314 [Test worker] DEBUG org.hibernate.type.BasicTypeRegistry - Adding type registration java.lang.Byte -> org.hibernate.type.ByteType@2005a584
21:24:25.314 [Test worker] DEBUG org.hibernate.type.BasicTypeRegistry - Adding type registration character -> org.hibernate.type.CharacterType@328ddfce
21:24:25.318 [Test worker] DEBUG org.hibernate.type.BasicTypeRegistry - Adding type registration char -> org.hibernate.type.CharacterType@328ddfce
21:24:25.318 [Test worker] DEBUG org.hibernate.type.BasicTypeRegistry - Adding type registration java.lang.Character -> org.hibernate.type.CharacterType@328ddfce
21:24:25.318 [Test worker] DEBUG org.hibernate.type.BasicTypeRegistry - Adding type registration short -> org.hibernate.type.ShortType@5033dd19
21:24:25.318 [Test worker] DEBUG org.hibernate.type.BasicTypeRegistry - Adding type registration short -> org.hibernate.type.ShortType@5033dd19
21:24:25.318 [Test worker] DEBUG org.hibernate.type.BasicTypeRegistry - Adding type registration java.lang.Short -> org.hibernate.type.ShortType@5033dd19
21:24:25.318 [Test worker] DEBUG org.hibernate.type.BasicTypeRegistry - Adding type registration integer -> org.hibernate.type.IntegerType@106dab30
21:24:25.318 [Test worker] DEBUG org.hibernate.type.BasicTypeRegistry - Adding type registration int -> org.hibernate.type.IntegerType@106dab30
21:24:25.322 [Test worker] DEBUG org.hibernate.type.BasicTypeRegistry - Adding type registration java.lang.Integer -> org.hibernate.type.IntegerType@106dab30
21:24:25.322 [Test worker] DEBUG org.hibernate.type.BasicTypeRegistry - Adding type registration long -> org.hibernate.type.LongType@1a9bde5f
21:24:25.322 [Test worker] DEBUG org.hibernate.type.BasicTypeRegistry - Adding type registration long -> org.hibernate.type.LongType@1a9bde5f
21:24:25.322 [Test worker] DEBUG org.hibernate.type.BasicTypeRegistry - Adding type registration java.lang.Long -> org.hibernate.type.LongType@1a9bde5f
21:24:25.326 [Test worker] DEBUG org.hibernate.type.BasicTypeRegistry - Adding type registration float -> org.hibernate.type.FloatType@565593f8
21:24:25.326 [Test worker] DEBUG org.hibernate.type.BasicTypeRegistry - Adding type registration float -> org.hibernate.type.FloatType@565593f8
21:24:25.326 [Test worker] DEBUG org.hibernate.type.BasicTypeRegistry - Adding type registration java.lang.Float -> org.hibernate.type.FloatType@565593f8
21:24:25.326 [Test worker] DEBUG org.hibernate.type.BasicTypeRegistry - Adding type registration double -> org.hibernate.type.DoubleType@398c798b
21:24:25.326 [Test worker] DEBUG org.hibernate.type.BasicTypeRegistry - Adding type registration double -> org.hibernate.type.DoubleType@398c798b
21:24:25.326 [Test worker] DEBUG org.hibernate.type.BasicTypeRegistry - Adding type registration java.lang.Double -> org.hibernate.type.DoubleType@398c798b
21:24:25.330 [Test worker] DEBUG org.hibernate.type.BasicTypeRegistry - Adding type registration big_decimal -> org.hibernate.type.BigDecimalType@11c26226
21:24:25.330 [Test worker] DEBUG org.hibernate.type.BasicTypeRegistry - Adding type registration java.math.BigDecimal -> org.hibernate.type.BigDecimalType@11c26226
21:24:25.330 [Test worker] DEBUG org.hibernate.type.BasicTypeRegistry - Adding type registration big_integer -> org.hibernate.type.BigIntegerType@106c9244
21:24:25.330 [Test worker] DEBUG org.hibernate.type.BasicTypeRegistry - Adding type registration java.math.BigInteger -> org.hibernate.type.BigIntegerType@106c9244
21:24:25.334 [Test worker] DEBUG org.hibernate.type.BasicTypeRegistry - Adding type registration string -> org.hibernate.type.StringType@6daa8e97
21:24:25.334 [Test worker] DEBUG org.hibernate.type.BasicTypeRegistry - Adding type registration java.lang.String -> org.hibernate.type.StringType@6daa8e97
21:24:25.334 [Test worker] DEBUG org.hibernate.type.BasicTypeRegistry - Adding type registration nstring -> org.hibernate.type.StringNVarcharType@76d6eb68
21:24:25.338 [Test worker] DEBUG org.hibernate.type.BasicTypeRegistry - Adding type registration ncharacter -> org.hibernate.type.CharacterNCharType@6577cda2
21:24:25.338 [Test worker] DEBUG org.hibernate.type.BasicTypeRegistry - Adding type registration url -> org.hibernate.type.UrlType@3d4ad743
21:24:25.338 [Test worker] DEBUG org.hibernate.type.BasicTypeRegistry - Adding type registration java.net.URL -> org.hibernate.type.UrlType@3d4ad743
21:24:25.342 [Test worker] DEBUG org.hibernate.type.BasicTypeRegistry - Adding type registration date -> org.hibernate.type.DateType@5eed3316
21:24:25.342 [Test worker] DEBUG org.hibernate.type.BasicTypeRegistry - Adding type registration java.sql.Date -> org.hibernate.type.DateType@5eed3316
21:24:25.346 [Test worker] DEBUG org.hibernate.type.BasicTypeRegistry - Adding type registration time -> org.hibernate.type.TimeType@6712c2fe
21:24:25.346 [Test worker] DEBUG org.hibernate.type.BasicTypeRegistry - Adding type registration java.sql.Time -> org.hibernate.type.TimeType@6712c2fe
21:24:25.350 [Test worker] DEBUG org.hibernate.type.BasicTypeRegistry - Adding type registration timestamp -> org.hibernate.type.TimestampType@5ca80280
21:24:25.350 [Test worker] DEBUG org.hibernate.type.BasicTypeRegistry - Adding type registration java.sql.Timestamp -> org.hibernate.type.TimestampType@5ca80280
21:24:25.350 [Test worker] DEBUG org.hibernate.type.BasicTypeRegistry - Adding type registration java.util.Date -> org.hibernate.type.TimestampType@5ca80280
21:24:25.350 [Test worker] DEBUG org.hibernate.type.BasicTypeRegistry - Adding type registration dbtimestamp -> org.hibernate.type.DbTimestampType@184f462a
21:24:25.354 [Test worker] DEBUG org.hibernate.type.BasicTypeRegistry - Adding type registration calendar -> org.hibernate.type.CalendarType@5d9df29c
21:24:25.354 [Test worker] DEBUG org.hibernate.type.BasicTypeRegistry - Adding type registration java.util.Calendar -> org.hibernate.type.CalendarType@5d9df29c
21:24:25.354 [Test worker] DEBUG org.hibernate.type.BasicTypeRegistry - Adding type registration java.util.GregorianCalendar -> org.hibernate.type.CalendarType@5d9df29c
21:24:25.354 [Test worker] DEBUG org.hibernate.type.BasicTypeRegistry - Adding type registration calendar_date -> org.hibernate.type.CalendarDateType@6e5e22e1
21:24:25.354 [Test worker] DEBUG org.hibernate.type.BasicTypeRegistry - Adding type registration locale -> org.hibernate.type.LocaleType@9f6d3a4
21:24:25.354 [Test worker] DEBUG org.hibernate.type.BasicTypeRegistry - Adding type registration java.util.Locale -> org.hibernate.type.LocaleType@9f6d3a4
21:24:25.358 [Test worker] DEBUG org.hibernate.type.BasicTypeRegistry - Adding type registration currency -> org.hibernate.type.CurrencyType@4d52971c
21:24:25.358 [Test worker] DEBUG org.hibernate.type.BasicTypeRegistry - Adding type registration java.util.Currency -> org.hibernate.type.CurrencyType@4d52971c
21:24:25.358 [Test worker] DEBUG org.hibernate.type.BasicTypeRegistry - Adding type registration timezone -> org.hibernate.type.TimeZoneType@b4bcc0d
21:24:25.358 [Test worker] DEBUG org.hibernate.type.BasicTypeRegistry - Adding type registration java.util.TimeZone -> org.hibernate.type.TimeZoneType@b4bcc0d
21:24:25.358 [Test worker] DEBUG org.hibernate.type.BasicTypeRegistry - Adding type registration class -> org.hibernate.type.ClassType@3b9cc3b2
21:24:25.358 [Test worker] DEBUG org.hibernate.type.BasicTypeRegistry - Adding type registration java.lang.Class -> org.hibernate.type.ClassType@3b9cc3b2
21:24:25.362 [Test worker] DEBUG org.hibernate.type.BasicTypeRegistry - Adding type registration uuid-binary -> org.hibernate.type.UUIDBinaryType@529481a2
21:24:25.362 [Test worker] DEBUG org.hibernate.type.BasicTypeRegistry - Adding type registration java.util.UUID -> org.hibernate.type.UUIDBinaryType@529481a2
21:24:25.362 [Test worker] DEBUG org.hibernate.type.BasicTypeRegistry - Adding type registration uuid-char -> org.hibernate.type.UUIDCharType@7f2407c1
21:24:25.366 [Test worker] DEBUG org.hibernate.type.BasicTypeRegistry - Adding type registration binary -> org.hibernate.type.BinaryType@2f04f913
21:24:25.366 [Test worker] DEBUG org.hibernate.type.BasicTypeRegistry - Adding type registration byte[] -> org.hibernate.type.BinaryType@2f04f913
21:24:25.366 [Test worker] DEBUG org.hibernate.type.BasicTypeRegistry - Adding type registration [B -> org.hibernate.type.BinaryType@2f04f913
21:24:25.366 [Test worker] DEBUG org.hibernate.type.BasicTypeRegistry - Adding type registration wrapper-binary -> org.hibernate.type.WrapperBinaryType@33374d6e
21:24:25.366 [Test worker] DEBUG org.hibernate.type.BasicTypeRegistry - Adding type registration Byte[] -> org.hibernate.type.WrapperBinaryType@33374d6e
21:24:25.366 [Test worker] DEBUG org.hibernate.type.BasicTypeRegistry - Adding type registration [Ljava.lang.Byte; -> org.hibernate.type.WrapperBinaryType@33374d6e
21:24:25.370 [Test worker] DEBUG org.hibernate.type.BasicTypeRegistry - Adding type registration row_version -> org.hibernate.type.RowVersionType@259c2503
21:24:25.370 [Test worker] DEBUG org.hibernate.type.BasicTypeRegistry - Adding type registration image -> org.hibernate.type.ImageType@53c158d6
21:24:25.374 [Test worker] DEBUG org.hibernate.type.BasicTypeRegistry - Adding type registration characters -> org.hibernate.type.CharArrayType@67befec7
21:24:25.374 [Test worker] DEBUG org.hibernate.type.BasicTypeRegistry - Adding type registration char[] -> org.hibernate.type.CharArrayType@67befec7
21:24:25.374 [Test worker] DEBUG org.hibernate.type.BasicTypeRegistry - Adding type registration [C -> org.hibernate.type.CharArrayType@67befec7
21:24:25.374 [Test worker] DEBUG org.hibernate.type.BasicTypeRegistry - Adding type registration wrapper-characters -> org.hibernate.type.CharacterArrayType@6de04245
21:24:25.374 [Test worker] DEBUG org.hibernate.type.BasicTypeRegistry - Adding type registration [Ljava.lang.Character; -> org.hibernate.type.CharacterArrayType@6de04245
21:24:25.374 [Test worker] DEBUG org.hibernate.type.BasicTypeRegistry - Adding type registration Character[] -> org.hibernate.type.CharacterArrayType@6de04245
21:24:25.378 [Test worker] DEBUG org.hibernate.type.BasicTypeRegistry - Adding type registration text -> org.hibernate.type.TextType@375d05ba
21:24:25.378 [Test worker] DEBUG org.hibernate.type.BasicTypeRegistry - Adding type registration ntext -> org.hibernate.type.NTextType@43c2974
21:24:25.386 [Test worker] DEBUG org.hibernate.type.BasicTypeRegistry - Adding type registration blob -> org.hibernate.type.BlobType@35d5c37d
21:24:25.386 [Test worker] DEBUG org.hibernate.type.BasicTypeRegistry - Adding type registration java.sql.Blob -> org.hibernate.type.BlobType@35d5c37d
21:24:25.386 [Test worker] DEBUG org.hibernate.type.BasicTypeRegistry - Adding type registration materialized_blob -> org.hibernate.type.MaterializedBlobType@541b676d
21:24:25.390 [Test worker] DEBUG org.hibernate.type.BasicTypeRegistry - Adding type registration clob -> org.hibernate.type.ClobType@28029168
21:24:25.390 [Test worker] DEBUG org.hibernate.type.BasicTypeRegistry - Adding type registration java.sql.Clob -> org.hibernate.type.ClobType@28029168
21:24:25.394 [Test worker] DEBUG org.hibernate.type.BasicTypeRegistry - Adding type registration nclob -> org.hibernate.type.NClobType@6ed43a40
21:24:25.394 [Test worker] DEBUG org.hibernate.type.BasicTypeRegistry - Adding type registration java.sql.NClob -> org.hibernate.type.NClobType@6ed43a40
21:24:25.394 [Test worker] DEBUG org.hibernate.type.BasicTypeRegistry - Adding type registration materialized_clob -> org.hibernate.type.MaterializedClobType@2f716930
21:24:25.398 [Test worker] DEBUG org.hibernate.type.BasicTypeRegistry - Adding type registration materialized_nclob -> org.hibernate.type.MaterializedNClobType@67ff8445
21:24:25.398 [Test worker] DEBUG org.hibernate.type.BasicTypeRegistry - Adding type registration serializable -> org.hibernate.type.SerializableType@775fcf88
21:24:25.402 [Test worker] DEBUG org.hibernate.type.BasicTypeRegistry - Adding type registration object -> org.hibernate.type.ObjectType@403a5644
21:24:25.402 [Test worker] DEBUG org.hibernate.type.BasicTypeRegistry - Adding type registration java.lang.Object -> org.hibernate.type.ObjectType@403a5644
21:24:25.402 [Test worker] DEBUG org.hibernate.type.BasicTypeRegistry - Adding type registration imm_date -> org.hibernate.type.AdaptedImmutableType@4ffb8f95
21:24:25.402 [Test worker] DEBUG org.hibernate.type.BasicTypeRegistry - Adding type registration imm_time -> org.hibernate.type.AdaptedImmutableType@5d616858
21:24:25.402 [Test worker] DEBUG org.hibernate.type.BasicTypeRegistry - Adding type registration imm_timestamp -> org.hibernate.type.AdaptedImmutableType@7556113e
21:24:25.402 [Test worker] DEBUG org.hibernate.type.BasicTypeRegistry - Adding type registration imm_dbtimestamp -> org.hibernate.type.AdaptedImmutableType@604e801f
21:24:25.402 [Test worker] DEBUG org.hibernate.type.BasicTypeRegistry - Adding type registration imm_calendar -> org.hibernate.type.AdaptedImmutableType@73da3ca4
21:24:25.402 [Test worker] DEBUG org.hibernate.type.BasicTypeRegistry - Adding type registration imm_calendar_date -> org.hibernate.type.AdaptedImmutableType@252fa92f
21:24:25.402 [Test worker] DEBUG org.hibernate.type.BasicTypeRegistry - Adding type registration imm_binary -> org.hibernate.type.AdaptedImmutableType@60b59355
[...]
21:24:28.863 [Test worker] DEBUG o.springframework.test.context.cache - Spring test ApplicationContext cache statistics: [DefaultContextCache@1bc0409c size = 1, maxSize = 32, parentContextCount = 0, hitCount = 10, missCount = 1]
21:24:28.863 [Test worker] DEBUG o.s.t.c.w.ServletTestExecutionListener - Setting up MockHttpServletRequest, MockHttpServletResponse, ServletWebRequest, and RequestContextHolder for test context [DefaultTestContext@61233546 testClass = SecurityConfigTests, testInstance = org.springframework.security.samples.config.SecurityConfigTests@1e6b2434, testMethod = [null], testException = [null], mergedContextConfiguration = [WebMergedContextConfiguration@65a4aa49 testClass = SecurityConfigTests, locations = '{}', classes = '{class org.springframework.security.samples.config.RootConfiguration, class org.springframework.security.samples.mvc.config.WebMvcConfiguration}', contextInitializerClasses = '[]', activeProfiles = '{}', propertySourceLocations = '{}', propertySourceProperties = '{}', contextCustomizers = set[[empty]], resourceBasePath = 'src/main/webapp', contextLoader = 'org.springframework.test.context.web.WebDelegatingSmartContextLoader', parent = [null]]].
21:24:28.863 [Test worker] DEBUG o.s.t.c.s.DependencyInjectionTestExecutionListener - Performing dependency injection for test context [[DefaultTestContext@61233546 testClass = SecurityConfigTests, testInstance = org.springframework.security.samples.config.SecurityConfigTests@1e6b2434, testMethod = [null], testException = [null], mergedContextConfiguration = [WebMergedContextConfiguration@65a4aa49 testClass = SecurityConfigTests, locations = '{}', classes = '{class org.springframework.security.samples.config.RootConfiguration, class org.springframework.security.samples.mvc.config.WebMvcConfiguration}', contextInitializerClasses = '[]', activeProfiles = '{}', propertySourceLocations = '{}', propertySourceProperties = '{}', contextCustomizers = set[[empty]], resourceBasePath = 'src/main/webapp', contextLoader = 'org.springframework.test.context.web.WebDelegatingSmartContextLoader', parent = [null]]]].
21:24:28.863 [Test worker] DEBUG o.s.t.c.c.DefaultCacheAwareContextLoaderDelegate - Retrieved ApplicationContext from cache with key [[WebMergedContextConfiguration@65a4aa49 testClass = SecurityConfigTests, locations = '{}', classes = '{class org.springframework.security.samples.config.RootConfiguration, class org.springframework.security.samples.mvc.config.WebMvcConfiguration}', contextInitializerClasses = '[]', activeProfiles = '{}', propertySourceLocations = '{}', propertySourceProperties = '{}', contextCustomizers = set[[empty]], resourceBasePath = 'src/main/webapp', contextLoader = 'org.springframework.test.context.web.WebDelegatingSmartContextLoader', parent = [null]]]
21:24:28.863 [Test worker] DEBUG o.springframework.test.context.cache - Spring test ApplicationContext cache statistics: [DefaultContextCache@1bc0409c size = 1, maxSize = 32, parentContextCount = 0, hitCount = 11, missCount = 1]
21:24:28.867 [Test worker] DEBUG o.s.b.f.annotation.InjectionMetadata - Processing injected element of bean 'org.springframework.security.samples.config.SecurityConfigTests': AutowiredFieldElement for private org.springframework.web.context.WebApplicationContext org.springframework.security.samples.config.SecurityConfigTests.context
21:24:28.867 [Test worker] DEBUG o.s.b.f.annotation.InjectionMetadata - Processing injected element of bean 'org.springframework.security.samples.config.SecurityConfigTests': AutowiredFieldElement for private javax.servlet.Filter org.springframework.security.samples.config.SecurityConfigTests.springSecurityFilterChain
21:24:28.867 [Test worker] DEBUG o.s.b.f.s.DefaultListableBeanFactory - Returning cached instance of singleton bean 'springSecurityFilterChain'
21:24:28.867 [Test worker] DEBUG o.s.t.c.s.AbstractDirtiesContextTestExecutionListener - Before test method: context [DefaultTestContext@61233546 testClass = SecurityConfigTests, testInstance = org.springframework.security.samples.config.SecurityConfigTests@1e6b2434, testMethod = loginSuccess@SecurityConfigTests, testException = [null], mergedContextConfiguration = [WebMergedContextConfiguration@65a4aa49 testClass = SecurityConfigTests, locations = '{}', classes = '{class org.springframework.security.samples.config.RootConfiguration, class org.springframework.security.samples.mvc.config.WebMvcConfiguration}', contextInitializerClasses = '[]', activeProfiles = '{}', propertySourceLocations = '{}', propertySourceProperties = '{}', contextCustomizers = set[[empty]], resourceBasePath = 'src/main/webapp', contextLoader = 'org.springframework.test.context.web.WebDelegatingSmartContextLoader', parent = [null]]], class annotated with @DirtiesContext [false] with mode [null], method annotated with @DirtiesContext [false] with mode [null].
21:24:28.867 [Test worker] DEBUG o.s.t.w.s.TestDispatcherServlet - Initializing servlet ''
21:24:28.867 [Test worker] DEBUG o.s.w.c.s.StandardServletEnvironment - Adding [servletConfigInitParams] PropertySource with lowest search precedence
21:24:28.867 [Test worker] DEBUG o.s.w.c.s.StandardServletEnvironment - Adding [servletContextInitParams] PropertySource with lowest search precedence
21:24:28.867 [Test worker] DEBUG o.s.w.c.s.StandardServletEnvironment - Adding [systemProperties] PropertySource with lowest search precedence
21:24:28.867 [Test worker] DEBUG o.s.w.c.s.StandardServletEnvironment - Adding [systemEnvironment] PropertySource with lowest search precedence
21:24:28.867 [Test worker] DEBUG o.s.w.c.s.StandardServletEnvironment - Initialized StandardServletEnvironment with PropertySources [servletConfigInitParams,servletContextInitParams,systemProperties,systemEnvironment]
21:24:28.867 [Test worker] INFO  o.s.mock.web.MockServletContext - Initializing Spring FrameworkServlet ''
21:24:28.867 [Test worker] INFO  o.s.t.w.s.TestDispatcherServlet - FrameworkServlet '': initialization started
21:24:28.867 [Test worker] DEBUG o.s.t.w.s.TestDispatcherServlet - Unable to locate MultipartResolver with name 'multipartResolver': no multipart request handling provided
21:24:28.867 [Test worker] DEBUG o.s.b.f.s.DefaultListableBeanFactory - Creating instance of bean 'org.springframework.web.servlet.i18n.AcceptHeaderLocaleResolver'
21:24:28.867 [Test worker] DEBUG o.s.b.f.s.DefaultListableBeanFactory - Finished creating instance of bean 'org.springframework.web.servlet.i18n.AcceptHeaderLocaleResolver'
21:24:28.867 [Test worker] DEBUG o.s.t.w.s.TestDispatcherServlet - Unable to locate LocaleResolver with name 'localeResolver': using default [org.springframework.web.servlet.i18n.AcceptHeaderLocaleResolver@300263aa]
21:24:28.867 [Test worker] DEBUG o.s.b.f.s.DefaultListableBeanFactory - Creating instance of bean 'org.springframework.web.servlet.theme.FixedThemeResolver'
21:24:28.867 [Test worker] DEBUG o.s.b.f.s.DefaultListableBeanFactory - Finished creating instance of bean 'org.springframework.web.servlet.theme.FixedThemeResolver'
21:24:28.867 [Test worker] DEBUG o.s.t.w.s.TestDispatcherServlet - Unable to locate ThemeResolver with name 'themeResolver': using default [org.springframework.web.servlet.theme.FixedThemeResolver@1925fd97]
21:24:28.867 [Test worker] DEBUG o.s.b.f.s.DefaultListableBeanFactory - Returning cached instance of singleton bean 'beanNameHandlerMapping'
21:24:28.867 [Test worker] DEBUG o.s.b.f.s.DefaultListableBeanFactory - Returning cached instance of singleton bean 'resourceHandlerMapping'
21:24:28.867 [Test worker] DEBUG o.s.b.f.s.DefaultListableBeanFactory - Returning cached instance of singleton bean 'requestMappingHandlerMapping'
21:24:28.867 [Test worker] DEBUG o.s.b.f.s.DefaultListableBeanFactory - Returning cached instance of singleton bean 'viewControllerHandlerMapping'
21:24:28.867 [Test worker] DEBUG o.s.b.f.s.DefaultListableBeanFactory - Returning cached instance of singleton bean 'defaultServletHandlerMapping'
21:24:28.867 [Test worker] DEBUG o.s.b.f.s.DefaultListableBeanFactory - Returning cached instance of singleton bean 'httpRequestHandlerAdapter'
21:24:28.867 [Test worker] DEBUG o.s.b.f.s.DefaultListableBeanFactory - Returning cached instance of singleton bean 'simpleControllerHandlerAdapter'
21:24:28.867 [Test worker] DEBUG o.s.b.f.s.DefaultListableBeanFactory - Returning cached instance of singleton bean 'requestMappingHandlerAdapter'
21:24:28.867 [Test worker] DEBUG o.s.b.f.s.DefaultListableBeanFactory - Returning cached instance of singleton bean 'handlerExceptionResolver'
21:24:28.867 [Test worker] DEBUG o.s.b.f.s.DefaultListableBeanFactory - Creating instance of bean 'org.springframework.web.servlet.view.DefaultRequestToViewNameTranslator'
21:24:28.867 [Test worker] DEBUG o.s.b.f.s.DefaultListableBeanFactory - Finished creating instance of bean 'org.springframework.web.servlet.view.DefaultRequestToViewNameTranslator'
21:24:28.867 [Test worker] DEBUG o.s.t.w.s.TestDispatcherServlet - Unable to locate RequestToViewNameTranslator with name 'viewNameTranslator': using default [org.springframework.web.servlet.view.DefaultRequestToViewNameTranslator@5ea82003]
21:24:28.871 [Test worker] DEBUG o.s.b.f.s.DefaultListableBeanFactory - Returning cached instance of singleton bean 'mvcViewResolver'
21:24:28.871 [Test worker] DEBUG o.s.b.f.s.DefaultListableBeanFactory - Returning cached instance of singleton bean 'viewResolver'
21:24:28.871 [Test worker] DEBUG o.s.b.f.s.DefaultListableBeanFactory - Creating instance of bean 'org.springframework.web.servlet.support.SessionFlashMapManager'
21:24:28.871 [Test worker] DEBUG o.s.b.f.s.DefaultListableBeanFactory - Finished creating instance of bean 'org.springframework.web.servlet.support.SessionFlashMapManager'
21:24:28.871 [Test worker] DEBUG o.s.t.w.s.TestDispatcherServlet - Unable to locate FlashMapManager with name 'flashMapManager': using default [org.springframework.web.servlet.support.SessionFlashMapManager@4cdd681a]
21:24:28.871 [Test worker] DEBUG o.s.t.w.s.TestDispatcherServlet - Published WebApplicationContext of servlet '' as ServletContext attribute with name [org.springframework.web.servlet.FrameworkServlet.CONTEXT.]
21:24:28.871 [Test worker] INFO  o.s.t.w.s.TestDispatcherServlet - FrameworkServlet '': initialization completed in 4 ms
21:24:28.871 [Test worker] DEBUG o.s.t.w.s.TestDispatcherServlet - Servlet '' configured successfully
21:24:28.871 [Test worker] DEBUG o.s.b.f.s.DefaultListableBeanFactory - Returning cached instance of singleton bean 'springSecurityFilterChain'
21:24:28.871 [Test worker] DEBUG o.s.test.util.ReflectionTestUtils - Invoking method 'getFilters' on target object [FilterChainProxy[Filter Chains: [[ org.springframework.security.web.util.matcher.AnyRequestMatcher@1, [org.springframework.security.web.context.request.async.WebAsyncManagerIntegrationFilter@8e7c977, org.springframework.security.web.context.SecurityContextPersistenceFilter@3ad13378, org.springframework.security.web.header.HeaderWriterFilter@4ddeda51, org.springframework.security.web.csrf.CsrfFilter@1d2975f9, org.springframework.security.web.authentication.logout.LogoutFilter@445959da, org.springframework.security.web.authentication.UsernamePasswordAuthenticationFilter@56701d30, org.springframework.security.web.authentication.ui.DefaultLoginPageGeneratingFilter@edfa1cc, org.springframework.security.web.authentication.www.BasicAuthenticationFilter@172350e5, org.springframework.security.web.savedrequest.RequestCacheAwareFilter@57b35c90, org.springframework.security.web.servletapi.SecurityContextHolderAwareRequestFilter@721cea5e, org.springframework.security.web.authentication.AnonymousAuthenticationFilter@363fe229, org.springframework.security.web.session.SessionManagementFilter@2ef588e4, org.springframework.security.web.access.ExceptionTranslationFilter@4dc3356e, org.springframework.security.web.access.intercept.FilterSecurityInterceptor@5e1cb62b]]]]] with arguments {org.springframework.mock.web.MockHttpServletRequest@6f615d18}
21:24:28.871 [Test worker] DEBUG o.s.test.util.ReflectionTestUtils - Getting field 'tokenRepository' from target object [org.springframework.security.web.csrf.CsrfFilter@1d2975f9] or target class [class org.springframework.security.web.csrf.CsrfFilter]
21:24:28.871 [Test worker] DEBUG o.s.security.web.FilterChainProxy - /login at position 1 of 14 in additional filter chain; firing Filter: 'WebAsyncManagerIntegrationFilter'
21:24:28.871 [Test worker] DEBUG o.s.security.web.FilterChainProxy - /login at position 2 of 14 in additional filter chain; firing Filter: 'SecurityContextPersistenceFilter'
21:24:28.871 [Test worker] DEBUG o.s.s.w.c.HttpSessionSecurityContextRepository - No HttpSession currently exists
21:24:28.871 [Test worker] DEBUG o.s.s.w.c.HttpSessionSecurityContextRepository - No SecurityContext was available from the HttpSession: null. A new one will be created.
21:24:28.871 [Test worker] DEBUG o.s.security.web.FilterChainProxy - /login at position 3 of 14 in additional filter chain; firing Filter: 'HeaderWriterFilter'
21:24:28.871 [Test worker] DEBUG o.s.s.w.h.writers.HstsHeaderWriter - Not injecting HSTS header since it did not match the requestMatcher org.springframework.security.web.header.writers.HstsHeaderWriter$SecureRequestMatcher@3a90b87b
21:24:28.871 [Test worker] DEBUG o.s.security.web.FilterChainProxy - /login at position 4 of 14 in additional filter chain; firing Filter: 'CsrfFilter'
21:24:28.871 [Test worker] DEBUG o.s.security.web.FilterChainProxy - /login at position 5 of 14 in additional filter chain; firing Filter: 'LogoutFilter'
21:24:28.871 [Test worker] DEBUG o.s.s.w.u.m.AntPathRequestMatcher - Checking match of request : '/login'; against '/logout'
21:24:28.871 [Test worker] DEBUG o.s.security.web.FilterChainProxy - /login at position 6 of 14 in additional filter chain; firing Filter: 'UsernamePasswordAuthenticationFilter'
21:24:28.871 [Test worker] DEBUG o.s.s.w.u.m.AntPathRequestMatcher - Checking match of request : '/login'; against '/login'
21:24:28.871 [Test worker] DEBUG o.s.s.w.a.UsernamePasswordAuthenticationFilter - Request is to process authentication
21:24:28.871 [Test worker] DEBUG o.s.s.authentication.ProviderManager - Authentication attempt using org.springframework.security.authentication.dao.DaoAuthenticationProvider
21:24:28.871 [Test worker] DEBUG o.s.s.w.a.s.CompositeSessionAuthenticationStrategy - Delegating to org.springframework.security.web.authentication.session.SessionFixationProtectionStrategy@6164da50
21:24:28.871 [Test worker] DEBUG o.s.s.w.a.s.CompositeSessionAuthenticationStrategy - Delegating to org.springframework.security.web.csrf.CsrfAuthenticationStrategy@591edc26
21:24:28.871 [Test worker] DEBUG o.s.s.w.a.UsernamePasswordAuthenticationFilter - Authentication success. Updating SecurityContextHolder to contain: org.springframework.security.authentication.UsernamePasswordAuthenticationToken@442b7c85: Principal: org.springframework.security.core.userdetails.User@36ebcb: Username: user; Password: [PROTECTED]; Enabled: true; AccountNonExpired: true; credentialsNonExpired: true; AccountNonLocked: true; Granted Authorities: ROLE_USER; Credentials: [PROTECTED]; Authenticated: true; Details: org.springframework.security.web.authentication.WebAuthenticationDetails@957e: RemoteIpAddress: 127.0.0.1; SessionId: null; Granted Authorities: ROLE_USER
21:24:28.871 [Test worker] DEBUG o.s.b.f.s.DefaultListableBeanFactory - Returning cached instance of singleton bean 'delegatingApplicationListener'
21:24:28.871 [Test worker] DEBUG o.s.s.w.a.SavedRequestAwareAuthenticationSuccessHandler - Using default Url: /
21:24:28.871 [Test worker] DEBUG o.s.s.web.DefaultRedirectStrategy - Redirecting to '/'
21:24:28.871 [Test worker] DEBUG o.s.s.w.c.HttpSessionSecurityContextRepository - HttpSession being created as SecurityContext is non-default
21:24:28.871 [Test worker] DEBUG o.s.s.w.c.HttpSessionSecurityContextRepository - SecurityContext 'org.springframework.security.core.context.SecurityContextImpl@442b7c85: Authentication: org.springframework.security.authentication.UsernamePasswordAuthenticationToken@442b7c85: Principal: org.springframework.security.core.userdetails.User@36ebcb: Username: user; Password: [PROTECTED]; Enabled: true; AccountNonExpired: true; credentialsNonExpired: true; AccountNonLocked: true; Granted Authorities: ROLE_USER; Credentials: [PROTECTED]; Authenticated: true; Details: org.springframework.security.web.authentication.WebAuthenticationDetails@957e: RemoteIpAddress: 127.0.0.1; SessionId: null; Granted Authorities: ROLE_USER' stored to HttpSession: 'org.springframework.mock.web.MockHttpSession@4ff62ee
21:24:28.875 [Test worker] DEBUG o.s.s.w.c.SecurityContextPersistenceFilter - SecurityContextHolder now cleared, as request processing completed
21:24:28.875 [Test worker] DEBUG o.s.t.c.s.AbstractDirtiesContextTestExecutionListener - After test method: context [DefaultTestContext@61233546 testClass = SecurityConfigTests, testInstance = org.springframework.security.samples.config.SecurityConfigTests@1e6b2434, testMethod = loginSuccess@SecurityConfigTests, testException = [null], mergedContextConfiguration = [WebMergedContextConfiguration@65a4aa49 testClass = SecurityConfigTests, locations = '{}', classes = '{class org.springframework.security.samples.config.RootConfiguration, class org.springframework.security.samples.mvc.config.WebMvcConfiguration}', contextInitializerClasses = '[]', activeProfiles = '{}', propertySourceLocations = '{}', propertySourceProperties = '{}', contextCustomizers = set[[empty]], resourceBasePath = 'src/main/webapp', contextLoader = 'org.springframework.test.context.web.WebDelegatingSmartContextLoader', parent = [null]]], class annotated with @DirtiesContext [false] with mode [null], method annotated with @DirtiesContext [false] with mode [null].
21:24:28.875 [Test worker] DEBUG o.s.t.c.w.ServletTestExecutionListener - Resetting RequestContextHolder for test context [DefaultTestContext@61233546 testClass = SecurityConfigTests, testInstance = org.springframework.security.samples.config.SecurityConfigTests@1e6b2434, testMethod = loginSuccess@SecurityConfigTests, testException = [null], mergedContextConfiguration = [WebMergedContextConfiguration@65a4aa49 testClass = SecurityConfigTests, locations = '{}', classes = '{class org.springframework.security.samples.config.RootConfiguration, class org.springframework.security.samples.mvc.config.WebMvcConfiguration}', contextInitializerClasses = '[]', activeProfiles = '{}', propertySourceLocations = '{}', propertySourceProperties = '{}', contextCustomizers = set[[empty]], resourceBasePath = 'src/main/webapp', contextLoader = 'org.springframework.test.context.web.WebDelegatingSmartContextLoader', parent = [null]]].
21:24:28.875 [Test worker] DEBUG o.s.t.c.s.AbstractDirtiesContextTestExecutionListener - After test class: context [DefaultTestContext@61233546 testClass = SecurityConfigTests, testInstance = [null], testMethod = [null], testException = [null], mergedContextConfiguration = [WebMergedContextConfiguration@65a4aa49 testClass = SecurityConfigTests, locations = '{}', classes = '{class org.springframework.security.samples.config.RootConfiguration, class org.springframework.security.samples.mvc.config.WebMvcConfiguration}', contextInitializerClasses = '[]', activeProfiles = '{}', propertySourceLocations = '{}', propertySourceProperties = '{}', contextCustomizers = set[[empty]], resourceBasePath = 'src/main/webapp', contextLoader = 'org.springframework.test.context.web.WebDelegatingSmartContextLoader', parent = [null]]], class annotated with @DirtiesContext [false] with mode [null].
]]></system-out>
  <system-err><![CDATA[]]></system-err>
</testsuite>
