<?xml version="1.0" encoding="UTF-8"?>
<testsuite name="org.springframework.security.samples.config.SecurityConfigTests" tests="8" skipped="0" failures="0" errors="0" timestamp="2017-10-31T13:23:37" hostname="DESKTOP-AB1JH69" time="1.186">
  <properties/>
  <testcase name="requestProtectedResourceRequiresAuthentication" classname="org.springframework.security.samples.config.SecurityConfigTests" time="0.138"/>
  <testcase name="composeMessageRequiresCsrfToken" classname="org.springframework.security.samples.config.SecurityConfigTests" time="0.015"/>
  <testcase name="logoutSuccess" classname="org.springframework.security.samples.config.SecurityConfigTests" time="0.014"/>
  <testcase name="loginFailure" classname="org.springframework.security.samples.config.SecurityConfigTests" time="0.013"/>
  <testcase name="requestProtectedResourceWithUser" classname="org.springframework.security.samples.config.SecurityConfigTests" time="0.843"/>
  <testcase name="composeMessage" classname="org.springframework.security.samples.config.SecurityConfigTests" time="0.138"/>
  <testcase name="logoutRequiresCsrfToken" classname="org.springframework.security.samples.config.SecurityConfigTests" time="0.007"/>
  <testcase name="loginSuccess" classname="org.springframework.security.samples.config.SecurityConfigTests" time="0.007"/>
  <system-out><![CDATA[21:23:33.546 [Test worker] DEBUG o.s.t.c.j.SpringJUnit4ClassRunner - SpringJUnit4ClassRunner constructor called with [class org.springframework.security.samples.config.SecurityConfigTests]
21:23:33.561 [Test worker] DEBUG o.s.test.context.BootstrapUtils - Instantiating CacheAwareContextLoaderDelegate from class [org.springframework.test.context.cache.DefaultCacheAwareContextLoaderDelegate]
21:23:33.561 [Test worker] DEBUG o.s.test.context.BootstrapUtils - Instantiating BootstrapContext using constructor [public org.springframework.test.context.support.DefaultBootstrapContext(java.lang.Class,org.springframework.test.context.CacheAwareContextLoaderDelegate)]
21:23:33.577 [Test worker] DEBUG o.s.test.context.BootstrapUtils - Instantiating TestContextBootstrapper for test class [org.springframework.security.samples.config.SecurityConfigTests] from class [org.springframework.test.context.web.WebTestContextBootstrapper]
21:23:33.608 [Test worker] DEBUG o.s.t.c.s.AbstractDelegatingSmartContextLoader - Delegating to AnnotationConfigWebContextLoader to process context configuration [ContextConfigurationAttributes@17b27031 declaringClass = 'org.springframework.security.samples.config.SecurityConfigTests', classes = '{class org.springframework.security.samples.config.RootConfiguration, class org.springframework.security.samples.mvc.config.WebMvcConfiguration}', locations = '{}', inheritLocations = true, initializers = '{}', inheritInitializers = true, name = [null], contextLoaderClass = 'org.springframework.test.context.ContextLoader'].
21:23:33.624 [Test worker] DEBUG o.s.t.c.support.ActiveProfilesUtils - Could not find an 'annotation declaring class' for annotation type [org.springframework.test.context.ActiveProfiles] and class [org.springframework.security.samples.config.SecurityConfigTests]
21:23:33.639 [Test worker] INFO  o.s.t.c.w.WebTestContextBootstrapper - Using TestExecutionListeners: [org.springframework.test.context.web.ServletTestExecutionListener@78ff47c2, org.springframework.test.context.support.DependencyInjectionTestExecutionListener@ecd554a, org.springframework.test.context.support.DirtiesContextTestExecutionListener@2296aa58, org.springframework.test.context.transaction.TransactionalTestExecutionListener@eadca92, org.springframework.security.test.context.support.WithSecurityContextTestExecutionListener@c6e4dd2]
21:23:33.639 [Test worker] DEBUG o.s.t.annotation.ProfileValueUtils - Retrieved @ProfileValueSourceConfiguration [null] for test class [org.springframework.security.samples.config.SecurityConfigTests]
21:23:33.639 [Test worker] DEBUG o.s.t.annotation.ProfileValueUtils - Retrieved ProfileValueSource type [class org.springframework.test.annotation.SystemProfileValueSource] for class [org.springframework.security.samples.config.SecurityConfigTests]
21:23:33.639 [Test worker] DEBUG o.s.t.annotation.ProfileValueUtils - Retrieved @ProfileValueSourceConfiguration [null] for test class [org.springframework.security.samples.config.SecurityConfigTests]
21:23:33.639 [Test worker] DEBUG o.s.t.annotation.ProfileValueUtils - Retrieved ProfileValueSource type [class org.springframework.test.annotation.SystemProfileValueSource] for class [org.springframework.security.samples.config.SecurityConfigTests]
21:23:33.655 [Test worker] DEBUG o.s.t.annotation.ProfileValueUtils - Retrieved @ProfileValueSourceConfiguration [null] for test class [org.springframework.security.samples.config.SecurityConfigTests]
21:23:33.655 [Test worker] DEBUG o.s.t.annotation.ProfileValueUtils - Retrieved ProfileValueSource type [class org.springframework.test.annotation.SystemProfileValueSource] for class [org.springframework.security.samples.config.SecurityConfigTests]
21:23:33.655 [Test worker] DEBUG o.s.t.c.s.AbstractDelegatingSmartContextLoader - Delegating to AnnotationConfigWebContextLoader to load context from [WebMergedContextConfiguration@1aa0e92b testClass = SecurityConfigTests, locations = '{}', classes = '{class org.springframework.security.samples.config.RootConfiguration, class org.springframework.security.samples.mvc.config.WebMvcConfiguration}', contextInitializerClasses = '[]', activeProfiles = '{}', propertySourceLocations = '{}', propertySourceProperties = '{}', contextCustomizers = set[[empty]], resourceBasePath = 'src/main/webapp', contextLoader = 'org.springframework.test.context.web.WebDelegatingSmartContextLoader', parent = [null]].
21:23:33.655 [Test worker] DEBUG o.s.t.c.w.AbstractGenericWebContextLoader - Loading WebApplicationContext for merged context configuration [WebMergedContextConfiguration@1aa0e92b testClass = SecurityConfigTests, locations = '{}', classes = '{class org.springframework.security.samples.config.RootConfiguration, class org.springframework.security.samples.mvc.config.WebMvcConfiguration}', contextInitializerClasses = '[]', activeProfiles = '{}', propertySourceLocations = '{}', propertySourceProperties = '{}', contextCustomizers = set[[empty]], resourceBasePath = 'src/main/webapp', contextLoader = 'org.springframework.test.context.web.WebDelegatingSmartContextLoader', parent = [null]].
21:23:33.717 [Test worker] DEBUG o.s.w.c.s.StandardServletEnvironment - Adding [servletConfigInitParams] PropertySource with lowest search precedence
21:23:33.717 [Test worker] DEBUG o.s.w.c.s.StandardServletEnvironment - Adding [servletContextInitParams] PropertySource with lowest search precedence
21:23:33.717 [Test worker] DEBUG o.s.w.c.s.StandardServletEnvironment - Adding [systemProperties] PropertySource with lowest search precedence
21:23:33.717 [Test worker] DEBUG o.s.w.c.s.StandardServletEnvironment - Adding [systemEnvironment] PropertySource with lowest search precedence
21:23:33.717 [Test worker] DEBUG o.s.w.c.s.StandardServletEnvironment - Initialized StandardServletEnvironment with PropertySources [servletConfigInitParams,servletContextInitParams,systemProperties,systemEnvironment]
21:23:33.717 [Test worker] DEBUG o.s.t.c.w.AnnotationConfigWebContextLoader - Registering annotated classes: {class org.springframework.security.samples.config.RootConfiguration, class org.springframework.security.samples.mvc.config.WebMvcConfiguration}
21:23:33.780 [Test worker] INFO  o.s.w.c.s.GenericWebApplicationContext - Refreshing org.springframework.web.context.support.GenericWebApplicationContext@37f46c5: startup date [Tue Oct 31 21:23:33 CST 2017]; root of context hierarchy
21:23:33.796 [Test worker] DEBUG o.s.w.c.s.StandardServletEnvironment - Replacing [servletContextInitParams] PropertySource with [servletContextInitParams]
21:23:33.796 [Test worker] DEBUG o.s.w.c.s.GenericWebApplicationContext - Bean factory for org.springframework.web.context.support.GenericWebApplicationContext@37f46c5: org.springframework.beans.factory.support.DefaultListableBeanFactory@1ee24100: defining beans [org.springframework.context.annotation.internalConfigurationAnnotationProcessor,org.springframework.context.annotation.internalAutowiredAnnotationProcessor,org.springframework.context.annotation.internalRequiredAnnotationProcessor,org.springframework.context.annotation.internalCommonAnnotationProcessor,org.springframework.context.annotation.internalPersistenceAnnotationProcessor,org.springframework.context.event.internalEventListenerProcessor,org.springframework.context.event.internalEventListenerFactory,rootConfiguration,webMvcConfiguration]; root of factory hierarchy
21:23:33.811 [Test worker] DEBUG o.s.b.f.s.DefaultListableBeanFactory - Registering scope 'request' with implementation [org.springframework.web.context.request.RequestScope@1f0dd0dd]
21:23:33.811 [Test worker] DEBUG o.s.b.f.s.DefaultListableBeanFactory - Registering scope 'session' with implementation [org.springframework.web.context.request.SessionScope@4748a1e2]
21:23:33.811 [Test worker] DEBUG o.s.b.f.s.DefaultListableBeanFactory - Registering scope 'globalSession' with implementation [org.springframework.web.context.request.SessionScope@36321aee]
21:23:33.811 [Test worker] DEBUG o.s.b.f.s.DefaultListableBeanFactory - Registering scope 'application' with implementation [org.springframework.web.context.support.ServletContextScope@65eb7995]
21:23:33.811 [Test worker] DEBUG o.s.b.f.s.DefaultListableBeanFactory - Creating shared instance of singleton bean 'org.springframework.context.annotation.internalConfigurationAnnotationProcessor'
21:23:33.811 [Test worker] DEBUG o.s.b.f.s.DefaultListableBeanFactory - Creating instance of bean 'org.springframework.context.annotation.internalConfigurationAnnotationProcessor'
21:23:33.842 [Test worker] DEBUG o.s.b.f.s.DefaultListableBeanFactory - Eagerly caching bean 'org.springframework.context.annotation.internalConfigurationAnnotationProcessor' to allow for resolving potential circular references
21:23:33.842 [Test worker] DEBUG o.s.b.f.s.DefaultListableBeanFactory - Finished creating instance of bean 'org.springframework.context.annotation.internalConfigurationAnnotationProcessor'
21:23:33.858 [Test worker] DEBUG o.s.core.env.StandardEnvironment - Adding [systemProperties] PropertySource with lowest search precedence
21:23:33.858 [Test worker] DEBUG o.s.core.env.StandardEnvironment - Adding [systemEnvironment] PropertySource with lowest search precedence
21:23:33.858 [Test worker] DEBUG o.s.core.env.StandardEnvironment - Initialized StandardEnvironment with PropertySources [systemProperties,systemEnvironment]
21:23:33.874 [Test worker] DEBUG o.s.c.i.s.PathMatchingResourcePatternResolver - Resolved classpath location [org/springframework/security/samples/config/] to resources [URL [file:/D:/spring-security-4.2.2.RELEASE/samples/javaconfig/hellomvc/build/classes/test/org/springframework/security/samples/config/], URL [file:/D:/spring-security-4.2.2.RELEASE/samples/javaconfig/hellomvc/build/classes/main/org/springframework/security/samples/config/], URL [jar:file:/D:/spring-security-4.2.2.RELEASE/samples/javaconfig/messages/build/libs/spring-security-samples-javaconfig-messages-4.2.2.RELEASE.jar!/org/springframework/security/samples/config/]]
21:23:33.874 [Test worker] DEBUG o.s.c.i.s.PathMatchingResourcePatternResolver - Looking for matching resources in directory tree [D:\spring-security-4.2.2.RELEASE\samples\javaconfig\hellomvc\build\classes\test\org\springframework\security\samples\config]
21:23:33.874 [Test worker] DEBUG o.s.c.i.s.PathMatchingResourcePatternResolver - Searching directory [D:\spring-security-4.2.2.RELEASE\samples\javaconfig\hellomvc\build\classes\test\org\springframework\security\samples\config] for files matching pattern [D:/spring-security-4.2.2.RELEASE/samples/javaconfig/hellomvc/build/classes/test/org/springframework/security/samples/config/**/*.class]
21:23:33.874 [Test worker] DEBUG o.s.c.i.s.PathMatchingResourcePatternResolver - Looking for matching resources in directory tree [D:\spring-security-4.2.2.RELEASE\samples\javaconfig\hellomvc\build\classes\main\org\springframework\security\samples\config]
21:23:33.874 [Test worker] DEBUG o.s.c.i.s.PathMatchingResourcePatternResolver - Searching directory [D:\spring-security-4.2.2.RELEASE\samples\javaconfig\hellomvc\build\classes\main\org\springframework\security\samples\config] for files matching pattern [D:/spring-security-4.2.2.RELEASE/samples/javaconfig/hellomvc/build/classes/main/org/springframework/security/samples/config/**/*.class]
21:23:33.874 [Test worker] DEBUG o.s.c.i.s.PathMatchingResourcePatternResolver - Looking for matching resources in jar file [file:/D:/spring-security-4.2.2.RELEASE/samples/javaconfig/messages/build/libs/spring-security-samples-javaconfig-messages-4.2.2.RELEASE.jar]
21:23:33.874 [Test worker] DEBUG o.s.c.i.s.PathMatchingResourcePatternResolver - Resolved location pattern [classpath*:org/springframework/security/samples/config/**/*.class] to resources [file [D:\spring-security-4.2.2.RELEASE\samples\javaconfig\hellomvc\build\classes\test\org\springframework\security\samples\config\SecurityConfigTests.class], file [D:\spring-security-4.2.2.RELEASE\samples\javaconfig\hellomvc\build\classes\main\org\springframework\security\samples\config\MessageSecurityWebApplicationInitializer.class], file [D:\spring-security-4.2.2.RELEASE\samples\javaconfig\hellomvc\build\classes\main\org\springframework\security\samples\config\SecurityConfig.class], URL [jar:file:/D:/spring-security-4.2.2.RELEASE/samples/javaconfig/messages/build/libs/spring-security-samples-javaconfig-messages-4.2.2.RELEASE.jar!/org/springframework/security/samples/config/DataConfiguration.class], URL [jar:file:/D:/spring-security-4.2.2.RELEASE/samples/javaconfig/messages/build/libs/spring-security-samples-javaconfig-messages-4.2.2.RELEASE.jar!/org/springframework/security/samples/config/MessageWebApplicationInitializer.class], URL [jar:file:/D:/spring-security-4.2.2.RELEASE/samples/javaconfig/messages/build/libs/spring-security-samples-javaconfig-messages-4.2.2.RELEASE.jar!/org/springframework/security/samples/config/RootConfiguration.class]]
21:23:33.905 [Test worker] DEBUG o.s.c.a.ClassPathBeanDefinitionScanner - Identified candidate component class: file [D:\spring-security-4.2.2.RELEASE\samples\javaconfig\hellomvc\build\classes\main\org\springframework\security\samples\config\SecurityConfig.class]
21:23:33.921 [Test worker] DEBUG o.s.c.a.ClassPathBeanDefinitionScanner - Identified candidate component class: URL [jar:file:/D:/spring-security-4.2.2.RELEASE/samples/javaconfig/messages/build/libs/spring-security-samples-javaconfig-messages-4.2.2.RELEASE.jar!/org/springframework/security/samples/config/DataConfiguration.class]
21:23:33.967 [Test worker] DEBUG o.s.core.env.StandardEnvironment - Adding [systemProperties] PropertySource with lowest search precedence
21:23:33.967 [Test worker] DEBUG o.s.core.env.StandardEnvironment - Adding [systemEnvironment] PropertySource with lowest search precedence
21:23:33.967 [Test worker] DEBUG o.s.core.env.StandardEnvironment - Initialized StandardEnvironment with PropertySources [systemProperties,systemEnvironment]
21:23:33.967 [Test worker] DEBUG o.s.c.i.s.PathMatchingResourcePatternResolver - Resolved classpath location [org/springframework/security/samples/mvc/] to resources [URL [jar:file:/D:/spring-security-4.2.2.RELEASE/samples/javaconfig/messages/build/libs/spring-security-samples-javaconfig-messages-4.2.2.RELEASE.jar!/org/springframework/security/samples/mvc/]]
21:23:33.967 [Test worker] DEBUG o.s.c.i.s.PathMatchingResourcePatternResolver - Looking for matching resources in jar file [file:/D:/spring-security-4.2.2.RELEASE/samples/javaconfig/messages/build/libs/spring-security-samples-javaconfig-messages-4.2.2.RELEASE.jar]
21:23:33.967 [Test worker] DEBUG o.s.c.i.s.PathMatchingResourcePatternResolver - Resolved location pattern [classpath*:org/springframework/security/samples/mvc/**/*.class] to resources [URL [jar:file:/D:/spring-security-4.2.2.RELEASE/samples/javaconfig/messages/build/libs/spring-security-samples-javaconfig-messages-4.2.2.RELEASE.jar!/org/springframework/security/samples/mvc/config/WebMvcConfiguration.class], URL [jar:file:/D:/spring-security-4.2.2.RELEASE/samples/javaconfig/messages/build/libs/spring-security-samples-javaconfig-messages-4.2.2.RELEASE.jar!/org/springframework/security/samples/mvc/DefaultController.class], URL [jar:file:/D:/spring-security-4.2.2.RELEASE/samples/javaconfig/messages/build/libs/spring-security-samples-javaconfig-messages-4.2.2.RELEASE.jar!/org/springframework/security/samples/mvc/MessageController.class]]
21:23:33.983 [Test worker] DEBUG o.s.c.a.ClassPathBeanDefinitionScanner - Identified candidate component class: URL [jar:file:/D:/spring-security-4.2.2.RELEASE/samples/javaconfig/messages/build/libs/spring-security-samples-javaconfig-messages-4.2.2.RELEASE.jar!/org/springframework/security/samples/mvc/DefaultController.class]
21:23:33.983 [Test worker] DEBUG o.s.c.a.ClassPathBeanDefinitionScanner - Identified candidate component class: URL [jar:file:/D:/spring-security-4.2.2.RELEASE/samples/javaconfig/messages/build/libs/spring-security-samples-javaconfig-messages-4.2.2.RELEASE.jar!/org/springframework/security/samples/mvc/MessageController.class]
21:23:34.030 [Test worker] DEBUG o.s.c.a.ConfigurationClassBeanDefinitionReader - Registered bean definition for imported class 'org.springframework.security.config.annotation.configuration.ObjectPostProcessorConfiguration'
21:23:34.046 [Test worker] DEBUG o.s.c.a.ConfigurationClassBeanDefinitionReader - Registering bean definition for @Bean method org.springframework.security.config.annotation.configuration.ObjectPostProcessorConfiguration.objectPostProcessor()
21:23:34.046 [Test worker] DEBUG o.s.c.a.ConfigurationClassBeanDefinitionReader - Registered bean definition for imported class 'org.springframework.security.config.annotation.authentication.configuration.AuthenticationConfiguration'
21:23:34.046 [Test worker] DEBUG o.s.c.a.ConfigurationClassBeanDefinitionReader - Registering bean definition for @Bean method org.springframework.security.config.annotation.authentication.configuration.AuthenticationConfiguration.authenticationManagerBuilder()
21:23:34.046 [Test worker] DEBUG o.s.c.a.ConfigurationClassBeanDefinitionReader - Registering bean definition for @Bean method org.springframework.security.config.annotation.authentication.configuration.AuthenticationConfiguration.enableGlobalAuthenticationAutowiredConfigurer()
21:23:34.046 [Test worker] DEBUG o.s.c.a.ConfigurationClassBeanDefinitionReader - Registering bean definition for @Bean method org.springframework.security.config.annotation.authentication.configuration.AuthenticationConfiguration.initializeUserDetailsBeanManagerConfigurer()
21:23:34.046 [Test worker] DEBUG o.s.c.a.ConfigurationClassBeanDefinitionReader - Registering bean definition for @Bean method org.springframework.security.config.annotation.authentication.configuration.AuthenticationConfiguration.initializeAuthenticationProviderBeanManagerConfigurer()
21:23:34.046 [Test worker] DEBUG o.s.c.a.ConfigurationClassBeanDefinitionReader - Registered bean definition for imported class 'org.springframework.security.config.annotation.web.configuration.WebSecurityConfiguration'
21:23:34.046 [Test worker] DEBUG o.s.c.a.ConfigurationClassBeanDefinitionReader - Registering bean definition for @Bean method org.springframework.security.config.annotation.web.configuration.WebSecurityConfiguration.delegatingApplicationListener()
21:23:34.046 [Test worker] DEBUG o.s.c.a.ConfigurationClassBeanDefinitionReader - Registering bean definition for @Bean method org.springframework.security.config.annotation.web.configuration.WebSecurityConfiguration.webSecurityExpressionHandler()
21:23:34.046 [Test worker] DEBUG o.s.c.a.ConfigurationClassBeanDefinitionReader - Registering bean definition for @Bean method org.springframework.security.config.annotation.web.configuration.WebSecurityConfiguration.springSecurityFilterChain()
21:23:34.046 [Test worker] DEBUG o.s.c.a.ConfigurationClassBeanDefinitionReader - Registering bean definition for @Bean method org.springframework.security.config.annotation.web.configuration.WebSecurityConfiguration.privilegeEvaluator()
21:23:34.046 [Test worker] DEBUG o.s.c.a.ConfigurationClassBeanDefinitionReader - Registering bean definition for @Bean method org.springframework.security.config.annotation.web.configuration.WebSecurityConfiguration.autowiredWebSecurityConfigurersIgnoreParents()
21:23:34.046 [Test worker] DEBUG o.s.c.a.ConfigurationClassBeanDefinitionReader - Registered bean definition for imported class 'org.springframework.security.config.annotation.web.configuration.WebMvcSecurityConfiguration'
21:23:34.046 [Test worker] DEBUG o.s.c.a.ConfigurationClassBeanDefinitionReader - Registering bean definition for @Bean method org.springframework.security.config.annotation.web.configuration.WebMvcSecurityConfiguration.requestDataValueProcessor()
21:23:34.046 [Test worker] DEBUG o.s.c.a.ConfigurationClassBeanDefinitionReader - Registering bean definition for @Bean method org.springframework.security.samples.config.DataConfiguration.dataSource()
21:23:34.046 [Test worker] DEBUG o.s.c.a.ConfigurationClassBeanDefinitionReader - Registering bean definition for @Bean method org.springframework.security.samples.config.DataConfiguration.entityManagerFactory()
21:23:34.046 [Test worker] DEBUG o.s.c.a.ConfigurationClassBeanDefinitionReader - Registering bean definition for @Bean method org.springframework.security.samples.config.DataConfiguration.initDatabase()
21:23:34.046 [Test worker] DEBUG o.s.c.a.ConfigurationClassBeanDefinitionReader - Registering bean definition for @Bean method org.springframework.security.samples.config.DataConfiguration.transactionManager()
21:23:34.046 [Test worker] DEBUG o.s.core.env.StandardEnvironment - Adding [systemProperties] PropertySource with lowest search precedence
21:23:34.046 [Test worker] DEBUG o.s.core.env.StandardEnvironment - Adding [systemEnvironment] PropertySource with lowest search precedence
21:23:34.046 [Test worker] DEBUG o.s.core.env.StandardEnvironment - Initialized StandardEnvironment with PropertySources [systemProperties,systemEnvironment]
21:23:34.046 [Test worker] DEBUG o.s.c.i.s.PathMatchingResourcePatternResolver - Resolved classpath location [org/springframework/data/] to resources [URL [jar:file:/D:/soft/gradle-2.9/.gradle/caches/modules-2/files-2.1/org.springframework.data/spring-data-jpa/1.10.2.RELEASE/5da5131a02365790d38469cd3bae778e4891daff/spring-data-jpa-1.10.2.RELEASE.jar!/org/springframework/data/], URL [jar:file:/D:/soft/gradle-2.9/.gradle/caches/modules-2/files-2.1/org.springframework.data/spring-data-commons/1.12.2.RELEASE/a827ed936b8685c19eecda0abb86fb86193ddffc/spring-data-commons-1.12.2.RELEASE.jar!/org/springframework/data/]]
21:23:34.046 [Test worker] DEBUG o.s.c.i.s.PathMatchingResourcePatternResolver - Looking for matching resources in jar file [file:/D:/soft/gradle-2.9/.gradle/caches/modules-2/files-2.1/org.springframework.data/spring-data-jpa/1.10.2.RELEASE/5da5131a02365790d38469cd3bae778e4891daff/spring-data-jpa-1.10.2.RELEASE.jar]
21:23:34.061 [Test worker] DEBUG o.s.c.i.s.PathMatchingResourcePatternResolver - Looking for matching resources in jar file [file:/D:/soft/gradle-2.9/.gradle/caches/modules-2/files-2.1/org.springframework.data/spring-data-commons/1.12.2.RELEASE/a827ed936b8685c19eecda0abb86fb86193ddffc/spring-data-commons-1.12.2.RELEASE.jar]
21:23:34.077 [Test worker] DEBUG o.s.c.i.s.PathMatchingResourcePatternResolver - Resolved location pattern [classpath*:org/springframework/data/**/repository/support/**/*.class] to resources [URL [jar:file:/D:/soft/gradle-2.9/.gradle/caches/modules-2/files-2.1/org.springframework.data/spring-data-jpa/1.10.2.RELEASE/5da5131a02365790d38469cd3bae778e4891daff/spring-data-jpa-1.10.2.RELEASE.jar!/org/springframework/data/jpa/repository/support/CrudMethodMetadata.class], URL [jar:file:/D:/soft/gradle-2.9/.gradle/caches/modules-2/files-2.1/org.springframework.data/spring-data-jpa/1.10.2.RELEASE/5da5131a02365790d38469cd3bae778e4891daff/spring-data-jpa-1.10.2.RELEASE.jar!/org/springframework/data/jpa/repository/support/CrudMethodMetadataPostProcessor$1.class], URL [jar:file:/D:/soft/gradle-2.9/.gradle/caches/modules-2/files-2.1/org.springframework.data/spring-data-jpa/1.10.2.RELEASE/5da5131a02365790d38469cd3bae778e4891daff/spring-data-jpa-1.10.2.RELEASE.jar!/org/springframework/data/jpa/repository/support/CrudMethodMetadataPostProcessor$CrudMethodMetadataPopulatingMethodInterceptor.class], URL [jar:file:/D:/soft/gradle-2.9/.gradle/caches/modules-2/files-2.1/org.springframework.data/spring-data-jpa/1.10.2.RELEASE/5da5131a02365790d38469cd3bae778e4891daff/spring-data-jpa-1.10.2.RELEASE.jar!/org/springframework/data/jpa/repository/support/CrudMethodMetadataPostProcessor$DefaultCrudMethodMetadata.class], URL [jar:file:/D:/soft/gradle-2.9/.gradle/caches/modules-2/files-2.1/org.springframework.data/spring-data-jpa/1.10.2.RELEASE/5da5131a02365790d38469cd3bae778e4891daff/spring-data-jpa-1.10.2.RELEASE.jar!/org/springframework/data/jpa/repository/support/CrudMethodMetadataPostProcessor$ThreadBoundTargetSource.class], URL [jar:file:/D:/soft/gradle-2.9/.gradle/caches/modules-2/files-2.1/org.springframework.data/spring-data-jpa/1.10.2.RELEASE/5da5131a02365790d38469cd3bae778e4891daff/spring-data-jpa-1.10.2.RELEASE.jar!/org/springframework/data/jpa/repository/support/CrudMethodMetadataPostProcessor.class], URL [jar:file:/D:/soft/gradle-2.9/.gradle/caches/modules-2/files-2.1/org.springframework.data/spring-data-jpa/1.10.2.RELEASE/5da5131a02365790d38469cd3bae778e4891daff/spring-data-jpa-1.10.2.RELEASE.jar!/org/springframework/data/jpa/repository/support/DefaultJpaContext.class], URL [jar:file:/D:/soft/gradle-2.9/.gradle/caches/modules-2/files-2.1/org.springframework.data/spring-data-jpa/1.10.2.RELEASE/5da5131a02365790d38469cd3bae778e4891daff/spring-data-jpa-1.10.2.RELEASE.jar!/org/springframework/data/jpa/repository/support/EntityManagerBeanDefinitionRegistrarPostProcessor.class], URL [jar:file:/D:/soft/gradle-2.9/.gradle/caches/modules-2/files-2.1/org.springframework.data/spring-data-jpa/1.10.2.RELEASE/5da5131a02365790d38469cd3bae778e4891daff/spring-data-jpa-1.10.2.RELEASE.jar!/org/springframework/data/jpa/repository/support/JpaEntityInformation.class], URL [jar:file:/D:/soft/gradle-2.9/.gradle/caches/modules-2/files-2.1/org.springframework.data/spring-data-jpa/1.10.2.RELEASE/5da5131a02365790d38469cd3bae778e4891daff/spring-data-jpa-1.10.2.RELEASE.jar!/org/springframework/data/jpa/repository/support/JpaEntityInformationSupport.class], URL [jar:file:/D:/soft/gradle-2.9/.gradle/caches/modules-2/files-2.1/org.springframework.data/spring-data-jpa/1.10.2.RELEASE/5da5131a02365790d38469cd3bae778e4891daff/spring-data-jpa-1.10.2.RELEASE.jar!/org/springframework/data/jpa/repository/support/JpaMetamodelEntityInformation$IdentifierDerivingDirectFieldAccessFallbackBeanWrapper.class], URL [jar:file:/D:/soft/gradle-2.9/.gradle/caches/modules-2/files-2.1/org.springframework.data/spring-data-jpa/1.10.2.RELEASE/5da5131a02365790d38469cd3bae778e4891daff/spring-data-jpa-1.10.2.RELEASE.jar!/org/springframework/data/jpa/repository/support/JpaMetamodelEntityInformation$IdMetadata.class], URL [jar:file:/D:/soft/gradle-2.9/.gradle/caches/modules-2/files-2.1/org.springframework.data/spring-data-jpa/1.10.2.RELEASE/5da5131a02365790d38469cd3bae778e4891daff/spring-data-jpa-1.10.2.RELEASE.jar!/org/springframework/data/jpa/repository/support/JpaMetamodelEntityInformation.class], URL [jar:file:/D:/soft/gradle-2.9/.gradle/caches/modules-2/files-2.1/org.springframework.data/spring-data-jpa/1.10.2.RELEASE/5da5131a02365790d38469cd3bae778e4891daff/spring-data-jpa-1.10.2.RELEASE.jar!/org/springframework/data/jpa/repository/support/JpaPersistableEntityInformation.class], URL [jar:file:/D:/soft/gradle-2.9/.gradle/caches/modules-2/files-2.1/org.springframework.data/spring-data-jpa/1.10.2.RELEASE/5da5131a02365790d38469cd3bae778e4891daff/spring-data-jpa-1.10.2.RELEASE.jar!/org/springframework/data/jpa/repository/support/JpaRepositoryFactory.class], URL [jar:file:/D:/soft/gradle-2.9/.gradle/caches/modules-2/files-2.1/org.springframework.data/spring-data-jpa/1.10.2.RELEASE/5da5131a02365790d38469cd3bae778e4891daff/spring-data-jpa-1.10.2.RELEASE.jar!/org/springframework/data/jpa/repository/support/JpaRepositoryFactoryBean.class], URL [jar:file:/D:/soft/gradle-2.9/.gradle/caches/modules-2/files-2.1/org.springframework.data/spring-data-jpa/1.10.2.RELEASE/5da5131a02365790d38469cd3bae778e4891daff/spring-data-jpa-1.10.2.RELEASE.jar!/org/springframework/data/jpa/repository/support/Querydsl$1.class], URL [jar:file:/D:/soft/gradle-2.9/.gradle/caches/modules-2/files-2.1/org.springframework.data/spring-data-jpa/1.10.2.RELEASE/5da5131a02365790d38469cd3bae778e4891daff/spring-data-jpa-1.10.2.RELEASE.jar!/org/springframework/data/jpa/repository/support/Querydsl.class], URL [jar:file:/D:/soft/gradle-2.9/.gradle/caches/modules-2/files-2.1/org.springframework.data/spring-data-jpa/1.10.2.RELEASE/5da5131a02365790d38469cd3bae778e4891daff/spring-data-jpa-1.10.2.RELEASE.jar!/org/springframework/data/jpa/repository/support/QueryDslJpaRepository.class], URL [jar:file:/D:/soft/gradle-2.9/.gradle/caches/modules-2/files-2.1/org.springframework.data/spring-data-jpa/1.10.2.RELEASE/5da5131a02365790d38469cd3bae778e4891daff/spring-data-jpa-1.10.2.RELEASE.jar!/org/springframework/data/jpa/repository/support/QueryDslRepositorySupport.class], URL [jar:file:/D:/soft/gradle-2.9/.gradle/caches/modules-2/files-2.1/org.springframework.data/spring-data-jpa/1.10.2.RELEASE/5da5131a02365790d38469cd3bae778e4891daff/spring-data-jpa-1.10.2.RELEASE.jar!/org/springframework/data/jpa/repository/support/SimpleJpaRepository$ByIdsSpecification.class], URL [jar:file:/D:/soft/gradle-2.9/.gradle/caches/modules-2/files-2.1/org.springframework.data/spring-data-jpa/1.10.2.RELEASE/5da5131a02365790d38469cd3bae778e4891daff/spring-data-jpa-1.10.2.RELEASE.jar!/org/springframework/data/jpa/repository/support/SimpleJpaRepository$ExampleSpecification.class], URL [jar:file:/D:/soft/gradle-2.9/.gradle/caches/modules-2/files-2.1/org.springframework.data/spring-data-jpa/1.10.2.RELEASE/5da5131a02365790d38469cd3bae778e4891daff/spring-data-jpa-1.10.2.RELEASE.jar!/org/springframework/data/jpa/repository/support/SimpleJpaRepository.class], URL [jar:file:/D:/soft/gradle-2.9/.gradle/caches/modules-2/files-2.1/org.springframework.data/spring-data-commons/1.12.2.RELEASE/a827ed936b8685c19eecda0abb86fb86193ddffc/spring-data-commons-1.12.2.RELEASE.jar!/org/springframework/data/repository/support/AnnotationAttribute.class], URL [jar:file:/D:/soft/gradle-2.9/.gradle/caches/modules-2/files-2.1/org.springframework.data/spring-data-commons/1.12.2.RELEASE/a827ed936b8685c19eecda0abb86fb86193ddffc/spring-data-commons-1.12.2.RELEASE.jar!/org/springframework/data/repository/support/CrudRepositoryInvoker.class], URL [jar:file:/D:/soft/gradle-2.9/.gradle/caches/modules-2/files-2.1/org.springframework.data/spring-data-commons/1.12.2.RELEASE/a827ed936b8685c19eecda0abb86fb86193ddffc/spring-data-commons-1.12.2.RELEASE.jar!/org/springframework/data/repository/support/DefaultRepositoryInvokerFactory.class], URL [jar:file:/D:/soft/gradle-2.9/.gradle/caches/modules-2/files-2.1/org.springframework.data/spring-data-commons/1.12.2.RELEASE/a827ed936b8685c19eecda0abb86fb86193ddffc/spring-data-commons-1.12.2.RELEASE.jar!/org/springframework/data/repository/support/DomainClassConverter$ToEntityConverter.class], URL [jar:file:/D:/soft/gradle-2.9/.gradle/caches/modules-2/files-2.1/org.springframework.data/spring-data-commons/1.12.2.RELEASE/a827ed936b8685c19eecda0abb86fb86193ddffc/spring-data-commons-1.12.2.RELEASE.jar!/org/springframework/data/repository/support/DomainClassConverter$ToIdConverter.class], URL [jar:file:/D:/soft/gradle-2.9/.gradle/caches/modules-2/files-2.1/org.springframework.data/spring-data-commons/1.12.2.RELEASE/a827ed936b8685c19eecda0abb86fb86193ddffc/spring-data-commons-1.12.2.RELEASE.jar!/org/springframework/data/repository/support/DomainClassConverter.class], URL [jar:file:/D:/soft/gradle-2.9/.gradle/caches/modules-2/files-2.1/org.springframework.data/spring-data-commons/1.12.2.RELEASE/a827ed936b8685c19eecda0abb86fb86193ddffc/spring-data-commons-1.12.2.RELEASE.jar!/org/springframework/data/repository/support/DomainClassPropertyEditor.class], URL [jar:file:/D:/soft/gradle-2.9/.gradle/caches/modules-2/files-2.1/org.springframework.data/spring-data-commons/1.12.2.RELEASE/a827ed936b8685c19eecda0abb86fb86193ddffc/spring-data-commons-1.12.2.RELEASE.jar!/org/springframework/data/repository/support/DomainClassPropertyEditorRegistrar.class], URL [jar:file:/D:/soft/gradle-2.9/.gradle/caches/modules-2/files-2.1/org.springframework.data/spring-data-commons/1.12.2.RELEASE/a827ed936b8685c19eecda0abb86fb86193ddffc/spring-data-commons-1.12.2.RELEASE.jar!/org/springframework/data/repository/support/MethodParameters$AnnotationNamingMethodParameter.class], URL [jar:file:/D:/soft/gradle-2.9/.gradle/caches/modules-2/files-2.1/org.springframework.data/spring-data-commons/1.12.2.RELEASE/a827ed936b8685c19eecda0abb86fb86193ddffc/spring-data-commons-1.12.2.RELEASE.jar!/org/springframework/data/repository/support/MethodParameters.class], URL [jar:file:/D:/soft/gradle-2.9/.gradle/caches/modules-2/files-2.1/org.springframework.data/spring-data-commons/1.12.2.RELEASE/a827ed936b8685c19eecda0abb86fb86193ddffc/spring-data-commons-1.12.2.RELEASE.jar!/org/springframework/data/repository/support/PagingAndSortingRepositoryInvoker.class], URL [jar:file:/D:/soft/gradle-2.9/.gradle/caches/modules-2/files-2.1/org.springframework.data/spring-data-commons/1.12.2.RELEASE/a827ed936b8685c19eecda0abb86fb86193ddffc/spring-data-commons-1.12.2.RELEASE.jar!/org/springframework/data/repository/support/QueryMethodParameterConversionException.class], URL [jar:file:/D:/soft/gradle-2.9/.gradle/caches/modules-2/files-2.1/org.springframework.data/spring-data-commons/1.12.2.RELEASE/a827ed936b8685c19eecda0abb86fb86193ddffc/spring-data-commons-1.12.2.RELEASE.jar!/org/springframework/data/repository/support/ReflectionRepositoryInvoker.class], URL [jar:file:/D:/soft/gradle-2.9/.gradle/caches/modules-2/files-2.1/org.springframework.data/spring-data-commons/1.12.2.RELEASE/a827ed936b8685c19eecda0abb86fb86193ddffc/spring-data-commons-1.12.2.RELEASE.jar!/org/springframework/data/repository/support/Repositories$EmptyRepositoryFactoryInformation.class], URL [jar:file:/D:/soft/gradle-2.9/.gradle/caches/modules-2/files-2.1/org.springframework.data/spring-data-commons/1.12.2.RELEASE/a827ed936b8685c19eecda0abb86fb86193ddffc/spring-data-commons-1.12.2.RELEASE.jar!/org/springframework/data/repository/support/Repositories.class], URL [jar:file:/D:/soft/gradle-2.9/.gradle/caches/modules-2/files-2.1/org.springframework.data/spring-data-commons/1.12.2.RELEASE/a827ed936b8685c19eecda0abb86fb86193ddffc/spring-data-commons-1.12.2.RELEASE.jar!/org/springframework/data/repository/support/RepositoryInvocationInformation.class], URL [jar:file:/D:/soft/gradle-2.9/.gradle/caches/modules-2/files-2.1/org.springframework.data/spring-data-commons/1.12.2.RELEASE/a827ed936b8685c19eecda0abb86fb86193ddffc/spring-data-commons-1.12.2.RELEASE.jar!/org/springframework/data/repository/support/RepositoryInvoker.class], URL [jar:file:/D:/soft/gradle-2.9/.gradle/caches/modules-2/files-2.1/org.springframework.data/spring-data-commons/1.12.2.RELEASE/a827ed936b8685c19eecda0abb86fb86193ddffc/spring-data-commons-1.12.2.RELEASE.jar!/org/springframework/data/repository/support/RepositoryInvokerFactory.class]]
21:23:34.108 [Test worker] DEBUG o.s.c.a.ClassPathScanningCandidateComponentProvider - Identified candidate component class: URL [jar:file:/D:/soft/gradle-2.9/.gradle/caches/modules-2/files-2.1/org.springframework.data/spring-data-jpa/1.10.2.RELEASE/5da5131a02365790d38469cd3bae778e4891daff/spring-data-jpa-1.10.2.RELEASE.jar!/org/springframework/data/jpa/repository/support/JpaRepositoryFactory.class]
21:23:34.155 [Test worker] DEBUG o.s.core.env.StandardEnvironment - Adding [systemProperties] PropertySource with lowest search precedence
21:23:34.155 [Test worker] DEBUG o.s.core.env.StandardEnvironment - Adding [systemEnvironment] PropertySource with lowest search precedence
21:23:34.155 [Test worker] DEBUG o.s.core.env.StandardEnvironment - Initialized StandardEnvironment with PropertySources [systemProperties,systemEnvironment]
21:23:34.155 [Test worker] DEBUG o.s.c.i.s.PathMatchingResourcePatternResolver - Resolved classpath location [org/springframework/security/samples/data/] to resources [URL [jar:file:/D:/spring-security-4.2.2.RELEASE/samples/javaconfig/messages/build/libs/spring-security-samples-javaconfig-messages-4.2.2.RELEASE.jar!/org/springframework/security/samples/data/]]
21:23:34.155 [Test worker] DEBUG o.s.c.i.s.PathMatchingResourcePatternResolver - Looking for matching resources in jar file [file:/D:/spring-security-4.2.2.RELEASE/samples/javaconfig/messages/build/libs/spring-security-samples-javaconfig-messages-4.2.2.RELEASE.jar]
21:23:34.155 [Test worker] DEBUG o.s.c.i.s.PathMatchingResourcePatternResolver - Resolved location pattern [classpath*:org/springframework/security/samples/data/**/*.class] to resources [URL [jar:file:/D:/spring-security-4.2.2.RELEASE/samples/javaconfig/messages/build/libs/spring-security-samples-javaconfig-messages-4.2.2.RELEASE.jar!/org/springframework/security/samples/data/Message.class], URL [jar:file:/D:/spring-security-4.2.2.RELEASE/samples/javaconfig/messages/build/libs/spring-security-samples-javaconfig-messages-4.2.2.RELEASE.jar!/org/springframework/security/samples/data/MessageRepository.class]]
21:23:34.171 [Test worker] DEBUG o.s.d.r.c.RepositoryComponentProvider - Identified candidate component class: URL [jar:file:/D:/spring-security-4.2.2.RELEASE/samples/javaconfig/messages/build/libs/spring-security-samples-javaconfig-messages-4.2.2.RELEASE.jar!/org/springframework/security/samples/data/MessageRepository.class]
21:23:34.171 [Test worker] DEBUG o.s.core.env.StandardEnvironment - Adding [systemProperties] PropertySource with lowest search precedence
21:23:34.171 [Test worker] DEBUG o.s.core.env.StandardEnvironment - Adding [systemEnvironment] PropertySource with lowest search precedence
21:23:34.171 [Test worker] DEBUG o.s.core.env.StandardEnvironment - Initialized StandardEnvironment with PropertySources [systemProperties,systemEnvironment]
21:23:34.171 [Test worker] DEBUG o.s.c.i.s.PathMatchingResourcePatternResolver - Resolved classpath location [org/springframework/security/samples/data/] to resources [URL [jar:file:/D:/spring-security-4.2.2.RELEASE/samples/javaconfig/messages/build/libs/spring-security-samples-javaconfig-messages-4.2.2.RELEASE.jar!/org/springframework/security/samples/data/]]
21:23:34.171 [Test worker] DEBUG o.s.c.i.s.PathMatchingResourcePatternResolver - Looking for matching resources in jar file [file:/D:/spring-security-4.2.2.RELEASE/samples/javaconfig/messages/build/libs/spring-security-samples-javaconfig-messages-4.2.2.RELEASE.jar]
21:23:34.171 [Test worker] DEBUG o.s.c.i.s.PathMatchingResourcePatternResolver - Resolved location pattern [classpath*:org/springframework/security/samples/data/**/*MessageRepositoryImpl.class] to resources []
21:23:34.171 [Test worker] DEBUG o.s.d.r.c.RepositoryConfigurationDelegate - Spring Data JPA - Registering repository: messageRepository - Interface: org.springframework.security.samples.data.MessageRepository - Factory: org.springframework.data.jpa.repository.support.JpaRepositoryFactoryBean
21:23:34.171 [Test worker] DEBUG o.s.c.a.ConfigurationClassBeanDefinitionReader - Registered bean definition for imported class 'org.springframework.web.servlet.config.annotation.DelegatingWebMvcConfiguration'
21:23:34.171 [Test worker] DEBUG o.s.c.a.ConfigurationClassBeanDefinitionReader - Registering bean definition for @Bean method org.springframework.web.servlet.config.annotation.DelegatingWebMvcConfiguration.mvcValidator()
21:23:34.171 [Test worker] DEBUG o.s.c.a.ConfigurationClassBeanDefinitionReader - Registering bean definition for @Bean method org.springframework.web.servlet.config.annotation.DelegatingWebMvcConfiguration.mvcViewResolver()
21:23:34.171 [Test worker] DEBUG o.s.c.a.ConfigurationClassBeanDefinitionReader - Registering bean definition for @Bean method org.springframework.web.servlet.config.annotation.DelegatingWebMvcConfiguration.mvcPathMatcher()
21:23:34.171 [Test worker] DEBUG o.s.c.a.ConfigurationClassBeanDefinitionReader - Registering bean definition for @Bean method org.springframework.web.servlet.config.annotation.DelegatingWebMvcConfiguration.mvcUrlPathHelper()
21:23:34.186 [Test worker] DEBUG o.s.c.a.ConfigurationClassBeanDefinitionReader - Registering bean definition for @Bean method org.springframework.web.servlet.config.annotation.DelegatingWebMvcConfiguration.mvcConversionService()
21:23:34.186 [Test worker] DEBUG o.s.c.a.ConfigurationClassBeanDefinitionReader - Registering bean definition for @Bean method org.springframework.web.servlet.config.annotation.DelegatingWebMvcConfiguration.resourceHandlerMapping()
21:23:34.186 [Test worker] DEBUG o.s.c.a.ConfigurationClassBeanDefinitionReader - Registering bean definition for @Bean method org.springframework.web.servlet.config.annotation.DelegatingWebMvcConfiguration.beanNameHandlerMapping()
21:23:34.186 [Test worker] DEBUG o.s.c.a.ConfigurationClassBeanDefinitionReader - Registering bean definition for @Bean method org.springframework.web.servlet.config.annotation.DelegatingWebMvcConfiguration.handlerExceptionResolver()
21:23:34.186 [Test worker] DEBUG o.s.c.a.ConfigurationClassBeanDefinitionReader - Registering bean definition for @Bean method org.springframework.web.servlet.config.annotation.DelegatingWebMvcConfiguration.requestMappingHandlerMapping()
21:23:34.186 [Test worker] DEBUG o.s.c.a.ConfigurationClassBeanDefinitionReader - Registering bean definition for @Bean method org.springframework.web.servlet.config.annotation.DelegatingWebMvcConfiguration.defaultServletHandlerMapping()
21:23:34.186 [Test worker] DEBUG o.s.c.a.ConfigurationClassBeanDefinitionReader - Registering bean definition for @Bean method org.springframework.web.servlet.config.annotation.DelegatingWebMvcConfiguration.requestMappingHandlerAdapter()
21:23:34.186 [Test worker] DEBUG o.s.c.a.ConfigurationClassBeanDefinitionReader - Registering bean definition for @Bean method org.springframework.web.servlet.config.annotation.DelegatingWebMvcConfiguration.mvcUriComponentsContributor()
21:23:34.186 [Test worker] DEBUG o.s.c.a.ConfigurationClassBeanDefinitionReader - Registering bean definition for @Bean method org.springframework.web.servlet.config.annotation.DelegatingWebMvcConfiguration.mvcContentNegotiationManager()
21:23:34.186 [Test worker] DEBUG o.s.c.a.ConfigurationClassBeanDefinitionReader - Registering bean definition for @Bean method org.springframework.web.servlet.config.annotation.DelegatingWebMvcConfiguration.simpleControllerHandlerAdapter()
21:23:34.186 [Test worker] DEBUG o.s.c.a.ConfigurationClassBeanDefinitionReader - Registering bean definition for @Bean method org.springframework.web.servlet.config.annotation.DelegatingWebMvcConfiguration.mvcResourceUrlProvider()
21:23:34.186 [Test worker] DEBUG o.s.c.a.ConfigurationClassBeanDefinitionReader - Registering bean definition for @Bean method org.springframework.web.servlet.config.annotation.DelegatingWebMvcConfiguration.viewControllerHandlerMapping()
21:23:34.186 [Test worker] DEBUG o.s.c.a.ConfigurationClassBeanDefinitionReader - Registering bean definition for @Bean method org.springframework.web.servlet.config.annotation.DelegatingWebMvcConfiguration.httpRequestHandlerAdapter()
21:23:34.186 [Test worker] DEBUG o.s.c.a.ConfigurationClassBeanDefinitionReader - Registering bean definition for @Bean method org.springframework.security.samples.mvc.config.WebMvcConfiguration.templateEngine()
21:23:34.186 [Test worker] DEBUG o.s.c.a.ConfigurationClassBeanDefinitionReader - Registering bean definition for @Bean method org.springframework.security.samples.mvc.config.WebMvcConfiguration.viewResolver()
21:23:34.186 [Test worker] DEBUG o.s.c.a.ConfigurationClassBeanDefinitionReader - Registering bean definition for @Bean method org.springframework.security.samples.mvc.config.WebMvcConfiguration.domainClassConverter()
21:23:34.311 [Test worker] DEBUG o.s.c.a.ConfigurationClassEnhancer - Successfully enhanced org.springframework.security.samples.config.RootConfiguration; enhanced class name is: org.springframework.security.samples.config.RootConfiguration$$EnhancerBySpringCGLIB$$ef26bf76
21:23:34.311 [Test worker] DEBUG o.s.c.a.ConfigurationClassPostProcessor - Replacing bean definition 'rootConfiguration' existing class 'org.springframework.security.samples.config.RootConfiguration' with enhanced class 'org.springframework.security.samples.config.RootConfiguration$$EnhancerBySpringCGLIB$$ef26bf76'
21:23:34.327 [Test worker] DEBUG o.s.c.a.ConfigurationClassEnhancer - Successfully enhanced org.springframework.security.samples.config.SecurityConfig; enhanced class name is: org.springframework.security.samples.config.SecurityConfig$$EnhancerBySpringCGLIB$$e443ff24
21:23:34.327 [Test worker] DEBUG o.s.c.a.ConfigurationClassPostProcessor - Replacing bean definition 'securityConfig' existing class 'org.springframework.security.samples.config.SecurityConfig' with enhanced class 'org.springframework.security.samples.config.SecurityConfig$$EnhancerBySpringCGLIB$$e443ff24'
21:23:34.327 [Test worker] DEBUG o.s.c.a.ConfigurationClassEnhancer - Successfully enhanced org.springframework.security.samples.config.DataConfiguration; enhanced class name is: org.springframework.security.samples.config.DataConfiguration$$EnhancerBySpringCGLIB$$336604ae
21:23:34.327 [Test worker] DEBUG o.s.c.a.ConfigurationClassPostProcessor - Replacing bean definition 'dataConfiguration' existing class 'org.springframework.security.samples.config.DataConfiguration' with enhanced class 'org.springframework.security.samples.config.DataConfiguration$$EnhancerBySpringCGLIB$$336604ae'
21:23:34.327 [Test worker] DEBUG o.s.c.a.ConfigurationClassEnhancer - Successfully enhanced org.springframework.security.config.annotation.configuration.ObjectPostProcessorConfiguration; enhanced class name is: org.springframework.security.config.annotation.configuration.ObjectPostProcessorConfiguration$$EnhancerBySpringCGLIB$$47960d7
21:23:34.327 [Test worker] DEBUG o.s.c.a.ConfigurationClassPostProcessor - Replacing bean definition 'org.springframework.security.config.annotation.configuration.ObjectPostProcessorConfiguration' existing class 'org.springframework.security.config.annotation.configuration.ObjectPostProcessorConfiguration' with enhanced class 'org.springframework.security.config.annotation.configuration.ObjectPostProcessorConfiguration$$EnhancerBySpringCGLIB$$47960d7'
21:23:34.327 [Test worker] DEBUG o.s.c.a.ConfigurationClassEnhancer - Successfully enhanced org.springframework.security.config.annotation.authentication.configuration.AuthenticationConfiguration; enhanced class name is: org.springframework.security.config.annotation.authentication.configuration.AuthenticationConfiguration$$EnhancerBySpringCGLIB$$50426b4c
21:23:34.327 [Test worker] DEBUG o.s.c.a.ConfigurationClassPostProcessor - Replacing bean definition 'org.springframework.security.config.annotation.authentication.configuration.AuthenticationConfiguration' existing class 'org.springframework.security.config.annotation.authentication.configuration.AuthenticationConfiguration' with enhanced class 'org.springframework.security.config.annotation.authentication.configuration.AuthenticationConfiguration$$EnhancerBySpringCGLIB$$50426b4c'
21:23:34.327 [Test worker] DEBUG o.s.c.a.ConfigurationClassEnhancer - Successfully enhanced org.springframework.security.config.annotation.authentication.configuration.AuthenticationConfiguration; enhanced class name is: org.springframework.security.config.annotation.authentication.configuration.AuthenticationConfiguration$$EnhancerBySpringCGLIB$$50426b4c
21:23:34.327 [Test worker] DEBUG o.s.c.a.ConfigurationClassPostProcessor - Replacing bean definition 'enableGlobalAuthenticationAutowiredConfigurer' existing class 'org.springframework.security.config.annotation.authentication.configuration.AuthenticationConfiguration' with enhanced class 'org.springframework.security.config.annotation.authentication.configuration.AuthenticationConfiguration$$EnhancerBySpringCGLIB$$50426b4c'
21:23:34.327 [Test worker] DEBUG o.s.c.a.ConfigurationClassEnhancer - Successfully enhanced org.springframework.security.config.annotation.authentication.configuration.AuthenticationConfiguration; enhanced class name is: org.springframework.security.config.annotation.authentication.configuration.AuthenticationConfiguration$$EnhancerBySpringCGLIB$$50426b4c
21:23:34.327 [Test worker] DEBUG o.s.c.a.ConfigurationClassPostProcessor - Replacing bean definition 'initializeUserDetailsBeanManagerConfigurer' existing class 'org.springframework.security.config.annotation.authentication.configuration.AuthenticationConfiguration' with enhanced class 'org.springframework.security.config.annotation.authentication.configuration.AuthenticationConfiguration$$EnhancerBySpringCGLIB$$50426b4c'
21:23:34.327 [Test worker] DEBUG o.s.c.a.ConfigurationClassEnhancer - Successfully enhanced org.springframework.security.config.annotation.authentication.configuration.AuthenticationConfiguration; enhanced class name is: org.springframework.security.config.annotation.authentication.configuration.AuthenticationConfiguration$$EnhancerBySpringCGLIB$$50426b4c
21:23:34.327 [Test worker] DEBUG o.s.c.a.ConfigurationClassPostProcessor - Replacing bean definition 'initializeAuthenticationProviderBeanManagerConfigurer' existing class 'org.springframework.security.config.annotation.authentication.configuration.AuthenticationConfiguration' with enhanced class 'org.springframework.security.config.annotation.authentication.configuration.AuthenticationConfiguration$$EnhancerBySpringCGLIB$$50426b4c'
21:23:34.343 [Test worker] DEBUG o.s.c.a.ConfigurationClassEnhancer - Successfully enhanced org.springframework.security.config.annotation.web.configuration.WebSecurityConfiguration; enhanced class name is: org.springframework.security.config.annotation.web.configuration.WebSecurityConfiguration$$EnhancerBySpringCGLIB$$12fcc590
21:23:34.343 [Test worker] DEBUG o.s.c.a.ConfigurationClassPostProcessor - Replacing bean definition 'org.springframework.security.config.annotation.web.configuration.WebSecurityConfiguration' existing class 'org.springframework.security.config.annotation.web.configuration.WebSecurityConfiguration' with enhanced class 'org.springframework.security.config.annotation.web.configuration.WebSecurityConfiguration$$EnhancerBySpringCGLIB$$12fcc590'
21:23:34.343 [Test worker] DEBUG o.s.c.a.ConfigurationClassEnhancer - Successfully enhanced org.springframework.security.config.annotation.web.configuration.WebSecurityConfiguration; enhanced class name is: org.springframework.security.config.annotation.web.configuration.WebSecurityConfiguration$$EnhancerBySpringCGLIB$$12fcc590
21:23:34.343 [Test worker] DEBUG o.s.c.a.ConfigurationClassPostProcessor - Replacing bean definition 'delegatingApplicationListener' existing class 'org.springframework.security.config.annotation.web.configuration.WebSecurityConfiguration' with enhanced class 'org.springframework.security.config.annotation.web.configuration.WebSecurityConfiguration$$EnhancerBySpringCGLIB$$12fcc590'
21:23:34.358 [Test worker] DEBUG o.s.c.a.ConfigurationClassEnhancer - Successfully enhanced org.springframework.web.servlet.config.annotation.DelegatingWebMvcConfiguration; enhanced class name is: org.springframework.web.servlet.config.annotation.DelegatingWebMvcConfiguration$$EnhancerBySpringCGLIB$$308c7dd3
21:23:34.358 [Test worker] DEBUG o.s.c.a.ConfigurationClassPostProcessor - Replacing bean definition 'org.springframework.web.servlet.config.annotation.DelegatingWebMvcConfiguration' existing class 'org.springframework.web.servlet.config.annotation.DelegatingWebMvcConfiguration' with enhanced class 'org.springframework.web.servlet.config.annotation.DelegatingWebMvcConfiguration$$EnhancerBySpringCGLIB$$308c7dd3'
21:23:34.358 [Test worker] DEBUG o.s.b.f.s.DefaultListableBeanFactory - Creating shared instance of singleton bean 'emBeanDefinitionRegistrarPostProcessor'
21:23:34.358 [Test worker] DEBUG o.s.b.f.s.DefaultListableBeanFactory - Creating instance of bean 'emBeanDefinitionRegistrarPostProcessor'
21:23:34.358 [Test worker] DEBUG o.s.b.f.s.DefaultListableBeanFactory - Eagerly caching bean 'emBeanDefinitionRegistrarPostProcessor' to allow for resolving potential circular references
21:23:34.374 [Test worker] DEBUG o.s.b.f.s.DefaultListableBeanFactory - Finished creating instance of bean 'emBeanDefinitionRegistrarPostProcessor'
21:23:34.374 [Test worker] DEBUG o.s.b.f.s.DefaultListableBeanFactory - Creating shared instance of singleton bean 'org.springframework.context.annotation.internalAutowiredAnnotationProcessor'
21:23:34.374 [Test worker] DEBUG o.s.b.f.s.DefaultListableBeanFactory - Creating instance of bean 'org.springframework.context.annotation.internalAutowiredAnnotationProcessor'
21:23:34.374 [Test worker] DEBUG o.s.b.f.s.DefaultListableBeanFactory - Eagerly caching bean 'org.springframework.context.annotation.internalAutowiredAnnotationProcessor' to allow for resolving potential circular references
21:23:34.389 [Test worker] DEBUG o.s.b.f.s.DefaultListableBeanFactory - Finished creating instance of bean 'org.springframework.context.annotation.internalAutowiredAnnotationProcessor'
21:23:34.389 [Test worker] DEBUG o.s.b.f.s.DefaultListableBeanFactory - Creating shared instance of singleton bean 'org.springframework.context.annotation.internalRequiredAnnotationProcessor'
21:23:34.389 [Test worker] DEBUG o.s.b.f.s.DefaultListableBeanFactory - Creating instance of bean 'org.springframework.context.annotation.internalRequiredAnnotationProcessor'
21:23:34.389 [Test worker] DEBUG o.s.b.f.s.DefaultListableBeanFactory - Eagerly caching bean 'org.springframework.context.annotation.internalRequiredAnnotationProcessor' to allow for resolving potential circular references
21:23:34.389 [Test worker] DEBUG o.s.b.f.s.DefaultListableBeanFactory - Finished creating instance of bean 'org.springframework.context.annotation.internalRequiredAnnotationProcessor'
21:23:34.389 [Test worker] DEBUG o.s.b.f.s.DefaultListableBeanFactory - Creating shared instance of singleton bean 'org.springframework.context.annotation.internalCommonAnnotationProcessor'
21:23:34.389 [Test worker] DEBUG o.s.b.f.s.DefaultListableBeanFactory - Creating instance of bean 'org.springframework.context.annotation.internalCommonAnnotationProcessor'
21:23:34.405 [Test worker] DEBUG o.s.b.f.s.DefaultListableBeanFactory - Eagerly caching bean 'org.springframework.context.annotation.internalCommonAnnotationProcessor' to allow for resolving potential circular references
21:23:34.405 [Test worker] DEBUG o.s.b.f.s.DefaultListableBeanFactory - Finished creating instance of bean 'org.springframework.context.annotation.internalCommonAnnotationProcessor'
21:23:34.405 [Test worker] DEBUG o.s.b.f.s.DefaultListableBeanFactory - Creating shared instance of singleton bean 'org.springframework.context.annotation.internalPersistenceAnnotationProcessor'
21:23:34.405 [Test worker] DEBUG o.s.b.f.s.DefaultListableBeanFactory - Creating instance of bean 'org.springframework.context.annotation.internalPersistenceAnnotationProcessor'
21:23:34.405 [Test worker] DEBUG o.s.b.f.s.DefaultListableBeanFactory - Eagerly caching bean 'org.springframework.context.annotation.internalPersistenceAnnotationProcessor' to allow for resolving potential circular references
21:23:34.405 [Test worker] DEBUG o.s.b.f.s.DefaultListableBeanFactory - Finished creating instance of bean 'org.springframework.context.annotation.internalPersistenceAnnotationProcessor'
21:23:34.405 [Test worker] DEBUG o.s.b.f.s.DefaultListableBeanFactory - Creating shared instance of singleton bean 'org.springframework.data.repository.core.support.RepositoryFactoryBeanSupport_Predictor'
21:23:34.421 [Test worker] DEBUG o.s.b.f.s.DefaultListableBeanFactory - Creating instance of bean 'org.springframework.data.repository.core.support.RepositoryFactoryBeanSupport_Predictor'
21:23:34.436 [Test worker] DEBUG o.s.b.f.s.DefaultListableBeanFactory - Eagerly caching bean 'org.springframework.data.repository.core.support.RepositoryFactoryBeanSupport_Predictor' to allow for resolving potential circular references
21:23:34.436 [Test worker] DEBUG o.s.b.f.s.DefaultListableBeanFactory - Finished creating instance of bean 'org.springframework.data.repository.core.support.RepositoryFactoryBeanSupport_Predictor'
21:23:34.436 [Test worker] DEBUG o.s.w.c.s.GenericWebApplicationContext - Unable to locate MessageSource with name 'messageSource': using default [org.springframework.context.support.DelegatingMessageSource@fcda584]
21:23:34.436 [Test worker] DEBUG o.s.w.c.s.GenericWebApplicationContext - Unable to locate ApplicationEventMulticaster with name 'applicationEventMulticaster': using default [org.springframework.context.event.SimpleApplicationEventMulticaster@7fab439d]
21:23:34.452 [Test worker] DEBUG o.s.u.c.s.UiApplicationContextUtils - Unable to locate ThemeSource with name 'themeSource': using default [org.springframework.ui.context.support.ResourceBundleThemeSource@6834236e]
21:23:34.452 [Test worker] DEBUG o.s.b.f.s.DefaultListableBeanFactory - Creating shared instance of singleton bean 'entityManagerFactory'
21:23:34.452 [Test worker] DEBUG o.s.b.f.s.DefaultListableBeanFactory - Creating instance of bean 'entityManagerFactory'
21:23:34.452 [Test worker] DEBUG o.s.b.f.s.DefaultListableBeanFactory - Creating shared instance of singleton bean 'dataConfiguration'
21:23:34.452 [Test worker] DEBUG o.s.b.f.s.DefaultListableBeanFactory - Creating instance of bean 'dataConfiguration'
21:23:34.452 [Test worker] DEBUG o.s.b.f.s.DefaultListableBeanFactory - Eagerly caching bean 'dataConfiguration' to allow for resolving potential circular references
21:23:34.468 [Test worker] DEBUG o.s.b.f.s.DefaultListableBeanFactory - Finished creating instance of bean 'dataConfiguration'
21:23:34.530 [Test worker] DEBUG org.jboss.logging - Logging Provider: org.jboss.logging.Slf4jLoggerProvider
21:23:34.546 [Test worker] DEBUG o.s.b.f.s.DefaultListableBeanFactory - Creating shared instance of singleton bean 'dataSource'
21:23:34.546 [Test worker] DEBUG o.s.b.f.s.DefaultListableBeanFactory - Creating instance of bean 'dataSource'
21:23:34.546 [Test worker] DEBUG o.s.b.f.s.DefaultListableBeanFactory - Returning cached instance of singleton bean 'dataConfiguration'
21:23:34.546 [Test worker] INFO  o.s.j.d.e.EmbeddedDatabaseFactory - Starting embedded database: url='jdbc:hsqldb:mem:testdb', username='sa'
21:23:34.561 [Test worker] DEBUG o.s.jdbc.datasource.DataSourceUtils - Fetching JDBC Connection from DataSource
21:23:34.561 [Test worker] DEBUG o.s.j.d.SimpleDriverDataSource - Creating new JDBC Driver Connection to [jdbc:hsqldb:mem:testdb]
21:23:34.905 [Test worker] DEBUG o.s.jdbc.datasource.DataSourceUtils - Returning JDBC Connection to DataSource
21:23:34.905 [Test worker] DEBUG o.s.b.f.s.DefaultListableBeanFactory - Eagerly caching bean 'dataSource' to allow for resolving potential circular references
21:23:34.905 [Test worker] DEBUG o.s.b.f.s.DefaultListableBeanFactory - Finished creating instance of bean 'dataSource'
21:23:34.905 [Test worker] DEBUG o.s.b.f.s.DefaultListableBeanFactory - Eagerly caching bean 'entityManagerFactory' to allow for resolving potential circular references
21:23:34.921 [Test worker] DEBUG o.s.b.f.s.DefaultListableBeanFactory - Invoking afterPropertiesSet() on bean with name 'entityManagerFactory'
21:23:34.936 [Test worker] DEBUG o.s.c.i.s.PathMatchingResourcePatternResolver - Resolved classpath location [META-INF/persistence.xml] to resources []
21:23:34.936 [Test worker] DEBUG o.s.c.i.s.PathMatchingResourcePatternResolver - Resolved classpath location [org/springframework/security/samples/data/] to resources [URL [jar:file:/D:/spring-security-4.2.2.RELEASE/samples/javaconfig/messages/build/libs/spring-security-samples-javaconfig-messages-4.2.2.RELEASE.jar!/org/springframework/security/samples/data/]]
21:23:34.936 [Test worker] DEBUG o.s.c.i.s.PathMatchingResourcePatternResolver - Looking for matching resources in jar file [file:/D:/spring-security-4.2.2.RELEASE/samples/javaconfig/messages/build/libs/spring-security-samples-javaconfig-messages-4.2.2.RELEASE.jar]
21:23:34.936 [Test worker] DEBUG o.s.c.i.s.PathMatchingResourcePatternResolver - Resolved location pattern [classpath*:org/springframework/security/samples/data/**/*.class] to resources [URL [jar:file:/D:/spring-security-4.2.2.RELEASE/samples/javaconfig/messages/build/libs/spring-security-samples-javaconfig-messages-4.2.2.RELEASE.jar!/org/springframework/security/samples/data/Message.class], URL [jar:file:/D:/spring-security-4.2.2.RELEASE/samples/javaconfig/messages/build/libs/spring-security-samples-javaconfig-messages-4.2.2.RELEASE.jar!/org/springframework/security/samples/data/MessageRepository.class]]
21:23:34.936 [Test worker] INFO  o.s.o.j.LocalContainerEntityManagerFactoryBean - Building JPA container EntityManagerFactory for persistence unit 'default'
21:23:34.968 [Test worker] DEBUG o.h.jpa.internal.util.LogHelper - PersistenceUnitInfo [
	name: default
	persistence provider classname: null
	classloader: sun.misc.Launcher$AppClassLoader@73d16e93
	excludeUnlistedClasses: true
	JTA datasource: null
	Non JTA datasource: org.springframework.jdbc.datasource.embedded.EmbeddedDatabaseFactory$EmbeddedDataSourceProxy@c9d38bf
	Transaction type: RESOURCE_LOCAL
	PU root URL: file:/D:/spring-security-4.2.2.RELEASE/samples/javaconfig/messages/build/libs/spring-security-samples-javaconfig-messages-4.2.2.RELEASE.jar
	Shared Cache Mode: UNSPECIFIED
	Validation Mode: AUTO
	Jar files URLs []
	Managed classes names [
		org.springframework.security.samples.data.Message]
	Mapping files names []
	Properties []
21:23:34.983 [Test worker] DEBUG o.h.i.internal.IntegratorServiceImpl - Adding Integrator [org.hibernate.cfg.beanvalidation.BeanValidationIntegrator].
21:23:34.983 [Test worker] DEBUG o.h.i.internal.IntegratorServiceImpl - Adding Integrator [org.hibernate.secure.spi.JaccIntegrator].
21:23:34.999 [Test worker] DEBUG o.h.i.internal.IntegratorServiceImpl - Adding Integrator [org.hibernate.cache.internal.CollectionCacheInvalidator].
21:23:34.999 [Test worker] DEBUG o.h.i.internal.IntegratorServiceImpl - Adding Integrator [org.hibernate.jpa.event.spi.JpaIntegrator].
21:23:35.124 [Test worker] INFO  org.hibernate.Version - HHH000412: Hibernate Core {5.0.11.Final}
21:23:35.124 [Test worker] INFO  org.hibernate.cfg.Environment - HHH000206: hibernate.properties not found
21:23:35.124 [Test worker] INFO  org.hibernate.cfg.Environment - HHH000021: Bytecode provider name : javassist
21:23:35.140 [Test worker] DEBUG o.h.service.spi.ServiceBinding - Overriding existing service binding [org.hibernate.secure.spi.JaccService]
21:23:35.171 [Test worker] DEBUG o.h.c.i.RegionFactoryInitiator - Cache region factory : org.hibernate.cache.internal.NoCachingRegionFactory
21:23:35.186 [Test worker] INFO  o.h.annotations.common.Version - HCANN000001: Hibernate Commons Annotations {5.0.1.Final}
21:23:35.265 [Test worker] DEBUG org.hibernate.type.BasicTypeRegistry - Adding type registration boolean -> org.hibernate.type.BooleanType@67f99c52
21:23:35.265 [Test worker] DEBUG org.hibernate.type.BasicTypeRegistry - Adding type registration boolean -> org.hibernate.type.BooleanType@67f99c52
21:23:35.265 [Test worker] DEBUG org.hibernate.type.BasicTypeRegistry - Adding type registration java.lang.Boolean -> org.hibernate.type.BooleanType@67f99c52
21:23:35.265 [Test worker] DEBUG org.hibernate.type.BasicTypeRegistry - Adding type registration numeric_boolean -> org.hibernate.type.NumericBooleanType@67bb0d16
21:23:35.265 [Test worker] DEBUG org.hibernate.type.BasicTypeRegistry - Adding type registration true_false -> org.hibernate.type.TrueFalseType@393720e3
21:23:35.265 [Test worker] DEBUG org.hibernate.type.BasicTypeRegistry - Adding type registration yes_no -> org.hibernate.type.YesNoType@2465111a
21:23:35.265 [Test worker] DEBUG org.hibernate.type.BasicTypeRegistry - Adding type registration byte -> org.hibernate.type.ByteType@75f9c8d4
21:23:35.265 [Test worker] DEBUG org.hibernate.type.BasicTypeRegistry - Adding type registration byte -> org.hibernate.type.ByteType@75f9c8d4
21:23:35.265 [Test worker] DEBUG org.hibernate.type.BasicTypeRegistry - Adding type registration java.lang.Byte -> org.hibernate.type.ByteType@75f9c8d4
21:23:35.280 [Test worker] DEBUG org.hibernate.type.BasicTypeRegistry - Adding type registration character -> org.hibernate.type.CharacterType@592baf4d
21:23:35.280 [Test worker] DEBUG org.hibernate.type.BasicTypeRegistry - Adding type registration char -> org.hibernate.type.CharacterType@592baf4d
21:23:35.280 [Test worker] DEBUG org.hibernate.type.BasicTypeRegistry - Adding type registration java.lang.Character -> org.hibernate.type.CharacterType@592baf4d
21:23:35.280 [Test worker] DEBUG org.hibernate.type.BasicTypeRegistry - Adding type registration short -> org.hibernate.type.ShortType@69bf471e
21:23:35.280 [Test worker] DEBUG org.hibernate.type.BasicTypeRegistry - Adding type registration short -> org.hibernate.type.ShortType@69bf471e
21:23:35.280 [Test worker] DEBUG org.hibernate.type.BasicTypeRegistry - Adding type registration java.lang.Short -> org.hibernate.type.ShortType@69bf471e
21:23:35.280 [Test worker] DEBUG org.hibernate.type.BasicTypeRegistry - Adding type registration integer -> org.hibernate.type.IntegerType@7a3359e4
21:23:35.280 [Test worker] DEBUG org.hibernate.type.BasicTypeRegistry - Adding type registration int -> org.hibernate.type.IntegerType@7a3359e4
21:23:35.280 [Test worker] DEBUG org.hibernate.type.BasicTypeRegistry - Adding type registration java.lang.Integer -> org.hibernate.type.IntegerType@7a3359e4
21:23:35.280 [Test worker] DEBUG org.hibernate.type.BasicTypeRegistry - Adding type registration long -> org.hibernate.type.LongType@752a81f2
21:23:35.280 [Test worker] DEBUG org.hibernate.type.BasicTypeRegistry - Adding type registration long -> org.hibernate.type.LongType@752a81f2
21:23:35.280 [Test worker] DEBUG org.hibernate.type.BasicTypeRegistry - Adding type registration java.lang.Long -> org.hibernate.type.LongType@752a81f2
21:23:35.280 [Test worker] DEBUG org.hibernate.type.BasicTypeRegistry - Adding type registration float -> org.hibernate.type.FloatType@20509f14
21:23:35.280 [Test worker] DEBUG org.hibernate.type.BasicTypeRegistry - Adding type registration float -> org.hibernate.type.FloatType@20509f14
21:23:35.280 [Test worker] DEBUG org.hibernate.type.BasicTypeRegistry - Adding type registration java.lang.Float -> org.hibernate.type.FloatType@20509f14
21:23:35.280 [Test worker] DEBUG org.hibernate.type.BasicTypeRegistry - Adding type registration double -> org.hibernate.type.DoubleType@30aeb087
21:23:35.280 [Test worker] DEBUG org.hibernate.type.BasicTypeRegistry - Adding type registration double -> org.hibernate.type.DoubleType@30aeb087
21:23:35.280 [Test worker] DEBUG org.hibernate.type.BasicTypeRegistry - Adding type registration java.lang.Double -> org.hibernate.type.DoubleType@30aeb087
21:23:35.280 [Test worker] DEBUG org.hibernate.type.BasicTypeRegistry - Adding type registration big_decimal -> org.hibernate.type.BigDecimalType@4127e936
21:23:35.280 [Test worker] DEBUG org.hibernate.type.BasicTypeRegistry - Adding type registration java.math.BigDecimal -> org.hibernate.type.BigDecimalType@4127e936
21:23:35.296 [Test worker] DEBUG org.hibernate.type.BasicTypeRegistry - Adding type registration big_integer -> org.hibernate.type.BigIntegerType@25ec64af
21:23:35.296 [Test worker] DEBUG org.hibernate.type.BasicTypeRegistry - Adding type registration java.math.BigInteger -> org.hibernate.type.BigIntegerType@25ec64af
21:23:35.296 [Test worker] DEBUG org.hibernate.type.BasicTypeRegistry - Adding type registration string -> org.hibernate.type.StringType@773cbe70
21:23:35.296 [Test worker] DEBUG org.hibernate.type.BasicTypeRegistry - Adding type registration java.lang.String -> org.hibernate.type.StringType@773cbe70
21:23:35.296 [Test worker] DEBUG org.hibernate.type.BasicTypeRegistry - Adding type registration nstring -> org.hibernate.type.StringNVarcharType@51c4be74
21:23:35.296 [Test worker] DEBUG org.hibernate.type.BasicTypeRegistry - Adding type registration ncharacter -> org.hibernate.type.CharacterNCharType@6e5fbf4a
21:23:35.296 [Test worker] DEBUG org.hibernate.type.BasicTypeRegistry - Adding type registration url -> org.hibernate.type.UrlType@5376685
21:23:35.296 [Test worker] DEBUG org.hibernate.type.BasicTypeRegistry - Adding type registration java.net.URL -> org.hibernate.type.UrlType@5376685
21:23:35.296 [Test worker] DEBUG org.hibernate.type.BasicTypeRegistry - Adding type registration date -> org.hibernate.type.DateType@6ffd4ad
21:23:35.296 [Test worker] DEBUG org.hibernate.type.BasicTypeRegistry - Adding type registration java.sql.Date -> org.hibernate.type.DateType@6ffd4ad
21:23:35.296 [Test worker] DEBUG org.hibernate.type.BasicTypeRegistry - Adding type registration time -> org.hibernate.type.TimeType@20e9fc1c
21:23:35.296 [Test worker] DEBUG org.hibernate.type.BasicTypeRegistry - Adding type registration java.sql.Time -> org.hibernate.type.TimeType@20e9fc1c
21:23:35.296 [Test worker] DEBUG org.hibernate.type.BasicTypeRegistry - Adding type registration timestamp -> org.hibernate.type.TimestampType@68eeb522
21:23:35.296 [Test worker] DEBUG org.hibernate.type.BasicTypeRegistry - Adding type registration java.sql.Timestamp -> org.hibernate.type.TimestampType@68eeb522
21:23:35.296 [Test worker] DEBUG org.hibernate.type.BasicTypeRegistry - Adding type registration java.util.Date -> org.hibernate.type.TimestampType@68eeb522
21:23:35.311 [Test worker] DEBUG org.hibernate.type.BasicTypeRegistry - Adding type registration dbtimestamp -> org.hibernate.type.DbTimestampType@71ad2bd0
21:23:35.311 [Test worker] DEBUG org.hibernate.type.BasicTypeRegistry - Adding type registration calendar -> org.hibernate.type.CalendarType@3cb2e5fe
21:23:35.311 [Test worker] DEBUG org.hibernate.type.BasicTypeRegistry - Adding type registration java.util.Calendar -> org.hibernate.type.CalendarType@3cb2e5fe
21:23:35.311 [Test worker] DEBUG org.hibernate.type.BasicTypeRegistry - Adding type registration java.util.GregorianCalendar -> org.hibernate.type.CalendarType@3cb2e5fe
21:23:35.311 [Test worker] DEBUG org.hibernate.type.BasicTypeRegistry - Adding type registration calendar_date -> org.hibernate.type.CalendarDateType@585810b4
21:23:35.311 [Test worker] DEBUG org.hibernate.type.BasicTypeRegistry - Adding type registration locale -> org.hibernate.type.LocaleType@e1a7d31
21:23:35.311 [Test worker] DEBUG org.hibernate.type.BasicTypeRegistry - Adding type registration java.util.Locale -> org.hibernate.type.LocaleType@e1a7d31
21:23:35.311 [Test worker] DEBUG org.hibernate.type.BasicTypeRegistry - Adding type registration currency -> org.hibernate.type.CurrencyType@1940e85f
21:23:35.311 [Test worker] DEBUG org.hibernate.type.BasicTypeRegistry - Adding type registration java.util.Currency -> org.hibernate.type.CurrencyType@1940e85f
21:23:35.311 [Test worker] DEBUG org.hibernate.type.BasicTypeRegistry - Adding type registration timezone -> org.hibernate.type.TimeZoneType@e918155
21:23:35.311 [Test worker] DEBUG org.hibernate.type.BasicTypeRegistry - Adding type registration java.util.TimeZone -> org.hibernate.type.TimeZoneType@e918155
21:23:35.311 [Test worker] DEBUG org.hibernate.type.BasicTypeRegistry - Adding type registration class -> org.hibernate.type.ClassType@e786916
21:23:35.311 [Test worker] DEBUG org.hibernate.type.BasicTypeRegistry - Adding type registration java.lang.Class -> org.hibernate.type.ClassType@e786916
21:23:35.311 [Test worker] DEBUG org.hibernate.type.BasicTypeRegistry - Adding type registration uuid-binary -> org.hibernate.type.UUIDBinaryType@6e566b02
21:23:35.311 [Test worker] DEBUG org.hibernate.type.BasicTypeRegistry - Adding type registration java.util.UUID -> org.hibernate.type.UUIDBinaryType@6e566b02
21:23:35.311 [Test worker] DEBUG org.hibernate.type.BasicTypeRegistry - Adding type registration uuid-char -> org.hibernate.type.UUIDCharType@64c62bd0
21:23:35.327 [Test worker] DEBUG org.hibernate.type.BasicTypeRegistry - Adding type registration binary -> org.hibernate.type.BinaryType@642a764e
21:23:35.327 [Test worker] DEBUG org.hibernate.type.BasicTypeRegistry - Adding type registration byte[] -> org.hibernate.type.BinaryType@642a764e
21:23:35.327 [Test worker] DEBUG org.hibernate.type.BasicTypeRegistry - Adding type registration [B -> org.hibernate.type.BinaryType@642a764e
21:23:35.327 [Test worker] DEBUG org.hibernate.type.BasicTypeRegistry - Adding type registration wrapper-binary -> org.hibernate.type.WrapperBinaryType@e82cb90
21:23:35.327 [Test worker] DEBUG org.hibernate.type.BasicTypeRegistry - Adding type registration Byte[] -> org.hibernate.type.WrapperBinaryType@e82cb90
21:23:35.327 [Test worker] DEBUG org.hibernate.type.BasicTypeRegistry - Adding type registration [Ljava.lang.Byte; -> org.hibernate.type.WrapperBinaryType@e82cb90
21:23:35.327 [Test worker] DEBUG org.hibernate.type.BasicTypeRegistry - Adding type registration row_version -> org.hibernate.type.RowVersionType@7733fd61
21:23:35.327 [Test worker] DEBUG org.hibernate.type.BasicTypeRegistry - Adding type registration image -> org.hibernate.type.ImageType@46fcfd66
21:23:35.327 [Test worker] DEBUG org.hibernate.type.BasicTypeRegistry - Adding type registration characters -> org.hibernate.type.CharArrayType@69c4ee02
21:23:35.327 [Test worker] DEBUG org.hibernate.type.BasicTypeRegistry - Adding type registration char[] -> org.hibernate.type.CharArrayType@69c4ee02
21:23:35.327 [Test worker] DEBUG org.hibernate.type.BasicTypeRegistry - Adding type registration [C -> org.hibernate.type.CharArrayType@69c4ee02
21:23:35.327 [Test worker] DEBUG org.hibernate.type.BasicTypeRegistry - Adding type registration wrapper-characters -> org.hibernate.type.CharacterArrayType@52112c45
21:23:35.327 [Test worker] DEBUG org.hibernate.type.BasicTypeRegistry - Adding type registration [Ljava.lang.Character; -> org.hibernate.type.CharacterArrayType@52112c45
21:23:35.327 [Test worker] DEBUG org.hibernate.type.BasicTypeRegistry - Adding type registration Character[] -> org.hibernate.type.CharacterArrayType@52112c45
21:23:35.327 [Test worker] DEBUG org.hibernate.type.BasicTypeRegistry - Adding type registration text -> org.hibernate.type.TextType@7a1c40ce
21:23:35.327 [Test worker] DEBUG org.hibernate.type.BasicTypeRegistry - Adding type registration ntext -> org.hibernate.type.NTextType@ad8461c
21:23:35.343 [Test worker] DEBUG org.hibernate.type.BasicTypeRegistry - Adding type registration blob -> org.hibernate.type.BlobType@3067b4e7
21:23:35.343 [Test worker] DEBUG org.hibernate.type.BasicTypeRegistry - Adding type registration java.sql.Blob -> org.hibernate.type.BlobType@3067b4e7
21:23:35.343 [Test worker] DEBUG org.hibernate.type.BasicTypeRegistry - Adding type registration materialized_blob -> org.hibernate.type.MaterializedBlobType@68b6667d
21:23:35.343 [Test worker] DEBUG org.hibernate.type.BasicTypeRegistry - Adding type registration clob -> org.hibernate.type.ClobType@278fef60
21:23:35.343 [Test worker] DEBUG org.hibernate.type.BasicTypeRegistry - Adding type registration java.sql.Clob -> org.hibernate.type.ClobType@278fef60
21:23:35.358 [Test worker] DEBUG org.hibernate.type.BasicTypeRegistry - Adding type registration nclob -> org.hibernate.type.NClobType@268c270c
21:23:35.358 [Test worker] DEBUG org.hibernate.type.BasicTypeRegistry - Adding type registration java.sql.NClob -> org.hibernate.type.NClobType@268c270c
21:23:35.358 [Test worker] DEBUG org.hibernate.type.BasicTypeRegistry - Adding type registration materialized_clob -> org.hibernate.type.MaterializedClobType@1bce048a
21:23:35.358 [Test worker] DEBUG org.hibernate.type.BasicTypeRegistry - Adding type registration materialized_nclob -> org.hibernate.type.MaterializedNClobType@4ee90a1a
21:23:35.358 [Test worker] DEBUG org.hibernate.type.BasicTypeRegistry - Adding type registration serializable -> org.hibernate.type.SerializableType@3430463d
21:23:35.358 [Test worker] DEBUG org.hibernate.type.BasicTypeRegistry - Adding type registration object -> org.hibernate.type.ObjectType@4b822d8a
21:23:35.358 [Test worker] DEBUG org.hibernate.type.BasicTypeRegistry - Adding type registration java.lang.Object -> org.hibernate.type.ObjectType@4b822d8a
21:23:35.358 [Test worker] DEBUG org.hibernate.type.BasicTypeRegistry - Adding type registration imm_date -> org.hibernate.type.AdaptedImmutableType@3fe2aa81
21:23:35.358 [Test worker] DEBUG org.hibernate.type.BasicTypeRegistry - Adding type registration imm_time -> org.hibernate.type.AdaptedImmutableType@65563e8a
21:23:35.358 [Test worker] DEBUG org.hibernate.type.BasicTypeRegistry - Adding type registration imm_timestamp -> org.hibernate.type.AdaptedImmutableType@4dc0f62c
21:23:35.358 [Test worker] DEBUG org.hibernate.type.BasicTypeRegistry - Adding type registration imm_dbtimestamp -> org.hibernate.type.AdaptedImmutableType@315b9f73
21:23:35.358 [Test worker] DEBUG org.hibernate.type.BasicTypeRegistry - Adding type registration imm_calendar -> org.hibernate.type.AdaptedImmutableType@1bc79d7b
21:23:35.358 [Test worker] DEBUG org.hibernate.type.BasicTypeRegistry - Adding type registration imm_calendar_date -> org.hibernate.type.AdaptedImmutableType@4fb142e7
21:23:35.358 [Test worker] DEBUG org.hibernate.type.BasicTypeRegistry - Adding type registration imm_binary -> org.hibernate.type.AdaptedImmutableType@50aacab
21:23:35.358 [Test worker] DEBUG org.hibernate.type.BasicTypeRegistry - Adding type registration imm_serializable -> org.hibernate.type.AdaptedImmutableType@68c71b7e
21:23:35.374 [Test worker] DEBUG o.s.j.d.SimpleDriverDataSource - Creating new JDBC Driver Connection to [jdbc:hsqldb:mem:testdb]
21:23:35.389 [Test worker] DEBUG o.h.e.j.e.i.JdbcEnvironmentInitiator - Database ->
       name : HSQL Database Engine
    version : 2.3.2
      major : 2
      minor : 3
21:23:35.389 [Test worker] DEBUG o.h.e.j.e.i.JdbcEnvironmentInitiator - Driver ->
       name : HSQL Database Engine Driver
    version : 2.3.2
      major : 2
      minor : 3
21:23:35.389 [Test worker] DEBUG o.h.e.j.e.i.JdbcEnvironmentInitiator - JDBC version : 4.0
21:23:35.405 [Test worker] INFO  org.hibernate.dialect.Dialect - HHH000400: Using dialect: org.hibernate.dialect.HSQLDialect
21:23:35.436 [Test worker] DEBUG o.h.e.j.e.s.IdentifierHelperBuilder - JDBC driver metadata reported database stores quoted identifiers in neither upper, lower nor mixed case
21:23:35.483 [Test worker] DEBUG o.h.i.f.i.DefaultIdentifierGeneratorFactory - Registering IdentifierGenerator strategy [uuid2] -> [org.hibernate.id.UUIDGenerator]
21:23:35.483 [Test worker] DEBUG o.h.i.f.i.DefaultIdentifierGeneratorFactory - Registering IdentifierGenerator strategy [guid] -> [org.hibernate.id.GUIDGenerator]
21:23:35.483 [Test worker] DEBUG o.h.i.f.i.DefaultIdentifierGeneratorFactory - Registering IdentifierGenerator strategy [uuid] -> [org.hibernate.id.UUIDHexGenerator]
[...]
21:23:39.019 [Test worker] DEBUG o.s.t.annotation.ProfileValueUtils - Retrieved @ProfileValueSourceConfiguration [null] for test class [org.springframework.security.samples.config.SecurityConfigTests]
21:23:39.019 [Test worker] DEBUG o.s.t.annotation.ProfileValueUtils - Retrieved ProfileValueSource type [class org.springframework.test.annotation.SystemProfileValueSource] for class [org.springframework.security.samples.config.SecurityConfigTests]
21:23:39.019 [Test worker] DEBUG o.s.t.c.c.DefaultCacheAwareContextLoaderDelegate - Retrieved ApplicationContext from cache with key [[WebMergedContextConfiguration@1aa0e92b testClass = SecurityConfigTests, locations = '{}', classes = '{class org.springframework.security.samples.config.RootConfiguration, class org.springframework.security.samples.mvc.config.WebMvcConfiguration}', contextInitializerClasses = '[]', activeProfiles = '{}', propertySourceLocations = '{}', propertySourceProperties = '{}', contextCustomizers = set[[empty]], resourceBasePath = 'src/main/webapp', contextLoader = 'org.springframework.test.context.web.WebDelegatingSmartContextLoader', parent = [null]]]
21:23:39.019 [Test worker] DEBUG o.springframework.test.context.cache - Spring test ApplicationContext cache statistics: [DefaultContextCache@e6081b size = 1, maxSize = 32, parentContextCount = 0, hitCount = 19, missCount = 1]
21:23:39.020 [Test worker] DEBUG o.s.t.c.w.ServletTestExecutionListener - Setting up MockHttpServletRequest, MockHttpServletResponse, ServletWebRequest, and RequestContextHolder for test context [DefaultTestContext@146fbd8 testClass = SecurityConfigTests, testInstance = org.springframework.security.samples.config.SecurityConfigTests@61cc9c1f, testMethod = [null], testException = [null], mergedContextConfiguration = [WebMergedContextConfiguration@1aa0e92b testClass = SecurityConfigTests, locations = '{}', classes = '{class org.springframework.security.samples.config.RootConfiguration, class org.springframework.security.samples.mvc.config.WebMvcConfiguration}', contextInitializerClasses = '[]', activeProfiles = '{}', propertySourceLocations = '{}', propertySourceProperties = '{}', contextCustomizers = set[[empty]], resourceBasePath = 'src/main/webapp', contextLoader = 'org.springframework.test.context.web.WebDelegatingSmartContextLoader', parent = [null]]].
21:23:39.020 [Test worker] DEBUG o.s.t.c.s.DependencyInjectionTestExecutionListener - Performing dependency injection for test context [[DefaultTestContext@146fbd8 testClass = SecurityConfigTests, testInstance = org.springframework.security.samples.config.SecurityConfigTests@61cc9c1f, testMethod = [null], testException = [null], mergedContextConfiguration = [WebMergedContextConfiguration@1aa0e92b testClass = SecurityConfigTests, locations = '{}', classes = '{class org.springframework.security.samples.config.RootConfiguration, class org.springframework.security.samples.mvc.config.WebMvcConfiguration}', contextInitializerClasses = '[]', activeProfiles = '{}', propertySourceLocations = '{}', propertySourceProperties = '{}', contextCustomizers = set[[empty]], resourceBasePath = 'src/main/webapp', contextLoader = 'org.springframework.test.context.web.WebDelegatingSmartContextLoader', parent = [null]]]].
21:23:39.020 [Test worker] DEBUG o.s.t.c.c.DefaultCacheAwareContextLoaderDelegate - Retrieved ApplicationContext from cache with key [[WebMergedContextConfiguration@1aa0e92b testClass = SecurityConfigTests, locations = '{}', classes = '{class org.springframework.security.samples.config.RootConfiguration, class org.springframework.security.samples.mvc.config.WebMvcConfiguration}', contextInitializerClasses = '[]', activeProfiles = '{}', propertySourceLocations = '{}', propertySourceProperties = '{}', contextCustomizers = set[[empty]], resourceBasePath = 'src/main/webapp', contextLoader = 'org.springframework.test.context.web.WebDelegatingSmartContextLoader', parent = [null]]]
21:23:39.020 [Test worker] DEBUG o.springframework.test.context.cache - Spring test ApplicationContext cache statistics: [DefaultContextCache@e6081b size = 1, maxSize = 32, parentContextCount = 0, hitCount = 20, missCount = 1]
21:23:39.020 [Test worker] DEBUG o.s.b.f.annotation.InjectionMetadata - Processing injected element of bean 'org.springframework.security.samples.config.SecurityConfigTests': AutowiredFieldElement for private org.springframework.web.context.WebApplicationContext org.springframework.security.samples.config.SecurityConfigTests.context
21:23:39.020 [Test worker] DEBUG o.s.b.f.annotation.InjectionMetadata - Processing injected element of bean 'org.springframework.security.samples.config.SecurityConfigTests': AutowiredFieldElement for private javax.servlet.Filter org.springframework.security.samples.config.SecurityConfigTests.springSecurityFilterChain
21:23:39.020 [Test worker] DEBUG o.s.b.f.s.DefaultListableBeanFactory - Returning cached instance of singleton bean 'springSecurityFilterChain'
21:23:39.021 [Test worker] DEBUG o.s.t.w.s.TestDispatcherServlet - Initializing servlet ''
21:23:39.021 [Test worker] DEBUG o.s.w.c.s.StandardServletEnvironment - Adding [servletConfigInitParams] PropertySource with lowest search precedence
21:23:39.021 [Test worker] DEBUG o.s.w.c.s.StandardServletEnvironment - Adding [servletContextInitParams] PropertySource with lowest search precedence
21:23:39.021 [Test worker] DEBUG o.s.w.c.s.StandardServletEnvironment - Adding [systemProperties] PropertySource with lowest search precedence
21:23:39.021 [Test worker] DEBUG o.s.w.c.s.StandardServletEnvironment - Adding [systemEnvironment] PropertySource with lowest search precedence
21:23:39.022 [Test worker] DEBUG o.s.w.c.s.StandardServletEnvironment - Initialized StandardServletEnvironment with PropertySources [servletConfigInitParams,servletContextInitParams,systemProperties,systemEnvironment]
21:23:39.022 [Test worker] INFO  o.s.mock.web.MockServletContext - Initializing Spring FrameworkServlet ''
21:23:39.022 [Test worker] INFO  o.s.t.w.s.TestDispatcherServlet - FrameworkServlet '': initialization started
21:23:39.022 [Test worker] DEBUG o.s.t.w.s.TestDispatcherServlet - Unable to locate MultipartResolver with name 'multipartResolver': no multipart request handling provided
21:23:39.022 [Test worker] DEBUG o.s.b.f.s.DefaultListableBeanFactory - Creating instance of bean 'org.springframework.web.servlet.i18n.AcceptHeaderLocaleResolver'
21:23:39.022 [Test worker] DEBUG o.s.b.f.s.DefaultListableBeanFactory - Finished creating instance of bean 'org.springframework.web.servlet.i18n.AcceptHeaderLocaleResolver'
21:23:39.022 [Test worker] DEBUG o.s.t.w.s.TestDispatcherServlet - Unable to locate LocaleResolver with name 'localeResolver': using default [org.springframework.web.servlet.i18n.AcceptHeaderLocaleResolver@38f19f6d]
21:23:39.022 [Test worker] DEBUG o.s.b.f.s.DefaultListableBeanFactory - Creating instance of bean 'org.springframework.web.servlet.theme.FixedThemeResolver'
21:23:39.022 [Test worker] DEBUG o.s.b.f.s.DefaultListableBeanFactory - Finished creating instance of bean 'org.springframework.web.servlet.theme.FixedThemeResolver'
21:23:39.022 [Test worker] DEBUG o.s.t.w.s.TestDispatcherServlet - Unable to locate ThemeResolver with name 'themeResolver': using default [org.springframework.web.servlet.theme.FixedThemeResolver@538a42ad]
21:23:39.023 [Test worker] DEBUG o.s.b.f.s.DefaultListableBeanFactory - Returning cached instance of singleton bean 'resourceHandlerMapping'
21:23:39.023 [Test worker] DEBUG o.s.b.f.s.DefaultListableBeanFactory - Returning cached instance of singleton bean 'beanNameHandlerMapping'
21:23:39.023 [Test worker] DEBUG o.s.b.f.s.DefaultListableBeanFactory - Returning cached instance of singleton bean 'requestMappingHandlerMapping'
21:23:39.023 [Test worker] DEBUG o.s.b.f.s.DefaultListableBeanFactory - Returning cached instance of singleton bean 'defaultServletHandlerMapping'
21:23:39.023 [Test worker] DEBUG o.s.b.f.s.DefaultListableBeanFactory - Returning cached instance of singleton bean 'viewControllerHandlerMapping'
21:23:39.023 [Test worker] DEBUG o.s.b.f.s.DefaultListableBeanFactory - Returning cached instance of singleton bean 'requestMappingHandlerAdapter'
21:23:39.023 [Test worker] DEBUG o.s.b.f.s.DefaultListableBeanFactory - Returning cached instance of singleton bean 'simpleControllerHandlerAdapter'
21:23:39.023 [Test worker] DEBUG o.s.b.f.s.DefaultListableBeanFactory - Returning cached instance of singleton bean 'httpRequestHandlerAdapter'
21:23:39.024 [Test worker] DEBUG o.s.b.f.s.DefaultListableBeanFactory - Returning cached instance of singleton bean 'handlerExceptionResolver'
21:23:39.024 [Test worker] DEBUG o.s.b.f.s.DefaultListableBeanFactory - Creating instance of bean 'org.springframework.web.servlet.view.DefaultRequestToViewNameTranslator'
21:23:39.024 [Test worker] DEBUG o.s.b.f.s.DefaultListableBeanFactory - Finished creating instance of bean 'org.springframework.web.servlet.view.DefaultRequestToViewNameTranslator'
21:23:39.024 [Test worker] DEBUG o.s.t.w.s.TestDispatcherServlet - Unable to locate RequestToViewNameTranslator with name 'viewNameTranslator': using default [org.springframework.web.servlet.view.DefaultRequestToViewNameTranslator@562300a7]
21:23:39.024 [Test worker] DEBUG o.s.b.f.s.DefaultListableBeanFactory - Returning cached instance of singleton bean 'mvcViewResolver'
21:23:39.024 [Test worker] DEBUG o.s.b.f.s.DefaultListableBeanFactory - Returning cached instance of singleton bean 'viewResolver'
21:23:39.024 [Test worker] DEBUG o.s.b.f.s.DefaultListableBeanFactory - Creating instance of bean 'org.springframework.web.servlet.support.SessionFlashMapManager'
21:23:39.024 [Test worker] DEBUG o.s.b.f.s.DefaultListableBeanFactory - Finished creating instance of bean 'org.springframework.web.servlet.support.SessionFlashMapManager'
21:23:39.024 [Test worker] DEBUG o.s.t.w.s.TestDispatcherServlet - Unable to locate FlashMapManager with name 'flashMapManager': using default [org.springframework.web.servlet.support.SessionFlashMapManager@2f612d53]
21:23:39.024 [Test worker] DEBUG o.s.t.w.s.TestDispatcherServlet - Published WebApplicationContext of servlet '' as ServletContext attribute with name [org.springframework.web.servlet.FrameworkServlet.CONTEXT.]
21:23:39.024 [Test worker] INFO  o.s.t.w.s.TestDispatcherServlet - FrameworkServlet '': initialization completed in 2 ms
21:23:39.024 [Test worker] DEBUG o.s.t.w.s.TestDispatcherServlet - Servlet '' configured successfully
21:23:39.025 [Test worker] DEBUG o.s.b.f.s.DefaultListableBeanFactory - Returning cached instance of singleton bean 'springSecurityFilterChain'
21:23:39.025 [Test worker] DEBUG o.s.test.util.ReflectionTestUtils - Invoking method 'getFilters' on target object [FilterChainProxy[Filter Chains: [[ org.springframework.security.web.util.matcher.AnyRequestMatcher@1, [org.springframework.security.web.context.request.async.WebAsyncManagerIntegrationFilter@3831309b, org.springframework.security.web.context.SecurityContextPersistenceFilter@4dd05ea8, org.springframework.security.web.header.HeaderWriterFilter@229691df, org.springframework.security.web.csrf.CsrfFilter@50007666, org.springframework.security.web.authentication.logout.LogoutFilter@35c323cf, org.springframework.security.web.authentication.UsernamePasswordAuthenticationFilter@20303e8e, org.springframework.security.web.authentication.ui.DefaultLoginPageGeneratingFilter@4db5d11, org.springframework.security.web.authentication.www.BasicAuthenticationFilter@f2fa866, org.springframework.security.web.savedrequest.RequestCacheAwareFilter@574bcc4b, org.springframework.security.web.servletapi.SecurityContextHolderAwareRequestFilter@5681ac1f, org.springframework.security.web.authentication.AnonymousAuthenticationFilter@3b307211, org.springframework.security.web.session.SessionManagementFilter@5ee31201, org.springframework.security.web.access.ExceptionTranslationFilter@f1eacd8, org.springframework.security.web.access.intercept.FilterSecurityInterceptor@4068f181]]]]] with arguments {org.springframework.mock.web.MockHttpServletRequest@1b5fc525}
21:23:39.025 [Test worker] DEBUG o.s.test.util.ReflectionTestUtils - Getting field 'tokenRepository' from target object [org.springframework.security.web.csrf.CsrfFilter@50007666] or target class [class org.springframework.security.web.csrf.CsrfFilter]
21:23:39.025 [Test worker] DEBUG o.s.security.web.FilterChainProxy - /login at position 1 of 14 in additional filter chain; firing Filter: 'WebAsyncManagerIntegrationFilter'
21:23:39.025 [Test worker] DEBUG o.s.security.web.FilterChainProxy - /login at position 2 of 14 in additional filter chain; firing Filter: 'SecurityContextPersistenceFilter'
21:23:39.025 [Test worker] DEBUG o.s.s.w.c.HttpSessionSecurityContextRepository - No HttpSession currently exists
21:23:39.026 [Test worker] DEBUG o.s.s.w.c.HttpSessionSecurityContextRepository - No SecurityContext was available from the HttpSession: null. A new one will be created.
21:23:39.026 [Test worker] DEBUG o.s.security.web.FilterChainProxy - /login at position 3 of 14 in additional filter chain; firing Filter: 'HeaderWriterFilter'
21:23:39.026 [Test worker] DEBUG o.s.s.w.h.writers.HstsHeaderWriter - Not injecting HSTS header since it did not match the requestMatcher org.springframework.security.web.header.writers.HstsHeaderWriter$SecureRequestMatcher@56aebca5
21:23:39.026 [Test worker] DEBUG o.s.security.web.FilterChainProxy - /login at position 4 of 14 in additional filter chain; firing Filter: 'CsrfFilter'
21:23:39.026 [Test worker] DEBUG o.s.security.web.FilterChainProxy - /login at position 5 of 14 in additional filter chain; firing Filter: 'LogoutFilter'
21:23:39.026 [Test worker] DEBUG o.s.s.w.u.m.AntPathRequestMatcher - Checking match of request : '/login'; against '/logout'
21:23:39.026 [Test worker] DEBUG o.s.security.web.FilterChainProxy - /login at position 6 of 14 in additional filter chain; firing Filter: 'UsernamePasswordAuthenticationFilter'
21:23:39.026 [Test worker] DEBUG o.s.s.w.u.m.AntPathRequestMatcher - Checking match of request : '/login'; against '/login'
21:23:39.026 [Test worker] DEBUG o.s.s.w.a.UsernamePasswordAuthenticationFilter - Request is to process authentication
21:23:39.026 [Test worker] DEBUG o.s.s.authentication.ProviderManager - Authentication attempt using org.springframework.security.authentication.dao.DaoAuthenticationProvider
21:23:39.026 [Test worker] DEBUG o.s.s.w.a.s.CompositeSessionAuthenticationStrategy - Delegating to org.springframework.security.web.authentication.session.SessionFixationProtectionStrategy@2d3a0699
21:23:39.026 [Test worker] DEBUG o.s.s.w.a.s.CompositeSessionAuthenticationStrategy - Delegating to org.springframework.security.web.csrf.CsrfAuthenticationStrategy@1ac163c9
21:23:39.026 [Test worker] DEBUG o.s.s.w.a.UsernamePasswordAuthenticationFilter - Authentication success. Updating SecurityContextHolder to contain: org.springframework.security.authentication.UsernamePasswordAuthenticationToken@442b7c85: Principal: org.springframework.security.core.userdetails.User@36ebcb: Username: user; Password: [PROTECTED]; Enabled: true; AccountNonExpired: true; credentialsNonExpired: true; AccountNonLocked: true; Granted Authorities: ROLE_USER; Credentials: [PROTECTED]; Authenticated: true; Details: org.springframework.security.web.authentication.WebAuthenticationDetails@957e: RemoteIpAddress: 127.0.0.1; SessionId: null; Granted Authorities: ROLE_USER
21:23:39.027 [Test worker] DEBUG o.s.b.f.s.DefaultListableBeanFactory - Returning cached instance of singleton bean 'delegatingApplicationListener'
21:23:39.027 [Test worker] DEBUG o.s.s.w.a.SavedRequestAwareAuthenticationSuccessHandler - Using default Url: /
21:23:39.027 [Test worker] DEBUG o.s.s.web.DefaultRedirectStrategy - Redirecting to '/'
21:23:39.027 [Test worker] DEBUG o.s.s.w.c.HttpSessionSecurityContextRepository - HttpSession being created as SecurityContext is non-default
21:23:39.027 [Test worker] DEBUG o.s.s.w.c.HttpSessionSecurityContextRepository - SecurityContext 'org.springframework.security.core.context.SecurityContextImpl@442b7c85: Authentication: org.springframework.security.authentication.UsernamePasswordAuthenticationToken@442b7c85: Principal: org.springframework.security.core.userdetails.User@36ebcb: Username: user; Password: [PROTECTED]; Enabled: true; AccountNonExpired: true; credentialsNonExpired: true; AccountNonLocked: true; Granted Authorities: ROLE_USER; Credentials: [PROTECTED]; Authenticated: true; Details: org.springframework.security.web.authentication.WebAuthenticationDetails@957e: RemoteIpAddress: 127.0.0.1; SessionId: null; Granted Authorities: ROLE_USER' stored to HttpSession: 'org.springframework.mock.web.MockHttpSession@17975ff5
21:23:39.027 [Test worker] DEBUG o.s.s.w.c.SecurityContextPersistenceFilter - SecurityContextHolder now cleared, as request processing completed
21:23:39.027 [Test worker] DEBUG o.s.t.c.s.AbstractDirtiesContextTestExecutionListener - After test method: context [DefaultTestContext@146fbd8 testClass = SecurityConfigTests, testInstance = org.springframework.security.samples.config.SecurityConfigTests@61cc9c1f, testMethod = loginSuccess@SecurityConfigTests, testException = [null], mergedContextConfiguration = [WebMergedContextConfiguration@1aa0e92b testClass = SecurityConfigTests, locations = '{}', classes = '{class org.springframework.security.samples.config.RootConfiguration, class org.springframework.security.samples.mvc.config.WebMvcConfiguration}', contextInitializerClasses = '[]', activeProfiles = '{}', propertySourceLocations = '{}', propertySourceProperties = '{}', contextCustomizers = set[[empty]], resourceBasePath = 'src/main/webapp', contextLoader = 'org.springframework.test.context.web.WebDelegatingSmartContextLoader', parent = [null]]], class annotated with @DirtiesContext [false] with mode [null], method annotated with @DirtiesContext [false] with mode [null].
21:23:39.027 [Test worker] DEBUG o.s.t.c.w.ServletTestExecutionListener - Resetting RequestContextHolder for test context [DefaultTestContext@146fbd8 testClass = SecurityConfigTests, testInstance = org.springframework.security.samples.config.SecurityConfigTests@61cc9c1f, testMethod = loginSuccess@SecurityConfigTests, testException = [null], mergedContextConfiguration = [WebMergedContextConfiguration@1aa0e92b testClass = SecurityConfigTests, locations = '{}', classes = '{class org.springframework.security.samples.config.RootConfiguration, class org.springframework.security.samples.mvc.config.WebMvcConfiguration}', contextInitializerClasses = '[]', activeProfiles = '{}', propertySourceLocations = '{}', propertySourceProperties = '{}', contextCustomizers = set[[empty]], resourceBasePath = 'src/main/webapp', contextLoader = 'org.springframework.test.context.web.WebDelegatingSmartContextLoader', parent = [null]]].
21:23:39.028 [Test worker] DEBUG o.s.t.c.s.AbstractDirtiesContextTestExecutionListener - After test class: context [DefaultTestContext@146fbd8 testClass = SecurityConfigTests, testInstance = [null], testMethod = [null], testException = [null], mergedContextConfiguration = [WebMergedContextConfiguration@1aa0e92b testClass = SecurityConfigTests, locations = '{}', classes = '{class org.springframework.security.samples.config.RootConfiguration, class org.springframework.security.samples.mvc.config.WebMvcConfiguration}', contextInitializerClasses = '[]', activeProfiles = '{}', propertySourceLocations = '{}', propertySourceProperties = '{}', contextCustomizers = set[[empty]], resourceBasePath = 'src/main/webapp', contextLoader = 'org.springframework.test.context.web.WebDelegatingSmartContextLoader', parent = [null]]], class annotated with @DirtiesContext [false] with mode [null].
]]></system-out>
  <system-err><![CDATA[]]></system-err>
</testsuite>
